2024-07-28 20:30:36,236 INFO SPI service [com.alipay.sofa.jraft.JRaftServiceFactory - com.alipay.sofa.jraft.core.DefaultJRaftServiceFactory] loading.

2024-07-28 20:30:36,268 INFO SPI service [com.alipay.sofa.jraft.rpc.RaftRpcFactory - com.alipay.sofa.jraft.rpc.impl.GrpcRaftRpcFactory] loading.

2024-07-28 20:30:36,426 INFO SPI service [com.alipay.sofa.jraft.util.JRaftSignalHandler - com.alipay.sofa.jraft.NodeDescribeSignalHandler] loading.

2024-07-28 20:30:36,426 INFO SPI service [com.alipay.sofa.jraft.util.JRaftSignalHandler - com.alipay.sofa.jraft.NodeMetricsSignalHandler] loading.

2024-07-28 20:30:36,427 INFO SPI service [com.alipay.sofa.jraft.util.JRaftSignalHandler - com.alipay.sofa.jraft.ThreadPoolMetricsSignalHandler] loading.

2024-07-28 20:30:36,428 INFO SPI service [com.alipay.sofa.jraft.util.timer.RaftTimerFactory - com.alipay.sofa.jraft.util.timer.DefaultRaftTimerFactory] loading.

2024-07-28 20:30:36,429 INFO The number of active nodes increment to 1.

2024-07-28 20:30:36,578 INFO Starts FSMCaller successfully.

2024-07-28 20:30:36,582 WARN No data for snapshot reader /home/nacos/data/protocol/raft/naming_persistent_service_v2/snapshot.

2024-07-28 20:30:36,589 INFO Node <naming_persistent_service_v2/53a5d3f47f76:7848> init, term=0, lastLogId=LogId [index=0, term=0], conf=53a5d3f47f76:7848, oldConf=.

2024-07-28 20:30:36,590 INFO Node <naming_persistent_service_v2/53a5d3f47f76:7848> start vote and grant vote self, term=0.

2024-07-28 20:30:36,611 INFO Save raft meta, path=/home/nacos/data/protocol/raft/naming_persistent_service_v2/meta-data, term=1, votedFor=53a5d3f47f76:7848, cost time=16 ms

2024-07-28 20:30:36,611 INFO Node <naming_persistent_service_v2/53a5d3f47f76:7848> become leader of group, term=1, conf=53a5d3f47f76:7848, oldConf=.

2024-07-28 20:30:36,613 INFO -Djraft.recyclers.maxCapacityPerThread: 4096.

2024-07-28 20:30:36,615 WARN RPC server is not started in RaftGroupService.

2024-07-28 20:30:36,615 INFO Start the RaftGroupService successfully.

2024-07-28 20:30:36,623 INFO The number of active nodes increment to 2.

2024-07-28 20:30:36,629 INFO onLeaderStart: term=1.

2024-07-28 20:30:36,661 INFO Creating new channel to: 53a5d3f47f76:7848.

2024-07-28 20:30:36,679 INFO Starts FSMCaller successfully.

2024-07-28 20:30:36,679 WARN No data for snapshot reader /home/nacos/data/protocol/raft/naming_instance_metadata/snapshot.

2024-07-28 20:30:36,680 INFO Node <naming_instance_metadata/53a5d3f47f76:7848> init, term=0, lastLogId=LogId [index=0, term=0], conf=53a5d3f47f76:7848, oldConf=.

2024-07-28 20:30:36,680 INFO Node <naming_instance_metadata/53a5d3f47f76:7848> start vote and grant vote self, term=0.

2024-07-28 20:30:36,686 INFO Save raft meta, path=/home/nacos/data/protocol/raft/naming_instance_metadata/meta-data, term=1, votedFor=53a5d3f47f76:7848, cost time=6 ms

2024-07-28 20:30:36,686 INFO Node <naming_instance_metadata/53a5d3f47f76:7848> become leader of group, term=1, conf=53a5d3f47f76:7848, oldConf=.

2024-07-28 20:30:36,686 WARN RPC server is not started in RaftGroupService.

2024-07-28 20:30:36,686 INFO Start the RaftGroupService successfully.

2024-07-28 20:30:36,687 INFO The channel 53a5d3f47f76:7848 is in state: CONNECTING.

2024-07-28 20:30:36,688 INFO The number of active nodes increment to 3.

2024-07-28 20:30:36,693 INFO onLeaderStart: term=1.

2024-07-28 20:30:36,752 INFO Starts FSMCaller successfully.

2024-07-28 20:30:36,752 WARN No data for snapshot reader /home/nacos/data/protocol/raft/naming_service_metadata/snapshot.

2024-07-28 20:30:36,753 INFO Node <naming_service_metadata/53a5d3f47f76:7848> init, term=0, lastLogId=LogId [index=0, term=0], conf=53a5d3f47f76:7848, oldConf=.

2024-07-28 20:30:36,753 INFO Node <naming_service_metadata/53a5d3f47f76:7848> start vote and grant vote self, term=0.

2024-07-28 20:30:36,755 INFO The channel 53a5d3f47f76:7848 is in state: READY.

2024-07-28 20:30:36,755 INFO The channel 53a5d3f47f76:7848 has successfully established.

2024-07-28 20:30:36,759 INFO Save raft meta, path=/home/nacos/data/protocol/raft/naming_service_metadata/meta-data, term=1, votedFor=53a5d3f47f76:7848, cost time=7 ms

2024-07-28 20:30:36,759 INFO Node <naming_service_metadata/53a5d3f47f76:7848> become leader of group, term=1, conf=53a5d3f47f76:7848, oldConf=.

2024-07-28 20:30:36,759 WARN RPC server is not started in RaftGroupService.

2024-07-28 20:30:36,759 INFO Start the RaftGroupService successfully.

2024-07-28 20:30:36,763 INFO onLeaderStart: term=1.

2024-07-28 20:36:54,761 INFO Node <naming_service_metadata/53a5d3f47f76:7848> shutdown, currTerm=1 state=STATE_LEADER.

2024-07-28 20:36:54,762 INFO Fail to find the next candidate.

2024-07-28 20:36:54,762 INFO onLeaderStop: status=Status[ESHUTDOWN<1007>: Raft node is going to quit.].

2024-07-28 20:36:54,769 INFO Save raft meta, path=/home/nacos/data/protocol/raft/naming_service_metadata/meta-data, term=1, votedFor=53a5d3f47f76:7848, cost time=6 ms

2024-07-28 20:36:54,769 INFO Shutting down FSMCaller...

2024-07-28 20:36:54,769 INFO onShutdown.

2024-07-28 20:36:54,769 INFO ThreadPool is terminated: JRaft-RPC-Processor, com.alipay.sofa.jraft.util.MetricThreadPoolExecutor@1bd4cf71[Shutting down, pool size = 0, active threads = 0, queued tasks = 0, completed tasks = 0].

2024-07-28 20:36:54,769 INFO ThreadPool is terminated: JRaft-Node-ScheduleThreadPool, com.alipay.sofa.jraft.util.MetricScheduledThreadPoolExecutor@4e7ba248[Shutting down, pool size = 0, active threads = 0, queued tasks = 0, completed tasks = 0].

2024-07-28 20:36:54,770 INFO Destroy timer: RepeatedTimer{timeout=null, stopped=true, running=false, destroyed=true, invoking=false, timeoutMs=5000, name='JRaft-ElectionTimer-<naming_service_metadata/53a5d3f47f76:7848>'}.

2024-07-28 20:36:54,770 INFO Destroy timer: RepeatedTimer{timeout=null, stopped=true, running=false, destroyed=true, invoking=false, timeoutMs=5000, name='JRaft-VoteTimer-<naming_service_metadata/53a5d3f47f76:7848>'}.

2024-07-28 20:36:54,770 INFO Destroy timer: RepeatedTimer{timeout=null, stopped=true, running=false, destroyed=true, invoking=false, timeoutMs=2500, name='JRaft-StepDownTimer-<naming_service_metadata/53a5d3f47f76:7848>'}.

2024-07-28 20:36:54,770 INFO Destroy timer: RepeatedTimer{timeout=null, stopped=true, running=false, destroyed=true, invoking=false, timeoutMs=1800000, name='JRaft-SnapshotTimer-<naming_service_metadata/53a5d3f47f76:7848>'}.

2024-07-28 20:36:54,770 INFO Node <naming_service_metadata/53a5d3f47f76:7848> shutdown, currTerm=1 state=STATE_SHUTTING.

2024-07-28 20:36:54,770 INFO The number of active nodes decrement to 2.

2024-07-28 20:36:54,770 INFO Stop the RaftGroupService successfully.

2024-07-28 20:36:54,770 INFO Node <naming_instance_metadata/53a5d3f47f76:7848> shutdown, currTerm=1 state=STATE_LEADER.

2024-07-28 20:36:54,770 INFO Fail to find the next candidate.

2024-07-28 20:36:54,770 INFO onLeaderStop: status=Status[ESHUTDOWN<1007>: Raft node is going to quit.].

2024-07-28 20:36:54,772 INFO DB destroyed, the db path is: /home/nacos/data/protocol/raft/naming_service_metadata/log.

2024-07-28 20:36:54,776 INFO Save raft meta, path=/home/nacos/data/protocol/raft/naming_instance_metadata/meta-data, term=1, votedFor=53a5d3f47f76:7848, cost time=5 ms

2024-07-28 20:36:54,776 INFO Shutting down FSMCaller...

2024-07-28 20:36:54,776 INFO onShutdown.

2024-07-28 20:36:54,776 INFO ThreadPool is terminated: JRaft-RPC-Processor, com.alipay.sofa.jraft.util.MetricThreadPoolExecutor@11861bb8[Shutting down, pool size = 0, active threads = 0, queued tasks = 0, completed tasks = 0].

2024-07-28 20:36:54,776 INFO ThreadPool is terminated: JRaft-Node-ScheduleThreadPool, com.alipay.sofa.jraft.util.MetricScheduledThreadPoolExecutor@55887aa0[Shutting down, pool size = 0, active threads = 0, queued tasks = 0, completed tasks = 0].

2024-07-28 20:36:54,776 INFO Destroy timer: RepeatedTimer{timeout=null, stopped=true, running=false, destroyed=true, invoking=false, timeoutMs=5000, name='JRaft-ElectionTimer-<naming_instance_metadata/53a5d3f47f76:7848>'}.

2024-07-28 20:36:54,776 INFO Destroy timer: RepeatedTimer{timeout=null, stopped=true, running=false, destroyed=true, invoking=false, timeoutMs=5000, name='JRaft-VoteTimer-<naming_instance_metadata/53a5d3f47f76:7848>'}.

2024-07-28 20:36:54,776 INFO Destroy timer: RepeatedTimer{timeout=null, stopped=true, running=false, destroyed=true, invoking=false, timeoutMs=2500, name='JRaft-StepDownTimer-<naming_instance_metadata/53a5d3f47f76:7848>'}.

2024-07-28 20:36:54,776 INFO Destroy timer: RepeatedTimer{timeout=null, stopped=true, running=false, destroyed=true, invoking=false, timeoutMs=1800000, name='JRaft-SnapshotTimer-<naming_instance_metadata/53a5d3f47f76:7848>'}.

2024-07-28 20:36:54,776 INFO Node <naming_instance_metadata/53a5d3f47f76:7848> shutdown, currTerm=1 state=STATE_SHUTTING.

2024-07-28 20:36:54,776 INFO The number of active nodes decrement to 1.

2024-07-28 20:36:54,776 INFO Stop the RaftGroupService successfully.

2024-07-28 20:36:54,776 INFO Node <naming_persistent_service_v2/53a5d3f47f76:7848> shutdown, currTerm=1 state=STATE_LEADER.

2024-07-28 20:36:54,776 INFO Fail to find the next candidate.

2024-07-28 20:36:54,776 INFO onLeaderStop: status=Status[ESHUTDOWN<1007>: Raft node is going to quit.].

2024-07-28 20:36:54,777 INFO DB destroyed, the db path is: /home/nacos/data/protocol/raft/naming_instance_metadata/log.

2024-07-28 20:36:54,783 INFO Save raft meta, path=/home/nacos/data/protocol/raft/naming_persistent_service_v2/meta-data, term=1, votedFor=53a5d3f47f76:7848, cost time=6 ms

2024-07-28 20:36:54,783 INFO Shutting down FSMCaller...

2024-07-28 20:36:54,783 INFO onShutdown.

2024-07-28 20:36:54,783 INFO ThreadPool is terminated: JRaft-RPC-Processor, com.alipay.sofa.jraft.util.MetricThreadPoolExecutor@a3b00cd[Shutting down, pool size = 0, active threads = 0, queued tasks = 0, completed tasks = 0].

2024-07-28 20:36:54,783 INFO ThreadPool is terminated: JRaft-Node-ScheduleThreadPool, com.alipay.sofa.jraft.util.MetricScheduledThreadPoolExecutor@5ed56a0f[Shutting down, pool size = 0, active threads = 0, queued tasks = 0, completed tasks = 0].

2024-07-28 20:36:54,784 INFO The number of active nodes decrement to 0.

2024-07-28 20:36:54,784 INFO ThreadPool is terminated: JRaft-Global-ElectionTimer, com.alipay.sofa.jraft.util.MetricScheduledThreadPoolExecutor@37e1751a[Shutting down, pool size = 0, active threads = 0, queued tasks = 0, completed tasks = 3].

2024-07-28 20:36:54,784 INFO Destroy timer: RepeatedTimer{timeout=null, stopped=true, running=false, destroyed=true, invoking=false, timeoutMs=5000, name='JRaft-ElectionTimer-<naming_persistent_service_v2/53a5d3f47f76:7848>'}.

2024-07-28 20:36:54,785 INFO ThreadPool is terminated: JRaft-Global-VoteTimer, com.alipay.sofa.jraft.util.MetricScheduledThreadPoolExecutor@4ab6c948[Shutting down, pool size = 0, active threads = 0, queued tasks = 0, completed tasks = 3].

2024-07-28 20:36:54,785 INFO Destroy timer: RepeatedTimer{timeout=null, stopped=true, running=false, destroyed=true, invoking=false, timeoutMs=5000, name='JRaft-VoteTimer-<naming_persistent_service_v2/53a5d3f47f76:7848>'}.

2024-07-28 20:36:54,787 INFO ThreadPool is terminated: JRaft-Global-StepDownTimer, com.alipay.sofa.jraft.util.MetricScheduledThreadPoolExecutor@48ba9f50[Shutting down, pool size = 1, active threads = 0, queued tasks = 0, completed tasks = 453].

2024-07-28 20:36:54,787 INFO Destroy timer: RepeatedTimer{timeout=null, stopped=true, running=false, destroyed=true, invoking=false, timeoutMs=2500, name='JRaft-StepDownTimer-<naming_persistent_service_v2/53a5d3f47f76:7848>'}.

2024-07-28 20:36:54,787 INFO ThreadPool is terminated: JRaft-Global-SnapshotTimer, com.alipay.sofa.jraft.util.MetricScheduledThreadPoolExecutor@ac532e7[Shutting down, pool size = 0, active threads = 0, queued tasks = 0, completed tasks = 0].

2024-07-28 20:36:54,787 INFO Destroy timer: RepeatedTimer{timeout=null, stopped=true, running=false, destroyed=true, invoking=false, timeoutMs=1800000, name='JRaft-SnapshotTimer-<naming_persistent_service_v2/53a5d3f47f76:7848>'}.

2024-07-28 20:36:54,787 INFO Node <naming_persistent_service_v2/53a5d3f47f76:7848> shutdown, currTerm=1 state=STATE_SHUTTING.

2024-07-28 20:36:54,787 INFO Stop the RaftGroupService successfully.

2024-07-28 20:36:54,787 INFO Shutdown managed channel: 53a5d3f47f76:7848, ManagedChannelOrphanWrapper{delegate=ManagedChannelImpl{logId=10, target=53a5d3f47f76:7848}}.

2024-07-28 20:36:54,788 INFO The channel 53a5d3f47f76:7848 is in state: SHUTDOWN.

2024-07-28 20:36:54,788 WARN This channel 53a5d3f47f76:7848 has started shutting down. Any new RPCs should fail immediately.

2024-07-28 20:36:54,788 INFO DB destroyed, the db path is: /home/nacos/data/protocol/raft/naming_persistent_service_v2/log.

2024-07-28 20:36:54,790 INFO Connection disconnected: /172.19.0.5:57296

2024-07-28 20:36:54,791 INFO ThreadPool is terminated: JRaft-RPC-Processor, com.alipay.sofa.jraft.util.MetricThreadPoolExecutor@665f75f8[Shutting down, pool size = 2, active threads = 0, queued tasks = 0, completed tasks = 272].

2024-07-28 20:41:46,407 INFO SPI service [com.alipay.sofa.jraft.JRaftServiceFactory - com.alipay.sofa.jraft.core.DefaultJRaftServiceFactory] loading.

2024-07-28 20:41:46,439 INFO SPI service [com.alipay.sofa.jraft.rpc.RaftRpcFactory - com.alipay.sofa.jraft.rpc.impl.GrpcRaftRpcFactory] loading.

2024-07-28 20:41:46,579 INFO SPI service [com.alipay.sofa.jraft.util.JRaftSignalHandler - com.alipay.sofa.jraft.NodeDescribeSignalHandler] loading.

2024-07-28 20:41:46,580 INFO SPI service [com.alipay.sofa.jraft.util.JRaftSignalHandler - com.alipay.sofa.jraft.NodeMetricsSignalHandler] loading.

2024-07-28 20:41:46,580 INFO SPI service [com.alipay.sofa.jraft.util.JRaftSignalHandler - com.alipay.sofa.jraft.ThreadPoolMetricsSignalHandler] loading.

2024-07-28 20:41:46,581 INFO SPI service [com.alipay.sofa.jraft.util.timer.RaftTimerFactory - com.alipay.sofa.jraft.util.timer.DefaultRaftTimerFactory] loading.

2024-07-28 20:41:46,582 INFO The number of active nodes increment to 1.

2024-07-28 20:41:46,711 INFO Starts FSMCaller successfully.

2024-07-28 20:41:46,714 WARN No data for snapshot reader /home/nacos/data/protocol/raft/naming_persistent_service_v2/snapshot.

2024-07-28 20:41:46,718 INFO Node <naming_persistent_service_v2/cc3254d46e88:7848> init, term=0, lastLogId=LogId [index=0, term=0], conf=cc3254d46e88:7848, oldConf=.

2024-07-28 20:41:46,719 INFO Node <naming_persistent_service_v2/cc3254d46e88:7848> start vote and grant vote self, term=0.

2024-07-28 20:41:46,735 INFO Save raft meta, path=/home/nacos/data/protocol/raft/naming_persistent_service_v2/meta-data, term=1, votedFor=cc3254d46e88:7848, cost time=13 ms

2024-07-28 20:41:46,735 INFO Node <naming_persistent_service_v2/cc3254d46e88:7848> become leader of group, term=1, conf=cc3254d46e88:7848, oldConf=.

2024-07-28 20:41:46,736 INFO -Djraft.recyclers.maxCapacityPerThread: 4096.

2024-07-28 20:41:46,738 WARN RPC server is not started in RaftGroupService.

2024-07-28 20:41:46,738 INFO Start the RaftGroupService successfully.

2024-07-28 20:41:46,743 INFO The number of active nodes increment to 2.

2024-07-28 20:41:46,751 INFO onLeaderStart: term=1.

2024-07-28 20:41:46,773 INFO Creating new channel to: cc3254d46e88:7848.

2024-07-28 20:41:46,792 INFO The channel cc3254d46e88:7848 is in state: CONNECTING.

2024-07-28 20:41:46,795 INFO Starts FSMCaller successfully.

2024-07-28 20:41:46,795 WARN No data for snapshot reader /home/nacos/data/protocol/raft/naming_instance_metadata/snapshot.

2024-07-28 20:41:46,796 INFO Node <naming_instance_metadata/cc3254d46e88:7848> init, term=0, lastLogId=LogId [index=0, term=0], conf=cc3254d46e88:7848, oldConf=.

2024-07-28 20:41:46,796 INFO Node <naming_instance_metadata/cc3254d46e88:7848> start vote and grant vote self, term=0.

2024-07-28 20:41:46,802 INFO Save raft meta, path=/home/nacos/data/protocol/raft/naming_instance_metadata/meta-data, term=1, votedFor=cc3254d46e88:7848, cost time=6 ms

2024-07-28 20:41:46,802 INFO Node <naming_instance_metadata/cc3254d46e88:7848> become leader of group, term=1, conf=cc3254d46e88:7848, oldConf=.

2024-07-28 20:41:46,803 WARN RPC server is not started in RaftGroupService.

2024-07-28 20:41:46,803 INFO Start the RaftGroupService successfully.

2024-07-28 20:41:46,804 INFO The number of active nodes increment to 3.

2024-07-28 20:41:46,808 INFO onLeaderStart: term=1.

2024-07-28 20:41:46,859 INFO The channel cc3254d46e88:7848 is in state: READY.

2024-07-28 20:41:46,859 INFO The channel cc3254d46e88:7848 has successfully established.

2024-07-28 20:41:46,862 INFO Starts FSMCaller successfully.

2024-07-28 20:41:46,862 WARN No data for snapshot reader /home/nacos/data/protocol/raft/naming_service_metadata/snapshot.

2024-07-28 20:41:46,862 INFO Node <naming_service_metadata/cc3254d46e88:7848> init, term=0, lastLogId=LogId [index=0, term=0], conf=cc3254d46e88:7848, oldConf=.

2024-07-28 20:41:46,862 INFO Node <naming_service_metadata/cc3254d46e88:7848> start vote and grant vote self, term=0.

2024-07-28 20:41:46,869 INFO Save raft meta, path=/home/nacos/data/protocol/raft/naming_service_metadata/meta-data, term=1, votedFor=cc3254d46e88:7848, cost time=6 ms

2024-07-28 20:41:46,869 INFO Node <naming_service_metadata/cc3254d46e88:7848> become leader of group, term=1, conf=cc3254d46e88:7848, oldConf=.

2024-07-28 20:41:46,869 WARN RPC server is not started in RaftGroupService.

2024-07-28 20:41:46,869 INFO Start the RaftGroupService successfully.

2024-07-28 20:41:46,871 INFO onLeaderStart: term=1.

2024-07-28 21:00:33,448 INFO Node <naming_service_metadata/cc3254d46e88:7848> shutdown, currTerm=1 state=STATE_LEADER.

2024-07-28 21:00:33,450 INFO Fail to find the next candidate.

2024-07-28 21:00:33,450 INFO onLeaderStop: status=Status[ESHUTDOWN<1007>: Raft node is going to quit.].

2024-07-28 21:00:33,458 INFO Save raft meta, path=/home/nacos/data/protocol/raft/naming_service_metadata/meta-data, term=1, votedFor=cc3254d46e88:7848, cost time=7 ms

2024-07-28 21:00:33,458 INFO Shutting down FSMCaller...

2024-07-28 21:00:33,458 INFO onShutdown.

2024-07-28 21:00:33,458 INFO ThreadPool is terminated: JRaft-RPC-Processor, com.alipay.sofa.jraft.util.MetricThreadPoolExecutor@11d14ecd[Shutting down, pool size = 0, active threads = 0, queued tasks = 0, completed tasks = 0].

2024-07-28 21:00:33,458 INFO ThreadPool is terminated: JRaft-Node-ScheduleThreadPool, com.alipay.sofa.jraft.util.MetricScheduledThreadPoolExecutor@28f04540[Shutting down, pool size = 0, active threads = 0, queued tasks = 0, completed tasks = 0].

2024-07-28 21:00:33,458 INFO Destroy timer: RepeatedTimer{timeout=null, stopped=true, running=false, destroyed=true, invoking=false, timeoutMs=5000, name='JRaft-ElectionTimer-<naming_service_metadata/cc3254d46e88:7848>'}.

2024-07-28 21:00:33,458 INFO Destroy timer: RepeatedTimer{timeout=null, stopped=true, running=false, destroyed=true, invoking=false, timeoutMs=5000, name='JRaft-VoteTimer-<naming_service_metadata/cc3254d46e88:7848>'}.

2024-07-28 21:00:33,458 INFO Destroy timer: RepeatedTimer{timeout=null, stopped=true, running=false, destroyed=true, invoking=false, timeoutMs=2500, name='JRaft-StepDownTimer-<naming_service_metadata/cc3254d46e88:7848>'}.

2024-07-28 21:00:33,458 INFO Destroy timer: RepeatedTimer{timeout=null, stopped=true, running=false, destroyed=true, invoking=false, timeoutMs=1800000, name='JRaft-SnapshotTimer-<naming_service_metadata/cc3254d46e88:7848>'}.

2024-07-28 21:00:33,458 INFO Node <naming_service_metadata/cc3254d46e88:7848> shutdown, currTerm=1 state=STATE_SHUTTING.

2024-07-28 21:00:33,458 INFO Stop the RaftGroupService successfully.

2024-07-28 21:00:33,458 INFO The number of active nodes decrement to 2.

2024-07-28 21:00:33,458 INFO Node <naming_instance_metadata/cc3254d46e88:7848> shutdown, currTerm=1 state=STATE_LEADER.

2024-07-28 21:00:33,458 INFO Fail to find the next candidate.

2024-07-28 21:00:33,458 INFO onLeaderStop: status=Status[ESHUTDOWN<1007>: Raft node is going to quit.].

2024-07-28 21:00:33,463 INFO DB destroyed, the db path is: /home/nacos/data/protocol/raft/naming_service_metadata/log.

2024-07-28 21:00:33,464 INFO Save raft meta, path=/home/nacos/data/protocol/raft/naming_instance_metadata/meta-data, term=1, votedFor=cc3254d46e88:7848, cost time=6 ms

2024-07-28 21:00:33,464 INFO Shutting down FSMCaller...

2024-07-28 21:00:33,464 INFO onShutdown.

2024-07-28 21:00:33,464 INFO ThreadPool is terminated: JRaft-RPC-Processor, com.alipay.sofa.jraft.util.MetricThreadPoolExecutor@68288534[Shutting down, pool size = 0, active threads = 0, queued tasks = 0, completed tasks = 0].

2024-07-28 21:00:33,465 INFO ThreadPool is terminated: JRaft-Node-ScheduleThreadPool, com.alipay.sofa.jraft.util.MetricScheduledThreadPoolExecutor@11d8c302[Shutting down, pool size = 0, active threads = 0, queued tasks = 0, completed tasks = 0].

2024-07-28 21:00:33,465 INFO Destroy timer: RepeatedTimer{timeout=null, stopped=true, running=false, destroyed=true, invoking=false, timeoutMs=5000, name='JRaft-ElectionTimer-<naming_instance_metadata/cc3254d46e88:7848>'}.

2024-07-28 21:00:33,465 INFO Destroy timer: RepeatedTimer{timeout=null, stopped=true, running=false, destroyed=true, invoking=false, timeoutMs=5000, name='JRaft-VoteTimer-<naming_instance_metadata/cc3254d46e88:7848>'}.

2024-07-28 21:00:33,465 INFO Destroy timer: RepeatedTimer{timeout=null, stopped=true, running=false, destroyed=true, invoking=false, timeoutMs=2500, name='JRaft-StepDownTimer-<naming_instance_metadata/cc3254d46e88:7848>'}.

2024-07-28 21:00:33,465 INFO Destroy timer: RepeatedTimer{timeout=null, stopped=true, running=false, destroyed=true, invoking=false, timeoutMs=1800000, name='JRaft-SnapshotTimer-<naming_instance_metadata/cc3254d46e88:7848>'}.

2024-07-28 21:00:33,465 INFO Node <naming_instance_metadata/cc3254d46e88:7848> shutdown, currTerm=1 state=STATE_SHUTTING.

2024-07-28 21:00:33,465 INFO The number of active nodes decrement to 1.

2024-07-28 21:00:33,465 INFO Stop the RaftGroupService successfully.

2024-07-28 21:00:33,465 INFO Node <naming_persistent_service_v2/cc3254d46e88:7848> shutdown, currTerm=1 state=STATE_LEADER.

2024-07-28 21:00:33,465 INFO Fail to find the next candidate.

2024-07-28 21:00:33,465 INFO onLeaderStop: status=Status[ESHUTDOWN<1007>: Raft node is going to quit.].

2024-07-28 21:00:33,468 INFO DB destroyed, the db path is: /home/nacos/data/protocol/raft/naming_instance_metadata/log.

2024-07-28 21:00:33,471 INFO Save raft meta, path=/home/nacos/data/protocol/raft/naming_persistent_service_v2/meta-data, term=1, votedFor=cc3254d46e88:7848, cost time=7 ms

2024-07-28 21:00:33,471 INFO Shutting down FSMCaller...

2024-07-28 21:00:33,471 INFO onShutdown.

2024-07-28 21:00:33,471 INFO ThreadPool is terminated: JRaft-RPC-Processor, com.alipay.sofa.jraft.util.MetricThreadPoolExecutor@1b33ee19[Shutting down, pool size = 0, active threads = 0, queued tasks = 0, completed tasks = 0].

2024-07-28 21:00:33,471 INFO ThreadPool is terminated: JRaft-Node-ScheduleThreadPool, com.alipay.sofa.jraft.util.MetricScheduledThreadPoolExecutor@7cd148d9[Shutting down, pool size = 0, active threads = 0, queued tasks = 0, completed tasks = 0].

2024-07-28 21:00:33,471 INFO The number of active nodes decrement to 0.

2024-07-28 21:00:33,473 INFO ThreadPool is terminated: JRaft-Global-ElectionTimer, com.alipay.sofa.jraft.util.MetricScheduledThreadPoolExecutor@6fa16eeb[Shutting down, pool size = 1, active threads = 0, queued tasks = 0, completed tasks = 3].

2024-07-28 21:00:33,473 INFO Destroy timer: RepeatedTimer{timeout=null, stopped=true, running=false, destroyed=true, invoking=false, timeoutMs=5000, name='JRaft-ElectionTimer-<naming_persistent_service_v2/cc3254d46e88:7848>'}.

2024-07-28 21:00:33,473 INFO ThreadPool is terminated: JRaft-Global-VoteTimer, com.alipay.sofa.jraft.util.MetricScheduledThreadPoolExecutor@2a317aed[Shutting down, pool size = 0, active threads = 0, queued tasks = 0, completed tasks = 3].

2024-07-28 21:00:33,473 INFO Destroy timer: RepeatedTimer{timeout=null, stopped=true, running=false, destroyed=true, invoking=false, timeoutMs=5000, name='JRaft-VoteTimer-<naming_persistent_service_v2/cc3254d46e88:7848>'}.

2024-07-28 21:00:33,480 INFO ThreadPool is terminated: JRaft-Global-StepDownTimer, com.alipay.sofa.jraft.util.MetricScheduledThreadPoolExecutor@1324d9f[Shutting down, pool size = 0, active threads = 0, queued tasks = 0, completed tasks = 1350].

2024-07-28 21:00:33,480 INFO Destroy timer: RepeatedTimer{timeout=null, stopped=true, running=false, destroyed=true, invoking=false, timeoutMs=2500, name='JRaft-StepDownTimer-<naming_persistent_service_v2/cc3254d46e88:7848>'}.

2024-07-28 21:00:33,480 INFO ThreadPool is terminated: JRaft-Global-SnapshotTimer, com.alipay.sofa.jraft.util.MetricScheduledThreadPoolExecutor@2ae58bf0[Shutting down, pool size = 0, active threads = 0, queued tasks = 0, completed tasks = 0].

2024-07-28 21:00:33,480 INFO Destroy timer: RepeatedTimer{timeout=null, stopped=true, running=false, destroyed=true, invoking=false, timeoutMs=1800000, name='JRaft-SnapshotTimer-<naming_persistent_service_v2/cc3254d46e88:7848>'}.

2024-07-28 21:00:33,480 INFO Node <naming_persistent_service_v2/cc3254d46e88:7848> shutdown, currTerm=1 state=STATE_SHUTTING.

2024-07-28 21:00:33,480 INFO Stop the RaftGroupService successfully.

2024-07-28 21:00:33,480 INFO Shutdown managed channel: cc3254d46e88:7848, ManagedChannelOrphanWrapper{delegate=ManagedChannelImpl{logId=10, target=cc3254d46e88:7848}}.

2024-07-28 21:00:33,482 INFO The channel cc3254d46e88:7848 is in state: SHUTDOWN.

2024-07-28 21:00:33,482 WARN This channel cc3254d46e88:7848 has started shutting down. Any new RPCs should fail immediately.

2024-07-28 21:00:33,482 INFO DB destroyed, the db path is: /home/nacos/data/protocol/raft/naming_persistent_service_v2/log.

2024-07-28 21:00:33,487 INFO Connection disconnected: /172.19.0.7:44648

2024-07-28 21:00:33,489 INFO ThreadPool is terminated: JRaft-RPC-Processor, com.alipay.sofa.jraft.util.MetricThreadPoolExecutor@1864881c[Shutting down, pool size = 1, active threads = 0, queued tasks = 0, completed tasks = 844].

2024-07-28 21:06:04,089 INFO SPI service [com.alipay.sofa.jraft.JRaftServiceFactory - com.alipay.sofa.jraft.core.DefaultJRaftServiceFactory] loading.

2024-07-28 21:06:04,131 INFO SPI service [com.alipay.sofa.jraft.rpc.RaftRpcFactory - com.alipay.sofa.jraft.rpc.impl.GrpcRaftRpcFactory] loading.

2024-07-28 21:06:04,275 INFO SPI service [com.alipay.sofa.jraft.util.JRaftSignalHandler - com.alipay.sofa.jraft.NodeDescribeSignalHandler] loading.

2024-07-28 21:06:04,275 INFO SPI service [com.alipay.sofa.jraft.util.JRaftSignalHandler - com.alipay.sofa.jraft.NodeMetricsSignalHandler] loading.

2024-07-28 21:06:04,275 INFO SPI service [com.alipay.sofa.jraft.util.JRaftSignalHandler - com.alipay.sofa.jraft.ThreadPoolMetricsSignalHandler] loading.

2024-07-28 21:06:04,276 INFO SPI service [com.alipay.sofa.jraft.util.timer.RaftTimerFactory - com.alipay.sofa.jraft.util.timer.DefaultRaftTimerFactory] loading.

2024-07-28 21:06:04,278 INFO The number of active nodes increment to 1.

2024-07-28 21:06:04,419 INFO Starts FSMCaller successfully.

2024-07-28 21:06:04,422 WARN No data for snapshot reader /home/nacos/data/protocol/raft/naming_persistent_service_v2/snapshot.

2024-07-28 21:06:04,426 INFO Node <naming_persistent_service_v2/fdd13b644ca2:7848> init, term=0, lastLogId=LogId [index=0, term=0], conf=fdd13b644ca2:7848, oldConf=.

2024-07-28 21:06:04,426 INFO Node <naming_persistent_service_v2/fdd13b644ca2:7848> start vote and grant vote self, term=0.

2024-07-28 21:06:04,442 INFO Save raft meta, path=/home/nacos/data/protocol/raft/naming_persistent_service_v2/meta-data, term=1, votedFor=fdd13b644ca2:7848, cost time=12 ms

2024-07-28 21:06:04,442 INFO Node <naming_persistent_service_v2/fdd13b644ca2:7848> become leader of group, term=1, conf=fdd13b644ca2:7848, oldConf=.

2024-07-28 21:06:04,443 INFO -Djraft.recyclers.maxCapacityPerThread: 4096.

2024-07-28 21:06:04,444 WARN RPC server is not started in RaftGroupService.

2024-07-28 21:06:04,444 INFO Start the RaftGroupService successfully.

2024-07-28 21:06:04,449 INFO The number of active nodes increment to 2.

2024-07-28 21:06:04,456 INFO onLeaderStart: term=1.

2024-07-28 21:06:04,500 INFO Starts FSMCaller successfully.

2024-07-28 21:06:04,500 WARN No data for snapshot reader /home/nacos/data/protocol/raft/naming_instance_metadata/snapshot.

2024-07-28 21:06:04,500 INFO Node <naming_instance_metadata/fdd13b644ca2:7848> init, term=0, lastLogId=LogId [index=0, term=0], conf=fdd13b644ca2:7848, oldConf=.

2024-07-28 21:06:04,500 INFO Node <naming_instance_metadata/fdd13b644ca2:7848> start vote and grant vote self, term=0.

2024-07-28 21:06:04,503 INFO Creating new channel to: fdd13b644ca2:7848.

2024-07-28 21:06:04,506 INFO Save raft meta, path=/home/nacos/data/protocol/raft/naming_instance_metadata/meta-data, term=1, votedFor=fdd13b644ca2:7848, cost time=5 ms

2024-07-28 21:06:04,506 INFO Node <naming_instance_metadata/fdd13b644ca2:7848> become leader of group, term=1, conf=fdd13b644ca2:7848, oldConf=.

2024-07-28 21:06:04,506 WARN RPC server is not started in RaftGroupService.

2024-07-28 21:06:04,506 INFO Start the RaftGroupService successfully.

2024-07-28 21:06:04,509 INFO The number of active nodes increment to 3.

2024-07-28 21:06:04,512 INFO onLeaderStart: term=1.

2024-07-28 21:06:04,522 INFO The channel fdd13b644ca2:7848 is in state: CONNECTING.

2024-07-28 21:06:04,574 INFO Starts FSMCaller successfully.

2024-07-28 21:06:04,574 WARN No data for snapshot reader /home/nacos/data/protocol/raft/naming_service_metadata/snapshot.

2024-07-28 21:06:04,574 INFO Node <naming_service_metadata/fdd13b644ca2:7848> init, term=0, lastLogId=LogId [index=0, term=0], conf=fdd13b644ca2:7848, oldConf=.

2024-07-28 21:06:04,575 INFO Node <naming_service_metadata/fdd13b644ca2:7848> start vote and grant vote self, term=0.

2024-07-28 21:06:04,580 INFO Save raft meta, path=/home/nacos/data/protocol/raft/naming_service_metadata/meta-data, term=1, votedFor=fdd13b644ca2:7848, cost time=6 ms

2024-07-28 21:06:04,580 INFO Node <naming_service_metadata/fdd13b644ca2:7848> become leader of group, term=1, conf=fdd13b644ca2:7848, oldConf=.

2024-07-28 21:06:04,580 WARN RPC server is not started in RaftGroupService.

2024-07-28 21:06:04,580 INFO Start the RaftGroupService successfully.

2024-07-28 21:06:04,584 INFO onLeaderStart: term=1.

2024-07-28 21:06:04,611 INFO The channel fdd13b644ca2:7848 is in state: READY.

2024-07-28 21:06:04,611 INFO The channel fdd13b644ca2:7848 has successfully established.

2024-07-28 21:18:39,950 INFO Node <naming_service_metadata/fdd13b644ca2:7848> shutdown, currTerm=1 state=STATE_LEADER.

2024-07-28 21:18:39,951 INFO Fail to find the next candidate.

2024-07-28 21:18:39,951 INFO onLeaderStop: status=Status[ESHUTDOWN<1007>: Raft node is going to quit.].

2024-07-28 21:18:39,961 INFO Save raft meta, path=/home/nacos/data/protocol/raft/naming_service_metadata/meta-data, term=1, votedFor=fdd13b644ca2:7848, cost time=9 ms

2024-07-28 21:18:39,961 INFO Shutting down FSMCaller...

2024-07-28 21:18:39,961 INFO onShutdown.

2024-07-28 21:18:39,961 INFO ThreadPool is terminated: JRaft-RPC-Processor, com.alipay.sofa.jraft.util.MetricThreadPoolExecutor@26f6f65f[Shutting down, pool size = 0, active threads = 0, queued tasks = 0, completed tasks = 0].

2024-07-28 21:18:39,961 INFO ThreadPool is terminated: JRaft-Node-ScheduleThreadPool, com.alipay.sofa.jraft.util.MetricScheduledThreadPoolExecutor@3c516c88[Shutting down, pool size = 0, active threads = 0, queued tasks = 0, completed tasks = 0].

2024-07-28 21:18:39,961 INFO Destroy timer: RepeatedTimer{timeout=null, stopped=true, running=false, destroyed=true, invoking=false, timeoutMs=5000, name='JRaft-ElectionTimer-<naming_service_metadata/fdd13b644ca2:7848>'}.

2024-07-28 21:18:39,961 INFO Destroy timer: RepeatedTimer{timeout=null, stopped=true, running=false, destroyed=true, invoking=false, timeoutMs=5000, name='JRaft-VoteTimer-<naming_service_metadata/fdd13b644ca2:7848>'}.

2024-07-28 21:18:39,961 INFO Destroy timer: RepeatedTimer{timeout=null, stopped=true, running=false, destroyed=true, invoking=false, timeoutMs=2500, name='JRaft-StepDownTimer-<naming_service_metadata/fdd13b644ca2:7848>'}.

2024-07-28 21:18:39,961 INFO Destroy timer: RepeatedTimer{timeout=null, stopped=true, running=false, destroyed=true, invoking=false, timeoutMs=1800000, name='JRaft-SnapshotTimer-<naming_service_metadata/fdd13b644ca2:7848>'}.

2024-07-28 21:18:39,962 INFO Node <naming_service_metadata/fdd13b644ca2:7848> shutdown, currTerm=1 state=STATE_SHUTTING.

2024-07-28 21:18:39,962 INFO The number of active nodes decrement to 2.

2024-07-28 21:18:39,962 INFO Stop the RaftGroupService successfully.

2024-07-28 21:18:39,962 INFO Node <naming_instance_metadata/fdd13b644ca2:7848> shutdown, currTerm=1 state=STATE_LEADER.

2024-07-28 21:18:39,962 INFO Fail to find the next candidate.

2024-07-28 21:18:39,962 INFO onLeaderStop: status=Status[ESHUTDOWN<1007>: Raft node is going to quit.].

2024-07-28 21:18:39,964 INFO DB destroyed, the db path is: /home/nacos/data/protocol/raft/naming_service_metadata/log.

2024-07-28 21:18:39,967 INFO Save raft meta, path=/home/nacos/data/protocol/raft/naming_instance_metadata/meta-data, term=1, votedFor=fdd13b644ca2:7848, cost time=6 ms

2024-07-28 21:18:39,967 INFO Shutting down FSMCaller...

2024-07-28 21:18:39,967 INFO onShutdown.

2024-07-28 21:18:39,967 INFO ThreadPool is terminated: JRaft-RPC-Processor, com.alipay.sofa.jraft.util.MetricThreadPoolExecutor@e2fd5e8[Shutting down, pool size = 0, active threads = 0, queued tasks = 0, completed tasks = 0].

2024-07-28 21:18:39,968 INFO ThreadPool is terminated: JRaft-Node-ScheduleThreadPool, com.alipay.sofa.jraft.util.MetricScheduledThreadPoolExecutor@551096a8[Shutting down, pool size = 0, active threads = 0, queued tasks = 0, completed tasks = 0].

2024-07-28 21:18:39,968 INFO Destroy timer: RepeatedTimer{timeout=null, stopped=true, running=false, destroyed=true, invoking=false, timeoutMs=5000, name='JRaft-ElectionTimer-<naming_instance_metadata/fdd13b644ca2:7848>'}.

2024-07-28 21:18:39,968 INFO Destroy timer: RepeatedTimer{timeout=null, stopped=true, running=false, destroyed=true, invoking=false, timeoutMs=5000, name='JRaft-VoteTimer-<naming_instance_metadata/fdd13b644ca2:7848>'}.

2024-07-28 21:18:39,968 INFO Destroy timer: RepeatedTimer{timeout=null, stopped=true, running=false, destroyed=true, invoking=false, timeoutMs=2500, name='JRaft-StepDownTimer-<naming_instance_metadata/fdd13b644ca2:7848>'}.

2024-07-28 21:18:39,968 INFO Destroy timer: RepeatedTimer{timeout=null, stopped=true, running=false, destroyed=true, invoking=false, timeoutMs=1800000, name='JRaft-SnapshotTimer-<naming_instance_metadata/fdd13b644ca2:7848>'}.

2024-07-28 21:18:39,968 INFO Node <naming_instance_metadata/fdd13b644ca2:7848> shutdown, currTerm=1 state=STATE_SHUTTING.

2024-07-28 21:18:39,968 INFO The number of active nodes decrement to 1.

2024-07-28 21:18:39,968 INFO Stop the RaftGroupService successfully.

2024-07-28 21:18:39,968 INFO Node <naming_persistent_service_v2/fdd13b644ca2:7848> shutdown, currTerm=1 state=STATE_LEADER.

2024-07-28 21:18:39,968 INFO Fail to find the next candidate.

2024-07-28 21:18:39,968 INFO onLeaderStop: status=Status[ESHUTDOWN<1007>: Raft node is going to quit.].

2024-07-28 21:18:39,969 INFO DB destroyed, the db path is: /home/nacos/data/protocol/raft/naming_instance_metadata/log.

2024-07-28 21:18:39,974 INFO Save raft meta, path=/home/nacos/data/protocol/raft/naming_persistent_service_v2/meta-data, term=1, votedFor=fdd13b644ca2:7848, cost time=7 ms

2024-07-28 21:18:39,974 INFO Shutting down FSMCaller...

2024-07-28 21:18:39,974 INFO onShutdown.

2024-07-28 21:18:39,974 INFO ThreadPool is terminated: JRaft-RPC-Processor, com.alipay.sofa.jraft.util.MetricThreadPoolExecutor@561551ae[Shutting down, pool size = 0, active threads = 0, queued tasks = 0, completed tasks = 0].

2024-07-28 21:18:39,974 INFO ThreadPool is terminated: JRaft-Node-ScheduleThreadPool, com.alipay.sofa.jraft.util.MetricScheduledThreadPoolExecutor@7dbcfa5[Shutting down, pool size = 0, active threads = 0, queued tasks = 0, completed tasks = 0].

2024-07-28 21:18:39,974 INFO The number of active nodes decrement to 0.

2024-07-28 21:18:39,975 INFO ThreadPool is terminated: JRaft-Global-ElectionTimer, com.alipay.sofa.jraft.util.MetricScheduledThreadPoolExecutor@61796c20[Shutting down, pool size = 0, active threads = 0, queued tasks = 0, completed tasks = 3].

2024-07-28 21:18:39,975 INFO Destroy timer: RepeatedTimer{timeout=null, stopped=true, running=false, destroyed=true, invoking=false, timeoutMs=5000, name='JRaft-ElectionTimer-<naming_persistent_service_v2/fdd13b644ca2:7848>'}.

2024-07-28 21:18:39,976 INFO ThreadPool is terminated: JRaft-Global-VoteTimer, com.alipay.sofa.jraft.util.MetricScheduledThreadPoolExecutor@21891042[Shutting down, pool size = 0, active threads = 0, queued tasks = 0, completed tasks = 3].

2024-07-28 21:18:39,976 INFO Destroy timer: RepeatedTimer{timeout=null, stopped=true, running=false, destroyed=true, invoking=false, timeoutMs=5000, name='JRaft-VoteTimer-<naming_persistent_service_v2/fdd13b644ca2:7848>'}.

2024-07-28 21:18:39,976 INFO ThreadPool is terminated: JRaft-Global-StepDownTimer, com.alipay.sofa.jraft.util.MetricScheduledThreadPoolExecutor@9d4a4ed[Shutting down, pool size = 4, active threads = 0, queued tasks = 0, completed tasks = 906].

2024-07-28 21:18:39,976 INFO Destroy timer: RepeatedTimer{timeout=null, stopped=true, running=false, destroyed=true, invoking=false, timeoutMs=2500, name='JRaft-StepDownTimer-<naming_persistent_service_v2/fdd13b644ca2:7848>'}.

2024-07-28 21:18:39,977 INFO ThreadPool is terminated: JRaft-Global-SnapshotTimer, com.alipay.sofa.jraft.util.MetricScheduledThreadPoolExecutor@b61cf03[Shutting down, pool size = 0, active threads = 0, queued tasks = 0, completed tasks = 0].

2024-07-28 21:18:39,977 INFO Destroy timer: RepeatedTimer{timeout=null, stopped=true, running=false, destroyed=true, invoking=false, timeoutMs=1800000, name='JRaft-SnapshotTimer-<naming_persistent_service_v2/fdd13b644ca2:7848>'}.

2024-07-28 21:18:39,977 INFO Node <naming_persistent_service_v2/fdd13b644ca2:7848> shutdown, currTerm=1 state=STATE_SHUTTING.

2024-07-28 21:18:39,977 INFO Stop the RaftGroupService successfully.

2024-07-28 21:18:39,977 INFO Shutdown managed channel: fdd13b644ca2:7848, ManagedChannelOrphanWrapper{delegate=ManagedChannelImpl{logId=10, target=fdd13b644ca2:7848}}.

2024-07-28 21:18:39,978 INFO The channel fdd13b644ca2:7848 is in state: SHUTDOWN.

2024-07-28 21:18:39,978 WARN This channel fdd13b644ca2:7848 has started shutting down. Any new RPCs should fail immediately.

2024-07-28 21:18:39,978 INFO DB destroyed, the db path is: /home/nacos/data/protocol/raft/naming_persistent_service_v2/log.

2024-07-28 21:18:39,980 INFO Connection disconnected: /172.19.0.6:46432

2024-07-28 21:18:39,981 INFO ThreadPool is terminated: JRaft-RPC-Processor, com.alipay.sofa.jraft.util.MetricThreadPoolExecutor@30f262ce[Shutting down, pool size = 8, active threads = 0, queued tasks = 0, completed tasks = 610].

2024-07-28 21:20:19,891 INFO SPI service [com.alipay.sofa.jraft.JRaftServiceFactory - com.alipay.sofa.jraft.core.DefaultJRaftServiceFactory] loading.

2024-07-28 21:20:20,050 INFO SPI service [com.alipay.sofa.jraft.rpc.RaftRpcFactory - com.alipay.sofa.jraft.rpc.impl.GrpcRaftRpcFactory] loading.

2024-07-28 21:20:20,515 INFO SPI service [com.alipay.sofa.jraft.util.JRaftSignalHandler - com.alipay.sofa.jraft.NodeDescribeSignalHandler] loading.

2024-07-28 21:20:20,516 INFO SPI service [com.alipay.sofa.jraft.util.JRaftSignalHandler - com.alipay.sofa.jraft.NodeMetricsSignalHandler] loading.

2024-07-28 21:20:20,516 INFO SPI service [com.alipay.sofa.jraft.util.JRaftSignalHandler - com.alipay.sofa.jraft.ThreadPoolMetricsSignalHandler] loading.

2024-07-28 21:20:20,520 INFO SPI service [com.alipay.sofa.jraft.util.timer.RaftTimerFactory - com.alipay.sofa.jraft.util.timer.DefaultRaftTimerFactory] loading.

2024-07-28 21:20:20,525 INFO The number of active nodes increment to 1.

2024-07-28 21:20:20,861 INFO Starts FSMCaller successfully.

2024-07-28 21:20:20,871 WARN No data for snapshot reader /home/nacos/data/protocol/raft/naming_persistent_service_v2/snapshot.

2024-07-28 21:20:20,886 INFO Node <naming_persistent_service_v2/21e6e14cc8f8:7848> init, term=0, lastLogId=LogId [index=0, term=0], conf=21e6e14cc8f8:7848, oldConf=.

2024-07-28 21:20:20,889 INFO Node <naming_persistent_service_v2/21e6e14cc8f8:7848> start vote and grant vote self, term=0.

2024-07-28 21:20:20,927 INFO Save raft meta, path=/home/nacos/data/protocol/raft/naming_persistent_service_v2/meta-data, term=1, votedFor=21e6e14cc8f8:7848, cost time=29 ms

2024-07-28 21:20:20,928 INFO Node <naming_persistent_service_v2/21e6e14cc8f8:7848> become leader of group, term=1, conf=21e6e14cc8f8:7848, oldConf=.

2024-07-28 21:20:20,932 INFO -Djraft.recyclers.maxCapacityPerThread: 4096.

2024-07-28 21:20:20,937 WARN RPC server is not started in RaftGroupService.

2024-07-28 21:20:20,938 INFO Start the RaftGroupService successfully.

2024-07-28 21:20:20,960 INFO onLeaderStart: term=1.

2024-07-28 21:20:20,975 INFO The number of active nodes increment to 2.

2024-07-28 21:20:21,073 INFO Starts FSMCaller successfully.

2024-07-28 21:20:21,075 WARN No data for snapshot reader /home/nacos/data/protocol/raft/naming_instance_metadata/snapshot.

2024-07-28 21:20:21,077 INFO Node <naming_instance_metadata/21e6e14cc8f8:7848> init, term=0, lastLogId=LogId [index=0, term=0], conf=21e6e14cc8f8:7848, oldConf=.

2024-07-28 21:20:21,078 INFO Node <naming_instance_metadata/21e6e14cc8f8:7848> start vote and grant vote self, term=0.

2024-07-28 21:20:21,089 INFO Save raft meta, path=/home/nacos/data/protocol/raft/naming_instance_metadata/meta-data, term=1, votedFor=21e6e14cc8f8:7848, cost time=10 ms

2024-07-28 21:20:21,089 INFO Node <naming_instance_metadata/21e6e14cc8f8:7848> become leader of group, term=1, conf=21e6e14cc8f8:7848, oldConf=.

2024-07-28 21:20:21,091 WARN RPC server is not started in RaftGroupService.

2024-07-28 21:20:21,091 INFO Start the RaftGroupService successfully.

2024-07-28 21:20:21,101 INFO The number of active nodes increment to 3.

2024-07-28 21:20:21,111 INFO onLeaderStart: term=1.

2024-07-28 21:20:21,147 INFO Creating new channel to: 21e6e14cc8f8:7848.

2024-07-28 21:20:21,194 INFO Starts FSMCaller successfully.

2024-07-28 21:20:21,194 WARN No data for snapshot reader /home/nacos/data/protocol/raft/naming_service_metadata/snapshot.

2024-07-28 21:20:21,197 INFO Node <naming_service_metadata/21e6e14cc8f8:7848> init, term=0, lastLogId=LogId [index=0, term=0], conf=21e6e14cc8f8:7848, oldConf=.

2024-07-28 21:20:21,198 INFO Node <naming_service_metadata/21e6e14cc8f8:7848> start vote and grant vote self, term=0.

2024-07-28 21:20:21,208 INFO Save raft meta, path=/home/nacos/data/protocol/raft/naming_service_metadata/meta-data, term=1, votedFor=21e6e14cc8f8:7848, cost time=10 ms

2024-07-28 21:20:21,208 INFO Node <naming_service_metadata/21e6e14cc8f8:7848> become leader of group, term=1, conf=21e6e14cc8f8:7848, oldConf=.

2024-07-28 21:20:21,209 WARN RPC server is not started in RaftGroupService.

2024-07-28 21:20:21,209 INFO Start the RaftGroupService successfully.

2024-07-28 21:20:21,213 INFO onLeaderStart: term=1.

2024-07-28 21:20:21,229 INFO The channel 21e6e14cc8f8:7848 is in state: CONNECTING.

2024-07-28 21:20:21,544 INFO The channel 21e6e14cc8f8:7848 is in state: READY.

2024-07-28 21:20:21,544 INFO The channel 21e6e14cc8f8:7848 has successfully established.

2024-07-28 21:21:45,241 INFO Node <naming_service_metadata/21e6e14cc8f8:7848> shutdown, currTerm=1 state=STATE_LEADER.

2024-07-28 21:21:45,242 INFO Fail to find the next candidate.

2024-07-28 21:21:45,242 INFO onLeaderStop: status=Status[ESHUTDOWN<1007>: Raft node is going to quit.].

2024-07-28 21:21:45,249 INFO Save raft meta, path=/home/nacos/data/protocol/raft/naming_service_metadata/meta-data, term=1, votedFor=21e6e14cc8f8:7848, cost time=6 ms

2024-07-28 21:21:45,249 INFO Shutting down FSMCaller...

2024-07-28 21:21:45,249 INFO onShutdown.

2024-07-28 21:21:45,249 INFO ThreadPool is terminated: JRaft-RPC-Processor, com.alipay.sofa.jraft.util.MetricThreadPoolExecutor@6c4b973[Shutting down, pool size = 0, active threads = 0, queued tasks = 0, completed tasks = 0].

2024-07-28 21:21:45,249 INFO ThreadPool is terminated: JRaft-Node-ScheduleThreadPool, com.alipay.sofa.jraft.util.MetricScheduledThreadPoolExecutor@5ac31094[Shutting down, pool size = 0, active threads = 0, queued tasks = 0, completed tasks = 0].

2024-07-28 21:21:45,249 INFO Destroy timer: RepeatedTimer{timeout=null, stopped=true, running=false, destroyed=true, invoking=false, timeoutMs=5000, name='JRaft-ElectionTimer-<naming_service_metadata/21e6e14cc8f8:7848>'}.

2024-07-28 21:21:45,249 INFO Destroy timer: RepeatedTimer{timeout=null, stopped=true, running=false, destroyed=true, invoking=false, timeoutMs=5000, name='JRaft-VoteTimer-<naming_service_metadata/21e6e14cc8f8:7848>'}.

2024-07-28 21:21:45,249 INFO Destroy timer: RepeatedTimer{timeout=null, stopped=true, running=false, destroyed=true, invoking=false, timeoutMs=2500, name='JRaft-StepDownTimer-<naming_service_metadata/21e6e14cc8f8:7848>'}.

2024-07-28 21:21:45,249 INFO Destroy timer: RepeatedTimer{timeout=null, stopped=true, running=false, destroyed=true, invoking=false, timeoutMs=1800000, name='JRaft-SnapshotTimer-<naming_service_metadata/21e6e14cc8f8:7848>'}.

2024-07-28 21:21:45,250 INFO Node <naming_service_metadata/21e6e14cc8f8:7848> shutdown, currTerm=1 state=STATE_SHUTTING.

2024-07-28 21:21:45,250 INFO Stop the RaftGroupService successfully.

2024-07-28 21:21:45,250 INFO The number of active nodes decrement to 2.

2024-07-28 21:21:45,250 INFO Node <naming_instance_metadata/21e6e14cc8f8:7848> shutdown, currTerm=1 state=STATE_LEADER.

2024-07-28 21:21:45,250 INFO Fail to find the next candidate.

2024-07-28 21:21:45,250 INFO onLeaderStop: status=Status[ESHUTDOWN<1007>: Raft node is going to quit.].

2024-07-28 21:21:45,254 INFO DB destroyed, the db path is: /home/nacos/data/protocol/raft/naming_service_metadata/log.

2024-07-28 21:21:45,256 INFO Save raft meta, path=/home/nacos/data/protocol/raft/naming_instance_metadata/meta-data, term=1, votedFor=21e6e14cc8f8:7848, cost time=5 ms

2024-07-28 21:21:45,256 INFO Shutting down FSMCaller...

2024-07-28 21:21:45,256 INFO onShutdown.

2024-07-28 21:21:45,256 INFO ThreadPool is terminated: JRaft-RPC-Processor, com.alipay.sofa.jraft.util.MetricThreadPoolExecutor@4933c614[Shutting down, pool size = 0, active threads = 0, queued tasks = 0, completed tasks = 0].

2024-07-28 21:21:45,256 INFO ThreadPool is terminated: JRaft-Node-ScheduleThreadPool, com.alipay.sofa.jraft.util.MetricScheduledThreadPoolExecutor@4adf1bfb[Shutting down, pool size = 0, active threads = 0, queued tasks = 0, completed tasks = 0].

2024-07-28 21:21:45,256 INFO Destroy timer: RepeatedTimer{timeout=null, stopped=true, running=false, destroyed=true, invoking=false, timeoutMs=5000, name='JRaft-ElectionTimer-<naming_instance_metadata/21e6e14cc8f8:7848>'}.

2024-07-28 21:21:45,256 INFO Destroy timer: RepeatedTimer{timeout=null, stopped=true, running=false, destroyed=true, invoking=false, timeoutMs=5000, name='JRaft-VoteTimer-<naming_instance_metadata/21e6e14cc8f8:7848>'}.

2024-07-28 21:21:45,256 INFO Destroy timer: RepeatedTimer{timeout=null, stopped=true, running=false, destroyed=true, invoking=false, timeoutMs=2500, name='JRaft-StepDownTimer-<naming_instance_metadata/21e6e14cc8f8:7848>'}.

2024-07-28 21:21:45,256 INFO Destroy timer: RepeatedTimer{timeout=null, stopped=true, running=false, destroyed=true, invoking=false, timeoutMs=1800000, name='JRaft-SnapshotTimer-<naming_instance_metadata/21e6e14cc8f8:7848>'}.

2024-07-28 21:21:45,256 INFO Node <naming_instance_metadata/21e6e14cc8f8:7848> shutdown, currTerm=1 state=STATE_SHUTTING.

2024-07-28 21:21:45,256 INFO The number of active nodes decrement to 1.

2024-07-28 21:21:45,256 INFO Stop the RaftGroupService successfully.

2024-07-28 21:21:45,256 INFO Node <naming_persistent_service_v2/21e6e14cc8f8:7848> shutdown, currTerm=1 state=STATE_LEADER.

2024-07-28 21:21:45,258 INFO Fail to find the next candidate.

2024-07-28 21:21:45,258 INFO onLeaderStop: status=Status[ESHUTDOWN<1007>: Raft node is going to quit.].

2024-07-28 21:21:45,258 INFO DB destroyed, the db path is: /home/nacos/data/protocol/raft/naming_instance_metadata/log.

2024-07-28 21:21:45,264 INFO Save raft meta, path=/home/nacos/data/protocol/raft/naming_persistent_service_v2/meta-data, term=1, votedFor=21e6e14cc8f8:7848, cost time=7 ms

2024-07-28 21:21:45,264 INFO Shutting down FSMCaller...

2024-07-28 21:21:45,264 INFO onShutdown.

2024-07-28 21:21:45,265 INFO ThreadPool is terminated: JRaft-RPC-Processor, com.alipay.sofa.jraft.util.MetricThreadPoolExecutor@559e97d[Shutting down, pool size = 0, active threads = 0, queued tasks = 0, completed tasks = 0].

2024-07-28 21:21:45,265 INFO ThreadPool is terminated: JRaft-Node-ScheduleThreadPool, com.alipay.sofa.jraft.util.MetricScheduledThreadPoolExecutor@3af77343[Shutting down, pool size = 0, active threads = 0, queued tasks = 0, completed tasks = 0].

2024-07-28 21:21:45,265 INFO The number of active nodes decrement to 0.

2024-07-28 21:21:45,266 INFO ThreadPool is terminated: JRaft-Global-ElectionTimer, com.alipay.sofa.jraft.util.MetricScheduledThreadPoolExecutor@467b031d[Shutting down, pool size = 0, active threads = 0, queued tasks = 0, completed tasks = 3].

2024-07-28 21:21:45,266 INFO Destroy timer: RepeatedTimer{timeout=null, stopped=true, running=false, destroyed=true, invoking=false, timeoutMs=5000, name='JRaft-ElectionTimer-<naming_persistent_service_v2/21e6e14cc8f8:7848>'}.

2024-07-28 21:21:45,266 INFO ThreadPool is terminated: JRaft-Global-VoteTimer, com.alipay.sofa.jraft.util.MetricScheduledThreadPoolExecutor@39854664[Shutting down, pool size = 0, active threads = 0, queued tasks = 0, completed tasks = 3].

2024-07-28 21:21:45,266 INFO Destroy timer: RepeatedTimer{timeout=null, stopped=true, running=false, destroyed=true, invoking=false, timeoutMs=5000, name='JRaft-VoteTimer-<naming_persistent_service_v2/21e6e14cc8f8:7848>'}.

2024-07-28 21:21:45,266 INFO ThreadPool is terminated: JRaft-Global-StepDownTimer, com.alipay.sofa.jraft.util.MetricScheduledThreadPoolExecutor@327df6a[Shutting down, pool size = 0, active threads = 0, queued tasks = 0, completed tasks = 99].

2024-07-28 21:21:45,266 INFO Destroy timer: RepeatedTimer{timeout=null, stopped=true, running=false, destroyed=true, invoking=false, timeoutMs=2500, name='JRaft-StepDownTimer-<naming_persistent_service_v2/21e6e14cc8f8:7848>'}.

2024-07-28 21:21:45,266 INFO ThreadPool is terminated: JRaft-Global-SnapshotTimer, com.alipay.sofa.jraft.util.MetricScheduledThreadPoolExecutor@553dcfda[Shutting down, pool size = 0, active threads = 0, queued tasks = 0, completed tasks = 0].

2024-07-28 21:21:45,267 INFO Destroy timer: RepeatedTimer{timeout=null, stopped=true, running=false, destroyed=true, invoking=false, timeoutMs=1800000, name='JRaft-SnapshotTimer-<naming_persistent_service_v2/21e6e14cc8f8:7848>'}.

2024-07-28 21:21:45,267 INFO Node <naming_persistent_service_v2/21e6e14cc8f8:7848> shutdown, currTerm=1 state=STATE_SHUTTING.

2024-07-28 21:21:45,267 INFO Stop the RaftGroupService successfully.

2024-07-28 21:21:45,267 INFO Shutdown managed channel: 21e6e14cc8f8:7848, ManagedChannelOrphanWrapper{delegate=ManagedChannelImpl{logId=10, target=21e6e14cc8f8:7848}}.

2024-07-28 21:21:45,268 INFO The channel 21e6e14cc8f8:7848 is in state: SHUTDOWN.

2024-07-28 21:21:45,268 WARN This channel 21e6e14cc8f8:7848 has started shutting down. Any new RPCs should fail immediately.

2024-07-28 21:21:45,269 INFO DB destroyed, the db path is: /home/nacos/data/protocol/raft/naming_persistent_service_v2/log.

2024-07-28 21:21:45,271 INFO Connection disconnected: /172.19.0.6:38056

2024-07-28 21:21:45,272 INFO ThreadPool is terminated: JRaft-RPC-Processor, com.alipay.sofa.jraft.util.MetricThreadPoolExecutor@6205fac2[Shutting down, pool size = 0, active threads = 0, queued tasks = 0, completed tasks = 72].

2024-07-28 21:30:18,999 INFO SPI service [com.alipay.sofa.jraft.JRaftServiceFactory - com.alipay.sofa.jraft.core.DefaultJRaftServiceFactory] loading.

2024-07-28 21:30:19,031 INFO SPI service [com.alipay.sofa.jraft.rpc.RaftRpcFactory - com.alipay.sofa.jraft.rpc.impl.GrpcRaftRpcFactory] loading.

2024-07-28 21:30:19,164 INFO SPI service [com.alipay.sofa.jraft.util.JRaftSignalHandler - com.alipay.sofa.jraft.NodeDescribeSignalHandler] loading.

2024-07-28 21:30:19,164 INFO SPI service [com.alipay.sofa.jraft.util.JRaftSignalHandler - com.alipay.sofa.jraft.NodeMetricsSignalHandler] loading.

2024-07-28 21:30:19,164 INFO SPI service [com.alipay.sofa.jraft.util.JRaftSignalHandler - com.alipay.sofa.jraft.ThreadPoolMetricsSignalHandler] loading.

2024-07-28 21:30:19,165 INFO SPI service [com.alipay.sofa.jraft.util.timer.RaftTimerFactory - com.alipay.sofa.jraft.util.timer.DefaultRaftTimerFactory] loading.

2024-07-28 21:30:19,166 INFO The number of active nodes increment to 1.

2024-07-28 21:30:19,293 INFO Starts FSMCaller successfully.

2024-07-28 21:30:19,296 WARN No data for snapshot reader /home/nacos/data/protocol/raft/naming_persistent_service_v2/snapshot.

2024-07-28 21:30:19,300 INFO Node <naming_persistent_service_v2/7899d3c08346:7848> init, term=0, lastLogId=LogId [index=0, term=0], conf=7899d3c08346:7848, oldConf=.

2024-07-28 21:30:19,300 INFO Node <naming_persistent_service_v2/7899d3c08346:7848> start vote and grant vote self, term=0.

2024-07-28 21:30:19,316 INFO Save raft meta, path=/home/nacos/data/protocol/raft/naming_persistent_service_v2/meta-data, term=1, votedFor=7899d3c08346:7848, cost time=13 ms

2024-07-28 21:30:19,316 INFO Node <naming_persistent_service_v2/7899d3c08346:7848> become leader of group, term=1, conf=7899d3c08346:7848, oldConf=.

2024-07-28 21:30:19,317 INFO -Djraft.recyclers.maxCapacityPerThread: 4096.

2024-07-28 21:30:19,318 WARN RPC server is not started in RaftGroupService.

2024-07-28 21:30:19,318 INFO Start the RaftGroupService successfully.

2024-07-28 21:30:19,322 INFO The number of active nodes increment to 2.

2024-07-28 21:30:19,327 INFO onLeaderStart: term=1.

2024-07-28 21:30:19,351 INFO Creating new channel to: 7899d3c08346:7848.

2024-07-28 21:30:19,368 INFO The channel 7899d3c08346:7848 is in state: CONNECTING.

2024-07-28 21:30:19,375 INFO Starts FSMCaller successfully.

2024-07-28 21:30:19,375 WARN No data for snapshot reader /home/nacos/data/protocol/raft/naming_instance_metadata/snapshot.

2024-07-28 21:30:19,376 INFO Node <naming_instance_metadata/7899d3c08346:7848> init, term=0, lastLogId=LogId [index=0, term=0], conf=7899d3c08346:7848, oldConf=.

2024-07-28 21:30:19,376 INFO Node <naming_instance_metadata/7899d3c08346:7848> start vote and grant vote self, term=0.

2024-07-28 21:30:19,382 INFO Save raft meta, path=/home/nacos/data/protocol/raft/naming_instance_metadata/meta-data, term=1, votedFor=7899d3c08346:7848, cost time=7 ms

2024-07-28 21:30:19,382 INFO Node <naming_instance_metadata/7899d3c08346:7848> become leader of group, term=1, conf=7899d3c08346:7848, oldConf=.

2024-07-28 21:30:19,383 WARN RPC server is not started in RaftGroupService.

2024-07-28 21:30:19,383 INFO Start the RaftGroupService successfully.

2024-07-28 21:30:19,384 INFO The number of active nodes increment to 3.

2024-07-28 21:30:19,388 INFO onLeaderStart: term=1.

2024-07-28 21:30:19,437 INFO The channel 7899d3c08346:7848 is in state: READY.

2024-07-28 21:30:19,437 INFO The channel 7899d3c08346:7848 has successfully established.

2024-07-28 21:30:19,445 INFO Starts FSMCaller successfully.

2024-07-28 21:30:19,445 WARN No data for snapshot reader /home/nacos/data/protocol/raft/naming_service_metadata/snapshot.

2024-07-28 21:30:19,445 INFO Node <naming_service_metadata/7899d3c08346:7848> init, term=0, lastLogId=LogId [index=0, term=0], conf=7899d3c08346:7848, oldConf=.

2024-07-28 21:30:19,446 INFO Node <naming_service_metadata/7899d3c08346:7848> start vote and grant vote self, term=0.

2024-07-28 21:30:19,452 INFO Save raft meta, path=/home/nacos/data/protocol/raft/naming_service_metadata/meta-data, term=1, votedFor=7899d3c08346:7848, cost time=6 ms

2024-07-28 21:30:19,452 INFO Node <naming_service_metadata/7899d3c08346:7848> become leader of group, term=1, conf=7899d3c08346:7848, oldConf=.

2024-07-28 21:30:19,452 WARN RPC server is not started in RaftGroupService.

2024-07-28 21:30:19,452 INFO Start the RaftGroupService successfully.

2024-07-28 21:30:19,455 INFO onLeaderStart: term=1.

2024-07-28 21:31:50,888 INFO Node <naming_service_metadata/7899d3c08346:7848> shutdown, currTerm=1 state=STATE_LEADER.

2024-07-28 21:31:50,889 INFO Fail to find the next candidate.

2024-07-28 21:31:50,889 INFO onLeaderStop: status=Status[ESHUTDOWN<1007>: Raft node is going to quit.].

2024-07-28 21:31:50,895 INFO Save raft meta, path=/home/nacos/data/protocol/raft/naming_service_metadata/meta-data, term=1, votedFor=7899d3c08346:7848, cost time=6 ms

2024-07-28 21:31:50,895 INFO Shutting down FSMCaller...

2024-07-28 21:31:50,896 INFO onShutdown.

2024-07-28 21:31:50,896 INFO ThreadPool is terminated: JRaft-RPC-Processor, com.alipay.sofa.jraft.util.MetricThreadPoolExecutor@19d517b[Shutting down, pool size = 0, active threads = 0, queued tasks = 0, completed tasks = 0].

2024-07-28 21:31:50,896 INFO ThreadPool is terminated: JRaft-Node-ScheduleThreadPool, com.alipay.sofa.jraft.util.MetricScheduledThreadPoolExecutor@3c2ef2c7[Shutting down, pool size = 0, active threads = 0, queued tasks = 0, completed tasks = 0].

2024-07-28 21:31:50,896 INFO Destroy timer: RepeatedTimer{timeout=null, stopped=true, running=false, destroyed=true, invoking=false, timeoutMs=5000, name='JRaft-ElectionTimer-<naming_service_metadata/7899d3c08346:7848>'}.

2024-07-28 21:31:50,896 INFO Destroy timer: RepeatedTimer{timeout=null, stopped=true, running=false, destroyed=true, invoking=false, timeoutMs=5000, name='JRaft-VoteTimer-<naming_service_metadata/7899d3c08346:7848>'}.

2024-07-28 21:31:50,896 INFO Destroy timer: RepeatedTimer{timeout=null, stopped=true, running=false, destroyed=true, invoking=false, timeoutMs=2500, name='JRaft-StepDownTimer-<naming_service_metadata/7899d3c08346:7848>'}.

2024-07-28 21:31:50,896 INFO Destroy timer: RepeatedTimer{timeout=null, stopped=true, running=false, destroyed=true, invoking=false, timeoutMs=1800000, name='JRaft-SnapshotTimer-<naming_service_metadata/7899d3c08346:7848>'}.

2024-07-28 21:31:50,896 INFO Node <naming_service_metadata/7899d3c08346:7848> shutdown, currTerm=1 state=STATE_SHUTTING.

2024-07-28 21:31:50,896 INFO Stop the RaftGroupService successfully.

2024-07-28 21:31:50,896 INFO Node <naming_instance_metadata/7899d3c08346:7848> shutdown, currTerm=1 state=STATE_LEADER.

2024-07-28 21:31:50,896 INFO The number of active nodes decrement to 2.

2024-07-28 21:31:50,896 INFO Fail to find the next candidate.

2024-07-28 21:31:50,896 INFO onLeaderStop: status=Status[ESHUTDOWN<1007>: Raft node is going to quit.].

2024-07-28 21:31:50,897 INFO DB destroyed, the db path is: /home/nacos/data/protocol/raft/naming_service_metadata/log.

2024-07-28 21:31:50,902 INFO Save raft meta, path=/home/nacos/data/protocol/raft/naming_instance_metadata/meta-data, term=1, votedFor=7899d3c08346:7848, cost time=6 ms

2024-07-28 21:31:50,902 INFO Shutting down FSMCaller...

2024-07-28 21:31:50,902 INFO onShutdown.

2024-07-28 21:31:50,902 INFO ThreadPool is terminated: JRaft-RPC-Processor, com.alipay.sofa.jraft.util.MetricThreadPoolExecutor@8cc948f[Shutting down, pool size = 0, active threads = 0, queued tasks = 0, completed tasks = 0].

2024-07-28 21:31:50,902 INFO ThreadPool is terminated: JRaft-Node-ScheduleThreadPool, com.alipay.sofa.jraft.util.MetricScheduledThreadPoolExecutor@40d4bfc6[Shutting down, pool size = 0, active threads = 0, queued tasks = 0, completed tasks = 0].

2024-07-28 21:31:50,902 INFO Destroy timer: RepeatedTimer{timeout=null, stopped=true, running=false, destroyed=true, invoking=false, timeoutMs=5000, name='JRaft-ElectionTimer-<naming_instance_metadata/7899d3c08346:7848>'}.

2024-07-28 21:31:50,902 INFO Destroy timer: RepeatedTimer{timeout=null, stopped=true, running=false, destroyed=true, invoking=false, timeoutMs=5000, name='JRaft-VoteTimer-<naming_instance_metadata/7899d3c08346:7848>'}.

2024-07-28 21:31:50,902 INFO Destroy timer: RepeatedTimer{timeout=null, stopped=true, running=false, destroyed=true, invoking=false, timeoutMs=2500, name='JRaft-StepDownTimer-<naming_instance_metadata/7899d3c08346:7848>'}.

2024-07-28 21:31:50,902 INFO Destroy timer: RepeatedTimer{timeout=null, stopped=true, running=false, destroyed=true, invoking=false, timeoutMs=1800000, name='JRaft-SnapshotTimer-<naming_instance_metadata/7899d3c08346:7848>'}.

2024-07-28 21:31:50,902 INFO Node <naming_instance_metadata/7899d3c08346:7848> shutdown, currTerm=1 state=STATE_SHUTTING.

2024-07-28 21:31:50,902 INFO The number of active nodes decrement to 1.

2024-07-28 21:31:50,902 INFO Stop the RaftGroupService successfully.

2024-07-28 21:31:50,902 INFO Node <naming_persistent_service_v2/7899d3c08346:7848> shutdown, currTerm=1 state=STATE_LEADER.

2024-07-28 21:31:50,902 INFO Fail to find the next candidate.

2024-07-28 21:31:50,902 INFO onLeaderStop: status=Status[ESHUTDOWN<1007>: Raft node is going to quit.].

2024-07-28 21:31:50,904 INFO DB destroyed, the db path is: /home/nacos/data/protocol/raft/naming_instance_metadata/log.

2024-07-28 21:31:50,908 INFO Save raft meta, path=/home/nacos/data/protocol/raft/naming_persistent_service_v2/meta-data, term=1, votedFor=7899d3c08346:7848, cost time=5 ms

2024-07-28 21:31:50,909 INFO Shutting down FSMCaller...

2024-07-28 21:31:50,909 INFO onShutdown.

2024-07-28 21:31:50,909 INFO ThreadPool is terminated: JRaft-RPC-Processor, com.alipay.sofa.jraft.util.MetricThreadPoolExecutor@162762e7[Shutting down, pool size = 0, active threads = 0, queued tasks = 0, completed tasks = 0].

2024-07-28 21:31:50,909 INFO ThreadPool is terminated: JRaft-Node-ScheduleThreadPool, com.alipay.sofa.jraft.util.MetricScheduledThreadPoolExecutor@2db901de[Shutting down, pool size = 0, active threads = 0, queued tasks = 0, completed tasks = 0].

2024-07-28 21:31:50,909 INFO The number of active nodes decrement to 0.

2024-07-28 21:31:50,910 INFO ThreadPool is terminated: JRaft-Global-ElectionTimer, com.alipay.sofa.jraft.util.MetricScheduledThreadPoolExecutor@22e6997c[Shutting down, pool size = 0, active threads = 0, queued tasks = 0, completed tasks = 3].

2024-07-28 21:31:50,910 INFO Destroy timer: RepeatedTimer{timeout=null, stopped=true, running=false, destroyed=true, invoking=false, timeoutMs=5000, name='JRaft-ElectionTimer-<naming_persistent_service_v2/7899d3c08346:7848>'}.

2024-07-28 21:31:50,910 INFO ThreadPool is terminated: JRaft-Global-VoteTimer, com.alipay.sofa.jraft.util.MetricScheduledThreadPoolExecutor@39b094db[Shutting down, pool size = 0, active threads = 0, queued tasks = 0, completed tasks = 3].

2024-07-28 21:31:50,910 INFO Destroy timer: RepeatedTimer{timeout=null, stopped=true, running=false, destroyed=true, invoking=false, timeoutMs=5000, name='JRaft-VoteTimer-<naming_persistent_service_v2/7899d3c08346:7848>'}.

2024-07-28 21:31:50,911 INFO ThreadPool is terminated: JRaft-Global-StepDownTimer, com.alipay.sofa.jraft.util.MetricScheduledThreadPoolExecutor@d2da47e[Shutting down, pool size = 0, active threads = 0, queued tasks = 0, completed tasks = 108].

2024-07-28 21:31:50,911 INFO Destroy timer: RepeatedTimer{timeout=null, stopped=true, running=false, destroyed=true, invoking=false, timeoutMs=2500, name='JRaft-StepDownTimer-<naming_persistent_service_v2/7899d3c08346:7848>'}.

2024-07-28 21:31:50,911 INFO ThreadPool is terminated: JRaft-Global-SnapshotTimer, com.alipay.sofa.jraft.util.MetricScheduledThreadPoolExecutor@333e77e1[Shutting down, pool size = 0, active threads = 0, queued tasks = 0, completed tasks = 0].

2024-07-28 21:31:50,911 INFO Destroy timer: RepeatedTimer{timeout=null, stopped=true, running=false, destroyed=true, invoking=false, timeoutMs=1800000, name='JRaft-SnapshotTimer-<naming_persistent_service_v2/7899d3c08346:7848>'}.

2024-07-28 21:31:50,911 INFO Node <naming_persistent_service_v2/7899d3c08346:7848> shutdown, currTerm=1 state=STATE_SHUTTING.

2024-07-28 21:31:50,911 INFO Stop the RaftGroupService successfully.

2024-07-28 21:31:50,911 INFO Shutdown managed channel: 7899d3c08346:7848, ManagedChannelOrphanWrapper{delegate=ManagedChannelImpl{logId=10, target=7899d3c08346:7848}}.

2024-07-28 21:31:50,912 INFO The channel 7899d3c08346:7848 is in state: SHUTDOWN.

2024-07-28 21:31:50,912 WARN This channel 7899d3c08346:7848 has started shutting down. Any new RPCs should fail immediately.

2024-07-28 21:31:50,913 INFO DB destroyed, the db path is: /home/nacos/data/protocol/raft/naming_persistent_service_v2/log.

2024-07-28 21:31:50,914 INFO Connection disconnected: /172.19.0.6:44284

2024-07-28 21:31:50,916 INFO ThreadPool is terminated: JRaft-RPC-Processor, com.alipay.sofa.jraft.util.MetricThreadPoolExecutor@48f5a743[Shutting down, pool size = 2, active threads = 0, queued tasks = 0, completed tasks = 70].

2024-07-28 21:38:25,398 INFO SPI service [com.alipay.sofa.jraft.JRaftServiceFactory - com.alipay.sofa.jraft.core.DefaultJRaftServiceFactory] loading.

2024-07-28 21:38:25,429 INFO SPI service [com.alipay.sofa.jraft.rpc.RaftRpcFactory - com.alipay.sofa.jraft.rpc.impl.GrpcRaftRpcFactory] loading.

2024-07-28 21:38:25,565 INFO SPI service [com.alipay.sofa.jraft.util.JRaftSignalHandler - com.alipay.sofa.jraft.NodeDescribeSignalHandler] loading.

2024-07-28 21:38:25,566 INFO SPI service [com.alipay.sofa.jraft.util.JRaftSignalHandler - com.alipay.sofa.jraft.NodeMetricsSignalHandler] loading.

2024-07-28 21:38:25,566 INFO SPI service [com.alipay.sofa.jraft.util.JRaftSignalHandler - com.alipay.sofa.jraft.ThreadPoolMetricsSignalHandler] loading.

2024-07-28 21:38:25,567 INFO SPI service [com.alipay.sofa.jraft.util.timer.RaftTimerFactory - com.alipay.sofa.jraft.util.timer.DefaultRaftTimerFactory] loading.

2024-07-28 21:38:25,568 INFO The number of active nodes increment to 1.

2024-07-28 21:38:25,698 INFO Starts FSMCaller successfully.

2024-07-28 21:38:25,701 WARN No data for snapshot reader /home/nacos/data/protocol/raft/naming_persistent_service_v2/snapshot.

2024-07-28 21:38:25,705 INFO Node <naming_persistent_service_v2/b5293f823918:7848> init, term=0, lastLogId=LogId [index=0, term=0], conf=b5293f823918:7848, oldConf=.

2024-07-28 21:38:25,705 INFO Node <naming_persistent_service_v2/b5293f823918:7848> start vote and grant vote self, term=0.

2024-07-28 21:38:25,720 INFO Save raft meta, path=/home/nacos/data/protocol/raft/naming_persistent_service_v2/meta-data, term=1, votedFor=b5293f823918:7848, cost time=13 ms

2024-07-28 21:38:25,721 INFO Node <naming_persistent_service_v2/b5293f823918:7848> become leader of group, term=1, conf=b5293f823918:7848, oldConf=.

2024-07-28 21:38:25,722 INFO -Djraft.recyclers.maxCapacityPerThread: 4096.

2024-07-28 21:38:25,723 WARN RPC server is not started in RaftGroupService.

2024-07-28 21:38:25,723 INFO Start the RaftGroupService successfully.

2024-07-28 21:38:25,727 INFO The number of active nodes increment to 2.

2024-07-28 21:38:25,733 INFO onLeaderStart: term=1.

2024-07-28 21:38:25,757 INFO Creating new channel to: b5293f823918:7848.

2024-07-28 21:38:25,774 INFO The channel b5293f823918:7848 is in state: CONNECTING.

2024-07-28 21:38:25,776 INFO Starts FSMCaller successfully.

2024-07-28 21:38:25,776 WARN No data for snapshot reader /home/nacos/data/protocol/raft/naming_instance_metadata/snapshot.

2024-07-28 21:38:25,777 INFO Node <naming_instance_metadata/b5293f823918:7848> init, term=0, lastLogId=LogId [index=0, term=0], conf=b5293f823918:7848, oldConf=.

2024-07-28 21:38:25,777 INFO Node <naming_instance_metadata/b5293f823918:7848> start vote and grant vote self, term=0.

2024-07-28 21:38:25,783 INFO Save raft meta, path=/home/nacos/data/protocol/raft/naming_instance_metadata/meta-data, term=1, votedFor=b5293f823918:7848, cost time=6 ms

2024-07-28 21:38:25,783 INFO Node <naming_instance_metadata/b5293f823918:7848> become leader of group, term=1, conf=b5293f823918:7848, oldConf=.

2024-07-28 21:38:25,783 WARN RPC server is not started in RaftGroupService.

2024-07-28 21:38:25,783 INFO Start the RaftGroupService successfully.

2024-07-28 21:38:25,785 INFO The number of active nodes increment to 3.

2024-07-28 21:38:25,789 INFO onLeaderStart: term=1.

2024-07-28 21:38:25,838 INFO The channel b5293f823918:7848 is in state: READY.

2024-07-28 21:38:25,838 INFO The channel b5293f823918:7848 has successfully established.

2024-07-28 21:38:25,846 INFO Starts FSMCaller successfully.

2024-07-28 21:38:25,846 WARN No data for snapshot reader /home/nacos/data/protocol/raft/naming_service_metadata/snapshot.

2024-07-28 21:38:25,846 INFO Node <naming_service_metadata/b5293f823918:7848> init, term=0, lastLogId=LogId [index=0, term=0], conf=b5293f823918:7848, oldConf=.

2024-07-28 21:38:25,846 INFO Node <naming_service_metadata/b5293f823918:7848> start vote and grant vote self, term=0.

2024-07-28 21:38:25,852 INFO Save raft meta, path=/home/nacos/data/protocol/raft/naming_service_metadata/meta-data, term=1, votedFor=b5293f823918:7848, cost time=6 ms

2024-07-28 21:38:25,852 INFO Node <naming_service_metadata/b5293f823918:7848> become leader of group, term=1, conf=b5293f823918:7848, oldConf=.

2024-07-28 21:38:25,852 WARN RPC server is not started in RaftGroupService.

2024-07-28 21:38:25,852 INFO Start the RaftGroupService successfully.

2024-07-28 21:38:25,855 INFO onLeaderStart: term=1.

2024-07-28 21:43:12,205 INFO Node <naming_service_metadata/b5293f823918:7848> shutdown, currTerm=1 state=STATE_LEADER.

2024-07-28 21:43:12,206 INFO Fail to find the next candidate.

2024-07-28 21:43:12,206 INFO onLeaderStop: status=Status[ESHUTDOWN<1007>: Raft node is going to quit.].

2024-07-28 21:43:12,213 INFO Save raft meta, path=/home/nacos/data/protocol/raft/naming_service_metadata/meta-data, term=1, votedFor=b5293f823918:7848, cost time=6 ms

2024-07-28 21:43:12,213 INFO Shutting down FSMCaller...

2024-07-28 21:43:12,213 INFO onShutdown.

2024-07-28 21:43:12,213 INFO ThreadPool is terminated: JRaft-RPC-Processor, com.alipay.sofa.jraft.util.MetricThreadPoolExecutor@5432c675[Shutting down, pool size = 0, active threads = 0, queued tasks = 0, completed tasks = 0].

2024-07-28 21:43:12,213 INFO ThreadPool is terminated: JRaft-Node-ScheduleThreadPool, com.alipay.sofa.jraft.util.MetricScheduledThreadPoolExecutor@484d4d19[Shutting down, pool size = 0, active threads = 0, queued tasks = 0, completed tasks = 0].

2024-07-28 21:43:12,213 INFO Destroy timer: RepeatedTimer{timeout=null, stopped=true, running=false, destroyed=true, invoking=false, timeoutMs=5000, name='JRaft-ElectionTimer-<naming_service_metadata/b5293f823918:7848>'}.

2024-07-28 21:43:12,213 INFO Destroy timer: RepeatedTimer{timeout=null, stopped=true, running=false, destroyed=true, invoking=false, timeoutMs=5000, name='JRaft-VoteTimer-<naming_service_metadata/b5293f823918:7848>'}.

2024-07-28 21:43:12,213 INFO Destroy timer: RepeatedTimer{timeout=null, stopped=true, running=false, destroyed=true, invoking=false, timeoutMs=2500, name='JRaft-StepDownTimer-<naming_service_metadata/b5293f823918:7848>'}.

2024-07-28 21:43:12,213 INFO Destroy timer: RepeatedTimer{timeout=null, stopped=true, running=false, destroyed=true, invoking=false, timeoutMs=1800000, name='JRaft-SnapshotTimer-<naming_service_metadata/b5293f823918:7848>'}.

2024-07-28 21:43:12,214 INFO Node <naming_service_metadata/b5293f823918:7848> shutdown, currTerm=1 state=STATE_SHUTTING.

2024-07-28 21:43:12,214 INFO Stop the RaftGroupService successfully.

2024-07-28 21:43:12,214 INFO Node <naming_instance_metadata/b5293f823918:7848> shutdown, currTerm=1 state=STATE_LEADER.

2024-07-28 21:43:12,214 INFO The number of active nodes decrement to 2.

2024-07-28 21:43:12,214 INFO Fail to find the next candidate.

2024-07-28 21:43:12,214 INFO onLeaderStop: status=Status[ESHUTDOWN<1007>: Raft node is going to quit.].

2024-07-28 21:43:12,215 INFO DB destroyed, the db path is: /home/nacos/data/protocol/raft/naming_service_metadata/log.

2024-07-28 21:43:12,219 INFO Save raft meta, path=/home/nacos/data/protocol/raft/naming_instance_metadata/meta-data, term=1, votedFor=b5293f823918:7848, cost time=6 ms

2024-07-28 21:43:12,219 INFO Shutting down FSMCaller...

2024-07-28 21:43:12,219 INFO onShutdown.

2024-07-28 21:43:12,219 INFO ThreadPool is terminated: JRaft-RPC-Processor, com.alipay.sofa.jraft.util.MetricThreadPoolExecutor@5543dee3[Shutting down, pool size = 0, active threads = 0, queued tasks = 0, completed tasks = 0].

2024-07-28 21:43:12,219 INFO ThreadPool is terminated: JRaft-Node-ScheduleThreadPool, com.alipay.sofa.jraft.util.MetricScheduledThreadPoolExecutor@586529f5[Shutting down, pool size = 0, active threads = 0, queued tasks = 0, completed tasks = 0].

2024-07-28 21:43:12,219 INFO Destroy timer: RepeatedTimer{timeout=null, stopped=true, running=false, destroyed=true, invoking=false, timeoutMs=5000, name='JRaft-ElectionTimer-<naming_instance_metadata/b5293f823918:7848>'}.

2024-07-28 21:43:12,219 INFO Destroy timer: RepeatedTimer{timeout=null, stopped=true, running=false, destroyed=true, invoking=false, timeoutMs=5000, name='JRaft-VoteTimer-<naming_instance_metadata/b5293f823918:7848>'}.

2024-07-28 21:43:12,219 INFO Destroy timer: RepeatedTimer{timeout=null, stopped=true, running=false, destroyed=true, invoking=false, timeoutMs=2500, name='JRaft-StepDownTimer-<naming_instance_metadata/b5293f823918:7848>'}.

2024-07-28 21:43:12,219 INFO Destroy timer: RepeatedTimer{timeout=null, stopped=true, running=false, destroyed=true, invoking=false, timeoutMs=1800000, name='JRaft-SnapshotTimer-<naming_instance_metadata/b5293f823918:7848>'}.

2024-07-28 21:43:12,220 INFO Node <naming_instance_metadata/b5293f823918:7848> shutdown, currTerm=1 state=STATE_SHUTTING.

2024-07-28 21:43:12,220 INFO The number of active nodes decrement to 1.

2024-07-28 21:43:12,220 INFO Stop the RaftGroupService successfully.

2024-07-28 21:43:12,220 INFO Node <naming_persistent_service_v2/b5293f823918:7848> shutdown, currTerm=1 state=STATE_LEADER.

2024-07-28 21:43:12,220 INFO Fail to find the next candidate.

2024-07-28 21:43:12,220 INFO onLeaderStop: status=Status[ESHUTDOWN<1007>: Raft node is going to quit.].

2024-07-28 21:43:12,221 INFO DB destroyed, the db path is: /home/nacos/data/protocol/raft/naming_instance_metadata/log.

2024-07-28 21:43:12,226 INFO Save raft meta, path=/home/nacos/data/protocol/raft/naming_persistent_service_v2/meta-data, term=1, votedFor=b5293f823918:7848, cost time=5 ms

2024-07-28 21:43:12,226 INFO Shutting down FSMCaller...

2024-07-28 21:43:12,226 INFO onShutdown.

2024-07-28 21:43:12,226 INFO ThreadPool is terminated: JRaft-RPC-Processor, com.alipay.sofa.jraft.util.MetricThreadPoolExecutor@20c70ef0[Shutting down, pool size = 0, active threads = 0, queued tasks = 0, completed tasks = 0].

2024-07-28 21:43:12,226 INFO ThreadPool is terminated: JRaft-Node-ScheduleThreadPool, com.alipay.sofa.jraft.util.MetricScheduledThreadPoolExecutor@236006ec[Shutting down, pool size = 0, active threads = 0, queued tasks = 0, completed tasks = 0].

2024-07-28 21:43:12,226 INFO The number of active nodes decrement to 0.

2024-07-28 21:43:12,226 INFO ThreadPool is terminated: JRaft-Global-ElectionTimer, com.alipay.sofa.jraft.util.MetricScheduledThreadPoolExecutor@eceecc4[Shutting down, pool size = 0, active threads = 0, queued tasks = 0, completed tasks = 3].

2024-07-28 21:43:12,227 INFO Destroy timer: RepeatedTimer{timeout=null, stopped=true, running=false, destroyed=true, invoking=false, timeoutMs=5000, name='JRaft-ElectionTimer-<naming_persistent_service_v2/b5293f823918:7848>'}.

2024-07-28 21:43:12,228 INFO ThreadPool is terminated: JRaft-Global-VoteTimer, com.alipay.sofa.jraft.util.MetricScheduledThreadPoolExecutor@5fe1e193[Shutting down, pool size = 0, active threads = 0, queued tasks = 0, completed tasks = 3].

2024-07-28 21:43:12,228 INFO Destroy timer: RepeatedTimer{timeout=null, stopped=true, running=false, destroyed=true, invoking=false, timeoutMs=5000, name='JRaft-VoteTimer-<naming_persistent_service_v2/b5293f823918:7848>'}.

2024-07-28 21:43:12,228 INFO ThreadPool is terminated: JRaft-Global-StepDownTimer, com.alipay.sofa.jraft.util.MetricScheduledThreadPoolExecutor@56a1edad[Shutting down, pool size = 0, active threads = 0, queued tasks = 0, completed tasks = 342].

2024-07-28 21:43:12,228 INFO Destroy timer: RepeatedTimer{timeout=null, stopped=true, running=false, destroyed=true, invoking=false, timeoutMs=2500, name='JRaft-StepDownTimer-<naming_persistent_service_v2/b5293f823918:7848>'}.

2024-07-28 21:43:12,228 INFO ThreadPool is terminated: JRaft-Global-SnapshotTimer, com.alipay.sofa.jraft.util.MetricScheduledThreadPoolExecutor@6a9a0a36[Shutting down, pool size = 0, active threads = 0, queued tasks = 0, completed tasks = 0].

2024-07-28 21:43:12,228 INFO Destroy timer: RepeatedTimer{timeout=null, stopped=true, running=false, destroyed=true, invoking=false, timeoutMs=1800000, name='JRaft-SnapshotTimer-<naming_persistent_service_v2/b5293f823918:7848>'}.

2024-07-28 21:43:12,229 INFO Node <naming_persistent_service_v2/b5293f823918:7848> shutdown, currTerm=1 state=STATE_SHUTTING.

2024-07-28 21:43:12,229 INFO Stop the RaftGroupService successfully.

2024-07-28 21:43:12,229 INFO Shutdown managed channel: b5293f823918:7848, ManagedChannelOrphanWrapper{delegate=ManagedChannelImpl{logId=10, target=b5293f823918:7848}}.

2024-07-28 21:43:12,230 INFO The channel b5293f823918:7848 is in state: SHUTDOWN.

2024-07-28 21:43:12,230 INFO DB destroyed, the db path is: /home/nacos/data/protocol/raft/naming_persistent_service_v2/log.

2024-07-28 21:43:12,230 WARN This channel b5293f823918:7848 has started shutting down. Any new RPCs should fail immediately.

2024-07-28 21:43:12,232 INFO Connection disconnected: /172.19.0.6:41892

2024-07-28 21:43:12,234 INFO ThreadPool is terminated: JRaft-RPC-Processor, com.alipay.sofa.jraft.util.MetricThreadPoolExecutor@6e75f0d1[Shutting down, pool size = 9, active threads = 0, queued tasks = 0, completed tasks = 250].

