2024-07-28 20:30:34,031 INFO notifyConnectTimeout:100

2024-07-28 20:30:34,033 INFO notifySocketTimeout:200

2024-07-28 20:30:34,033 INFO isHealthCheck:true

2024-07-28 20:30:34,033 INFO maxHealthCheckFailCount:12

2024-07-28 20:30:34,033 INFO maxContent:10485760

2024-07-28 20:30:35,867 WARN DumpService start

2024-07-28 20:30:35,868 INFO start clear all config-info.

2024-07-28 20:30:35,868 WARN clear all config-info failed.

2024-07-28 20:30:35,868 WARN clear all config-info-tenant failed.

2024-07-28 20:30:35,870 INFO start clear all config-info-beta.

2024-07-28 20:30:35,870 WARN clear all config-info-beta failed.

2024-07-28 20:30:35,870 WARN clear all config-info-beta-tenant failed.

2024-07-28 20:30:35,871 INFO start clear all config-info-tag.

2024-07-28 20:30:35,871 WARN clear all config-info-tag failed.

2024-07-28 20:30:35,871 WARN clear all config-info-tag-tenant failed.

2024-07-28 20:40:17,369 INFO notifyConnectTimeout:100

2024-07-28 20:40:17,370 INFO notifySocketTimeout:200

2024-07-28 20:40:17,371 INFO isHealthCheck:true

2024-07-28 20:40:17,371 INFO maxHealthCheckFailCount:12

2024-07-28 20:40:17,371 INFO maxContent:10485760

2024-07-28 20:40:29,252 WARN DumpService start

2024-07-28 20:40:29,253 INFO start clear all config-info.

2024-07-28 20:40:29,253 WARN clear all config-info failed.

2024-07-28 20:40:29,253 WARN clear all config-info-tenant failed.

2024-07-28 20:41:44,442 INFO notifyConnectTimeout:100

2024-07-28 20:41:44,443 INFO notifySocketTimeout:200

2024-07-28 20:41:44,443 INFO isHealthCheck:true

2024-07-28 20:41:44,443 INFO maxHealthCheckFailCount:12

2024-07-28 20:41:44,443 INFO maxContent:10485760

2024-07-28 20:41:46,089 WARN DumpService start

2024-07-28 20:41:46,089 INFO start clear all config-info.

2024-07-28 20:41:46,089 WARN clear all config-info failed.

2024-07-28 20:41:46,089 WARN clear all config-info-tenant failed.

2024-07-28 20:41:46,091 INFO start clear all config-info-beta.

2024-07-28 20:41:46,091 WARN clear all config-info-beta failed.

2024-07-28 20:41:46,091 WARN clear all config-info-beta-tenant failed.

2024-07-28 20:41:46,092 INFO start clear all config-info-tag.

2024-07-28 20:41:46,092 WARN clear all config-info-tag failed.

2024-07-28 20:41:46,092 WARN clear all config-info-tag-tenant failed.

2024-07-28 21:01:32,502 INFO notifyConnectTimeout:100

2024-07-28 21:01:32,506 INFO notifySocketTimeout:200

2024-07-28 21:01:32,506 INFO isHealthCheck:true

2024-07-28 21:01:32,506 INFO maxHealthCheckFailCount:12

2024-07-28 21:01:32,506 INFO maxContent:10485760

2024-07-28 21:01:44,834 WARN DumpService start

2024-07-28 21:01:44,834 INFO start clear all config-info.

2024-07-28 21:01:44,835 WARN clear all config-info failed.

2024-07-28 21:01:44,835 WARN clear all config-info-tenant failed.

2024-07-28 21:06:01,772 INFO notifyConnectTimeout:100

2024-07-28 21:06:01,773 INFO notifySocketTimeout:200

2024-07-28 21:06:01,773 INFO isHealthCheck:true

2024-07-28 21:06:01,773 INFO maxHealthCheckFailCount:12

2024-07-28 21:06:01,773 INFO maxContent:10485760

2024-07-28 21:06:03,703 WARN DumpService start

2024-07-28 21:06:03,703 INFO start clear all config-info.

2024-07-28 21:06:03,703 WARN clear all config-info failed.

2024-07-28 21:06:03,703 WARN clear all config-info-tenant failed.

2024-07-28 21:06:03,705 INFO start clear all config-info-beta.

2024-07-28 21:06:03,705 WARN clear all config-info-beta failed.

2024-07-28 21:06:03,705 WARN clear all config-info-beta-tenant failed.

2024-07-28 21:06:03,706 INFO start clear all config-info-tag.

2024-07-28 21:06:03,706 WARN clear all config-info-tag failed.

2024-07-28 21:06:03,706 WARN clear all config-info-tag-tenant failed.

2024-07-28 21:20:11,843 INFO notifyConnectTimeout:100

2024-07-28 21:20:11,851 INFO notifySocketTimeout:200

2024-07-28 21:20:11,852 INFO isHealthCheck:true

2024-07-28 21:20:11,852 INFO maxHealthCheckFailCount:12

2024-07-28 21:20:11,852 INFO maxContent:10485760

2024-07-28 21:20:17,861 WARN DumpService start

2024-07-28 21:20:17,865 INFO start clear all config-info.

2024-07-28 21:20:17,866 WARN clear all config-info failed.

2024-07-28 21:20:17,867 WARN clear all config-info-tenant failed.

2024-07-28 21:20:17,895 INFO start clear all config-info-beta.

2024-07-28 21:20:17,895 WARN clear all config-info-beta failed.

2024-07-28 21:20:17,899 WARN clear all config-info-beta-tenant failed.

2024-07-28 21:20:17,905 INFO start clear all config-info-tag.

2024-07-28 21:20:17,906 WARN clear all config-info-tag failed.

2024-07-28 21:20:17,906 WARN clear all config-info-tag-tenant failed.

2024-07-28 21:29:23,095 INFO notifyConnectTimeout:100

2024-07-28 21:29:23,103 INFO notifySocketTimeout:200

2024-07-28 21:29:23,103 INFO isHealthCheck:true

2024-07-28 21:29:23,103 INFO maxHealthCheckFailCount:12

2024-07-28 21:29:23,103 INFO maxContent:10485760

2024-07-28 21:29:38,944 WARN DumpService start

2024-07-28 21:29:38,944 INFO start clear all config-info.

2024-07-28 21:29:38,945 WARN clear all config-info failed.

2024-07-28 21:29:38,945 WARN clear all config-info-tenant failed.

2024-07-28 21:30:16,955 INFO notifyConnectTimeout:100

2024-07-28 21:30:16,956 INFO notifySocketTimeout:200

2024-07-28 21:30:16,956 INFO isHealthCheck:true

2024-07-28 21:30:16,956 INFO maxHealthCheckFailCount:12

2024-07-28 21:30:16,956 INFO maxContent:10485760

2024-07-28 21:30:18,678 WARN DumpService start

2024-07-28 21:30:18,678 INFO start clear all config-info.

2024-07-28 21:30:18,678 WARN clear all config-info failed.

2024-07-28 21:30:18,678 WARN clear all config-info-tenant failed.

2024-07-28 21:30:18,680 INFO start clear all config-info-beta.

2024-07-28 21:30:18,680 WARN clear all config-info-beta failed.

2024-07-28 21:30:18,680 WARN clear all config-info-beta-tenant failed.

2024-07-28 21:30:18,681 INFO start clear all config-info-tag.

2024-07-28 21:30:18,681 WARN clear all config-info-tag failed.

2024-07-28 21:30:18,681 WARN clear all config-info-tag-tenant failed.

2024-07-28 21:38:23,336 INFO notifyConnectTimeout:100

2024-07-28 21:38:23,337 INFO notifySocketTimeout:200

2024-07-28 21:38:23,337 INFO isHealthCheck:true

2024-07-28 21:38:23,337 INFO maxHealthCheckFailCount:12

2024-07-28 21:38:23,337 INFO maxContent:10485760

2024-07-28 21:38:25,087 WARN DumpService start

2024-07-28 21:38:25,088 INFO start clear all config-info.

2024-07-28 21:38:25,088 WARN clear all config-info failed.

2024-07-28 21:38:25,088 WARN clear all config-info-tenant failed.

2024-07-28 21:38:25,090 INFO start clear all config-info-beta.

2024-07-28 21:38:25,090 WARN clear all config-info-beta failed.

2024-07-28 21:38:25,090 WARN clear all config-info-beta-tenant failed.

2024-07-28 21:38:25,091 INFO start clear all config-info-tag.

2024-07-28 21:38:25,091 WARN clear all config-info-tag failed.

2024-07-28 21:38:25,091 WARN clear all config-info-tag-tenant failed.

