2024-07-28 20:31:06,213 INFO PERFORMANCE:|serviceCount|ipCount|subscribeCount|maxPushCost|avgPushCost|totalPushCount|failPushCount

2024-07-28 20:31:06,213 INFO DISTRO:|V1SyncDone|V1SyncFail|V2SyncDone|V2SyncFail|V2VerifyFail|

2024-07-28 20:31:06,213 INFO PERFORMANCE:|0|0|0|-1|-1|0|0

2024-07-28 20:31:06,215 INFO Task worker status: 
naming_0%32, pending tasks: 0
naming_1%32, pending tasks: 0
naming_2%32, pending tasks: 0
naming_3%32, pending tasks: 0
naming_4%32, pending tasks: 0
naming_5%32, pending tasks: 0
naming_6%32, pending tasks: 0
naming_7%32, pending tasks: 0
naming_8%32, pending tasks: 0
naming_9%32, pending tasks: 0
naming_10%32, pending tasks: 0
naming_11%32, pending tasks: 0
naming_12%32, pending tasks: 0
naming_13%32, pending tasks: 0
naming_14%32, pending tasks: 0
naming_15%32, pending tasks: 0
naming_16%32, pending tasks: 0
naming_17%32, pending tasks: 0
naming_18%32, pending tasks: 0
naming_19%32, pending tasks: 0
naming_20%32, pending tasks: 0
naming_21%32, pending tasks: 0
naming_22%32, pending tasks: 0
naming_23%32, pending tasks: 0
naming_24%32, pending tasks: 0
naming_25%32, pending tasks: 0
naming_26%32, pending tasks: 0
naming_27%32, pending tasks: 0
naming_28%32, pending tasks: 0
naming_29%32, pending tasks: 0
naming_30%32, pending tasks: 0
naming_31%32, pending tasks: 0


2024-07-28 20:31:06,216 INFO DISTRO:|0|0|0|

2024-07-28 20:32:06,216 INFO PERFORMANCE:|0|0|0|-1|-1|0|0

2024-07-28 20:32:06,216 INFO Task worker status: 
naming_0%32, pending tasks: 0
naming_1%32, pending tasks: 0
naming_2%32, pending tasks: 0
naming_3%32, pending tasks: 0
naming_4%32, pending tasks: 0
naming_5%32, pending tasks: 0
naming_6%32, pending tasks: 0
naming_7%32, pending tasks: 0
naming_8%32, pending tasks: 0
naming_9%32, pending tasks: 0
naming_10%32, pending tasks: 0
naming_11%32, pending tasks: 0
naming_12%32, pending tasks: 0
naming_13%32, pending tasks: 0
naming_14%32, pending tasks: 0
naming_15%32, pending tasks: 0
naming_16%32, pending tasks: 0
naming_17%32, pending tasks: 0
naming_18%32, pending tasks: 0
naming_19%32, pending tasks: 0
naming_20%32, pending tasks: 0
naming_21%32, pending tasks: 0
naming_22%32, pending tasks: 0
naming_23%32, pending tasks: 0
naming_24%32, pending tasks: 0
naming_25%32, pending tasks: 0
naming_26%32, pending tasks: 0
naming_27%32, pending tasks: 0
naming_28%32, pending tasks: 0
naming_29%32, pending tasks: 0
naming_30%32, pending tasks: 0
naming_31%32, pending tasks: 0


2024-07-28 20:32:06,216 INFO DISTRO:|0|0|0|

2024-07-28 20:33:06,216 INFO PERFORMANCE:|0|0|0|-1|-1|0|0

2024-07-28 20:33:06,216 INFO Task worker status: 
naming_0%32, pending tasks: 0
naming_1%32, pending tasks: 0
naming_2%32, pending tasks: 0
naming_3%32, pending tasks: 0
naming_4%32, pending tasks: 0
naming_5%32, pending tasks: 0
naming_6%32, pending tasks: 0
naming_7%32, pending tasks: 0
naming_8%32, pending tasks: 0
naming_9%32, pending tasks: 0
naming_10%32, pending tasks: 0
naming_11%32, pending tasks: 0
naming_12%32, pending tasks: 0
naming_13%32, pending tasks: 0
naming_14%32, pending tasks: 0
naming_15%32, pending tasks: 0
naming_16%32, pending tasks: 0
naming_17%32, pending tasks: 0
naming_18%32, pending tasks: 0
naming_19%32, pending tasks: 0
naming_20%32, pending tasks: 0
naming_21%32, pending tasks: 0
naming_22%32, pending tasks: 0
naming_23%32, pending tasks: 0
naming_24%32, pending tasks: 0
naming_25%32, pending tasks: 0
naming_26%32, pending tasks: 0
naming_27%32, pending tasks: 0
naming_28%32, pending tasks: 0
naming_29%32, pending tasks: 0
naming_30%32, pending tasks: 0
naming_31%32, pending tasks: 0


2024-07-28 20:33:06,216 INFO DISTRO:|0|0|0|

2024-07-28 20:34:06,216 INFO PERFORMANCE:|0|0|0|-1|-1|0|0

2024-07-28 20:34:06,216 INFO Task worker status: 
naming_0%32, pending tasks: 0
naming_1%32, pending tasks: 0
naming_2%32, pending tasks: 0
naming_3%32, pending tasks: 0
naming_4%32, pending tasks: 0
naming_5%32, pending tasks: 0
naming_6%32, pending tasks: 0
naming_7%32, pending tasks: 0
naming_8%32, pending tasks: 0
naming_9%32, pending tasks: 0
naming_10%32, pending tasks: 0
naming_11%32, pending tasks: 0
naming_12%32, pending tasks: 0
naming_13%32, pending tasks: 0
naming_14%32, pending tasks: 0
naming_15%32, pending tasks: 0
naming_16%32, pending tasks: 0
naming_17%32, pending tasks: 0
naming_18%32, pending tasks: 0
naming_19%32, pending tasks: 0
naming_20%32, pending tasks: 0
naming_21%32, pending tasks: 0
naming_22%32, pending tasks: 0
naming_23%32, pending tasks: 0
naming_24%32, pending tasks: 0
naming_25%32, pending tasks: 0
naming_26%32, pending tasks: 0
naming_27%32, pending tasks: 0
naming_28%32, pending tasks: 0
naming_29%32, pending tasks: 0
naming_30%32, pending tasks: 0
naming_31%32, pending tasks: 0


2024-07-28 20:34:06,216 INFO DISTRO:|0|0|0|

2024-07-28 20:35:06,217 INFO PERFORMANCE:|0|0|0|-1|-1|0|0

2024-07-28 20:35:06,217 INFO Task worker status: 
naming_0%32, pending tasks: 0
naming_1%32, pending tasks: 0
naming_2%32, pending tasks: 0
naming_3%32, pending tasks: 0
naming_4%32, pending tasks: 0
naming_5%32, pending tasks: 0
naming_6%32, pending tasks: 0
naming_7%32, pending tasks: 0
naming_8%32, pending tasks: 0
naming_9%32, pending tasks: 0
naming_10%32, pending tasks: 0
naming_11%32, pending tasks: 0
naming_12%32, pending tasks: 0
naming_13%32, pending tasks: 0
naming_14%32, pending tasks: 0
naming_15%32, pending tasks: 0
naming_16%32, pending tasks: 0
naming_17%32, pending tasks: 0
naming_18%32, pending tasks: 0
naming_19%32, pending tasks: 0
naming_20%32, pending tasks: 0
naming_21%32, pending tasks: 0
naming_22%32, pending tasks: 0
naming_23%32, pending tasks: 0
naming_24%32, pending tasks: 0
naming_25%32, pending tasks: 0
naming_26%32, pending tasks: 0
naming_27%32, pending tasks: 0
naming_28%32, pending tasks: 0
naming_29%32, pending tasks: 0
naming_30%32, pending tasks: 0
naming_31%32, pending tasks: 0


2024-07-28 20:35:06,217 INFO DISTRO:|0|0|0|

2024-07-28 20:36:06,217 INFO PERFORMANCE:|0|0|0|-1|-1|0|0

2024-07-28 20:36:06,217 INFO Task worker status: 
naming_0%32, pending tasks: 0
naming_1%32, pending tasks: 0
naming_2%32, pending tasks: 0
naming_3%32, pending tasks: 0
naming_4%32, pending tasks: 0
naming_5%32, pending tasks: 0
naming_6%32, pending tasks: 0
naming_7%32, pending tasks: 0
naming_8%32, pending tasks: 0
naming_9%32, pending tasks: 0
naming_10%32, pending tasks: 0
naming_11%32, pending tasks: 0
naming_12%32, pending tasks: 0
naming_13%32, pending tasks: 0
naming_14%32, pending tasks: 0
naming_15%32, pending tasks: 0
naming_16%32, pending tasks: 0
naming_17%32, pending tasks: 0
naming_18%32, pending tasks: 0
naming_19%32, pending tasks: 0
naming_20%32, pending tasks: 0
naming_21%32, pending tasks: 0
naming_22%32, pending tasks: 0
naming_23%32, pending tasks: 0
naming_24%32, pending tasks: 0
naming_25%32, pending tasks: 0
naming_26%32, pending tasks: 0
naming_27%32, pending tasks: 0
naming_28%32, pending tasks: 0
naming_29%32, pending tasks: 0
naming_30%32, pending tasks: 0
naming_31%32, pending tasks: 0


2024-07-28 20:36:06,217 INFO DISTRO:|0|0|0|

2024-07-28 20:42:16,387 INFO PERFORMANCE:|serviceCount|ipCount|subscribeCount|maxPushCost|avgPushCost|totalPushCount|failPushCount

2024-07-28 20:42:16,387 INFO DISTRO:|V1SyncDone|V1SyncFail|V2SyncDone|V2SyncFail|V2VerifyFail|

2024-07-28 20:42:16,387 INFO PERFORMANCE:|1|1|0|-1|-1|0|0

2024-07-28 20:42:16,388 INFO Task worker status: 
naming_0%32, pending tasks: 0
naming_1%32, pending tasks: 0
naming_2%32, pending tasks: 0
naming_3%32, pending tasks: 0
naming_4%32, pending tasks: 0
naming_5%32, pending tasks: 0
naming_6%32, pending tasks: 0
naming_7%32, pending tasks: 0
naming_8%32, pending tasks: 0
naming_9%32, pending tasks: 0
naming_10%32, pending tasks: 0
naming_11%32, pending tasks: 0
naming_12%32, pending tasks: 0
naming_13%32, pending tasks: 0
naming_14%32, pending tasks: 0
naming_15%32, pending tasks: 0
naming_16%32, pending tasks: 0
naming_17%32, pending tasks: 0
naming_18%32, pending tasks: 0
naming_19%32, pending tasks: 0
naming_20%32, pending tasks: 0
naming_21%32, pending tasks: 0
naming_22%32, pending tasks: 0
naming_23%32, pending tasks: 0
naming_24%32, pending tasks: 0
naming_25%32, pending tasks: 0
naming_26%32, pending tasks: 0
naming_27%32, pending tasks: 0
naming_28%32, pending tasks: 0
naming_29%32, pending tasks: 0
naming_30%32, pending tasks: 0
naming_31%32, pending tasks: 0


2024-07-28 20:42:16,388 INFO DISTRO:|0|0|0|

2024-07-28 20:43:16,388 INFO PERFORMANCE:|2|0|0|-1|-1|0|0

2024-07-28 20:43:16,389 INFO Task worker status: 
naming_0%32, pending tasks: 0
naming_1%32, pending tasks: 0
naming_2%32, pending tasks: 0
naming_3%32, pending tasks: 0
naming_4%32, pending tasks: 0
naming_5%32, pending tasks: 0
naming_6%32, pending tasks: 0
naming_7%32, pending tasks: 0
naming_8%32, pending tasks: 0
naming_9%32, pending tasks: 0
naming_10%32, pending tasks: 0
naming_11%32, pending tasks: 0
naming_12%32, pending tasks: 0
naming_13%32, pending tasks: 0
naming_14%32, pending tasks: 0
naming_15%32, pending tasks: 0
naming_16%32, pending tasks: 0
naming_17%32, pending tasks: 0
naming_18%32, pending tasks: 0
naming_19%32, pending tasks: 0
naming_20%32, pending tasks: 0
naming_21%32, pending tasks: 0
naming_22%32, pending tasks: 0
naming_23%32, pending tasks: 0
naming_24%32, pending tasks: 0
naming_25%32, pending tasks: 0
naming_26%32, pending tasks: 0
naming_27%32, pending tasks: 0
naming_28%32, pending tasks: 0
naming_29%32, pending tasks: 0
naming_30%32, pending tasks: 0
naming_31%32, pending tasks: 0


2024-07-28 20:43:16,389 INFO DISTRO:|0|0|0|

2024-07-28 20:44:16,389 INFO PERFORMANCE:|2|1|0|-1|-1|0|0

2024-07-28 20:44:16,389 INFO Task worker status: 
naming_0%32, pending tasks: 0
naming_1%32, pending tasks: 0
naming_2%32, pending tasks: 0
naming_3%32, pending tasks: 0
naming_4%32, pending tasks: 0
naming_5%32, pending tasks: 0
naming_6%32, pending tasks: 0
naming_7%32, pending tasks: 0
naming_8%32, pending tasks: 0
naming_9%32, pending tasks: 0
naming_10%32, pending tasks: 0
naming_11%32, pending tasks: 0
naming_12%32, pending tasks: 0
naming_13%32, pending tasks: 0
naming_14%32, pending tasks: 0
naming_15%32, pending tasks: 0
naming_16%32, pending tasks: 0
naming_17%32, pending tasks: 0
naming_18%32, pending tasks: 0
naming_19%32, pending tasks: 0
naming_20%32, pending tasks: 0
naming_21%32, pending tasks: 0
naming_22%32, pending tasks: 0
naming_23%32, pending tasks: 0
naming_24%32, pending tasks: 0
naming_25%32, pending tasks: 0
naming_26%32, pending tasks: 0
naming_27%32, pending tasks: 0
naming_28%32, pending tasks: 0
naming_29%32, pending tasks: 0
naming_30%32, pending tasks: 0
naming_31%32, pending tasks: 0


2024-07-28 20:44:16,389 INFO DISTRO:|0|0|0|

2024-07-28 20:45:16,389 INFO PERFORMANCE:|1|1|0|-1|-1|0|0

2024-07-28 20:45:16,389 INFO Task worker status: 
naming_0%32, pending tasks: 0
naming_1%32, pending tasks: 0
naming_2%32, pending tasks: 0
naming_3%32, pending tasks: 0
naming_4%32, pending tasks: 0
naming_5%32, pending tasks: 0
naming_6%32, pending tasks: 0
naming_7%32, pending tasks: 0
naming_8%32, pending tasks: 0
naming_9%32, pending tasks: 0
naming_10%32, pending tasks: 0
naming_11%32, pending tasks: 0
naming_12%32, pending tasks: 0
naming_13%32, pending tasks: 0
naming_14%32, pending tasks: 0
naming_15%32, pending tasks: 0
naming_16%32, pending tasks: 0
naming_17%32, pending tasks: 0
naming_18%32, pending tasks: 0
naming_19%32, pending tasks: 0
naming_20%32, pending tasks: 0
naming_21%32, pending tasks: 0
naming_22%32, pending tasks: 0
naming_23%32, pending tasks: 0
naming_24%32, pending tasks: 0
naming_25%32, pending tasks: 0
naming_26%32, pending tasks: 0
naming_27%32, pending tasks: 0
naming_28%32, pending tasks: 0
naming_29%32, pending tasks: 0
naming_30%32, pending tasks: 0
naming_31%32, pending tasks: 0


2024-07-28 20:45:16,389 INFO DISTRO:|0|0|0|

2024-07-28 20:46:16,389 INFO PERFORMANCE:|1|1|0|-1|-1|0|0

2024-07-28 20:46:16,389 INFO Task worker status: 
naming_0%32, pending tasks: 0
naming_1%32, pending tasks: 0
naming_2%32, pending tasks: 0
naming_3%32, pending tasks: 0
naming_4%32, pending tasks: 0
naming_5%32, pending tasks: 0
naming_6%32, pending tasks: 0
naming_7%32, pending tasks: 0
naming_8%32, pending tasks: 0
naming_9%32, pending tasks: 0
naming_10%32, pending tasks: 0
naming_11%32, pending tasks: 0
naming_12%32, pending tasks: 0
naming_13%32, pending tasks: 0
naming_14%32, pending tasks: 0
naming_15%32, pending tasks: 0
naming_16%32, pending tasks: 0
naming_17%32, pending tasks: 0
naming_18%32, pending tasks: 0
naming_19%32, pending tasks: 0
naming_20%32, pending tasks: 0
naming_21%32, pending tasks: 0
naming_22%32, pending tasks: 0
naming_23%32, pending tasks: 0
naming_24%32, pending tasks: 0
naming_25%32, pending tasks: 0
naming_26%32, pending tasks: 0
naming_27%32, pending tasks: 0
naming_28%32, pending tasks: 0
naming_29%32, pending tasks: 0
naming_30%32, pending tasks: 0
naming_31%32, pending tasks: 0


2024-07-28 20:46:16,389 INFO DISTRO:|0|0|0|

2024-07-28 20:47:16,389 INFO PERFORMANCE:|1|1|0|-1|-1|0|0

2024-07-28 20:47:16,389 INFO Task worker status: 
naming_0%32, pending tasks: 0
naming_1%32, pending tasks: 0
naming_2%32, pending tasks: 0
naming_3%32, pending tasks: 0
naming_4%32, pending tasks: 0
naming_5%32, pending tasks: 0
naming_6%32, pending tasks: 0
naming_7%32, pending tasks: 0
naming_8%32, pending tasks: 0
naming_9%32, pending tasks: 0
naming_10%32, pending tasks: 0
naming_11%32, pending tasks: 0
naming_12%32, pending tasks: 0
naming_13%32, pending tasks: 0
naming_14%32, pending tasks: 0
naming_15%32, pending tasks: 0
naming_16%32, pending tasks: 0
naming_17%32, pending tasks: 0
naming_18%32, pending tasks: 0
naming_19%32, pending tasks: 0
naming_20%32, pending tasks: 0
naming_21%32, pending tasks: 0
naming_22%32, pending tasks: 0
naming_23%32, pending tasks: 0
naming_24%32, pending tasks: 0
naming_25%32, pending tasks: 0
naming_26%32, pending tasks: 0
naming_27%32, pending tasks: 0
naming_28%32, pending tasks: 0
naming_29%32, pending tasks: 0
naming_30%32, pending tasks: 0
naming_31%32, pending tasks: 0


2024-07-28 20:47:16,389 INFO DISTRO:|0|0|0|

2024-07-28 20:48:16,389 INFO PERFORMANCE:|1|1|0|-1|-1|0|0

2024-07-28 20:48:16,389 INFO Task worker status: 
naming_0%32, pending tasks: 0
naming_1%32, pending tasks: 0
naming_2%32, pending tasks: 0
naming_3%32, pending tasks: 0
naming_4%32, pending tasks: 0
naming_5%32, pending tasks: 0
naming_6%32, pending tasks: 0
naming_7%32, pending tasks: 0
naming_8%32, pending tasks: 0
naming_9%32, pending tasks: 0
naming_10%32, pending tasks: 0
naming_11%32, pending tasks: 0
naming_12%32, pending tasks: 0
naming_13%32, pending tasks: 0
naming_14%32, pending tasks: 0
naming_15%32, pending tasks: 0
naming_16%32, pending tasks: 0
naming_17%32, pending tasks: 0
naming_18%32, pending tasks: 0
naming_19%32, pending tasks: 0
naming_20%32, pending tasks: 0
naming_21%32, pending tasks: 0
naming_22%32, pending tasks: 0
naming_23%32, pending tasks: 0
naming_24%32, pending tasks: 0
naming_25%32, pending tasks: 0
naming_26%32, pending tasks: 0
naming_27%32, pending tasks: 0
naming_28%32, pending tasks: 0
naming_29%32, pending tasks: 0
naming_30%32, pending tasks: 0
naming_31%32, pending tasks: 0


2024-07-28 20:48:16,389 INFO DISTRO:|0|0|0|

2024-07-28 20:49:16,390 INFO PERFORMANCE:|1|1|0|-1|-1|0|0

2024-07-28 20:49:16,390 INFO Task worker status: 
naming_0%32, pending tasks: 0
naming_1%32, pending tasks: 0
naming_2%32, pending tasks: 0
naming_3%32, pending tasks: 0
naming_4%32, pending tasks: 0
naming_5%32, pending tasks: 0
naming_6%32, pending tasks: 0
naming_7%32, pending tasks: 0
naming_8%32, pending tasks: 0
naming_9%32, pending tasks: 0
naming_10%32, pending tasks: 0
naming_11%32, pending tasks: 0
naming_12%32, pending tasks: 0
naming_13%32, pending tasks: 0
naming_14%32, pending tasks: 0
naming_15%32, pending tasks: 0
naming_16%32, pending tasks: 0
naming_17%32, pending tasks: 0
naming_18%32, pending tasks: 0
naming_19%32, pending tasks: 0
naming_20%32, pending tasks: 0
naming_21%32, pending tasks: 0
naming_22%32, pending tasks: 0
naming_23%32, pending tasks: 0
naming_24%32, pending tasks: 0
naming_25%32, pending tasks: 0
naming_26%32, pending tasks: 0
naming_27%32, pending tasks: 0
naming_28%32, pending tasks: 0
naming_29%32, pending tasks: 0
naming_30%32, pending tasks: 0
naming_31%32, pending tasks: 0


2024-07-28 20:49:16,390 INFO DISTRO:|0|0|0|

2024-07-28 20:50:16,390 INFO PERFORMANCE:|1|1|0|-1|-1|0|0

2024-07-28 20:50:16,390 INFO Task worker status: 
naming_0%32, pending tasks: 0
naming_1%32, pending tasks: 0
naming_2%32, pending tasks: 0
naming_3%32, pending tasks: 0
naming_4%32, pending tasks: 0
naming_5%32, pending tasks: 0
naming_6%32, pending tasks: 0
naming_7%32, pending tasks: 0
naming_8%32, pending tasks: 0
naming_9%32, pending tasks: 0
naming_10%32, pending tasks: 0
naming_11%32, pending tasks: 0
naming_12%32, pending tasks: 0
naming_13%32, pending tasks: 0
naming_14%32, pending tasks: 0
naming_15%32, pending tasks: 0
naming_16%32, pending tasks: 0
naming_17%32, pending tasks: 0
naming_18%32, pending tasks: 0
naming_19%32, pending tasks: 0
naming_20%32, pending tasks: 0
naming_21%32, pending tasks: 0
naming_22%32, pending tasks: 0
naming_23%32, pending tasks: 0
naming_24%32, pending tasks: 0
naming_25%32, pending tasks: 0
naming_26%32, pending tasks: 0
naming_27%32, pending tasks: 0
naming_28%32, pending tasks: 0
naming_29%32, pending tasks: 0
naming_30%32, pending tasks: 0
naming_31%32, pending tasks: 0


2024-07-28 20:50:16,390 INFO DISTRO:|0|0|0|

2024-07-28 20:51:16,390 INFO PERFORMANCE:|1|1|0|-1|-1|0|0

2024-07-28 20:51:16,390 INFO Task worker status: 
naming_0%32, pending tasks: 0
naming_1%32, pending tasks: 0
naming_2%32, pending tasks: 0
naming_3%32, pending tasks: 0
naming_4%32, pending tasks: 0
naming_5%32, pending tasks: 0
naming_6%32, pending tasks: 0
naming_7%32, pending tasks: 0
naming_8%32, pending tasks: 0
naming_9%32, pending tasks: 0
naming_10%32, pending tasks: 0
naming_11%32, pending tasks: 0
naming_12%32, pending tasks: 0
naming_13%32, pending tasks: 0
naming_14%32, pending tasks: 0
naming_15%32, pending tasks: 0
naming_16%32, pending tasks: 0
naming_17%32, pending tasks: 0
naming_18%32, pending tasks: 0
naming_19%32, pending tasks: 0
naming_20%32, pending tasks: 0
naming_21%32, pending tasks: 0
naming_22%32, pending tasks: 0
naming_23%32, pending tasks: 0
naming_24%32, pending tasks: 0
naming_25%32, pending tasks: 0
naming_26%32, pending tasks: 0
naming_27%32, pending tasks: 0
naming_28%32, pending tasks: 0
naming_29%32, pending tasks: 0
naming_30%32, pending tasks: 0
naming_31%32, pending tasks: 0


2024-07-28 20:51:16,390 INFO DISTRO:|0|0|0|

2024-07-28 20:52:16,390 INFO PERFORMANCE:|serviceCount|ipCount|subscribeCount|maxPushCost|avgPushCost|totalPushCount|failPushCount

2024-07-28 20:52:16,390 INFO DISTRO:|V1SyncDone|V1SyncFail|V2SyncDone|V2SyncFail|V2VerifyFail|

2024-07-28 20:52:16,390 INFO PERFORMANCE:|1|1|0|-1|-1|0|0

2024-07-28 20:52:16,390 INFO Task worker status: 
naming_0%32, pending tasks: 0
naming_1%32, pending tasks: 0
naming_2%32, pending tasks: 0
naming_3%32, pending tasks: 0
naming_4%32, pending tasks: 0
naming_5%32, pending tasks: 0
naming_6%32, pending tasks: 0
naming_7%32, pending tasks: 0
naming_8%32, pending tasks: 0
naming_9%32, pending tasks: 0
naming_10%32, pending tasks: 0
naming_11%32, pending tasks: 0
naming_12%32, pending tasks: 0
naming_13%32, pending tasks: 0
naming_14%32, pending tasks: 0
naming_15%32, pending tasks: 0
naming_16%32, pending tasks: 0
naming_17%32, pending tasks: 0
naming_18%32, pending tasks: 0
naming_19%32, pending tasks: 0
naming_20%32, pending tasks: 0
naming_21%32, pending tasks: 0
naming_22%32, pending tasks: 0
naming_23%32, pending tasks: 0
naming_24%32, pending tasks: 0
naming_25%32, pending tasks: 0
naming_26%32, pending tasks: 0
naming_27%32, pending tasks: 0
naming_28%32, pending tasks: 0
naming_29%32, pending tasks: 0
naming_30%32, pending tasks: 0
naming_31%32, pending tasks: 0


2024-07-28 20:52:16,390 INFO DISTRO:|0|0|0|

2024-07-28 20:53:16,390 INFO PERFORMANCE:|1|1|0|-1|-1|0|0

2024-07-28 20:53:16,390 INFO Task worker status: 
naming_0%32, pending tasks: 0
naming_1%32, pending tasks: 0
naming_2%32, pending tasks: 0
naming_3%32, pending tasks: 0
naming_4%32, pending tasks: 0
naming_5%32, pending tasks: 0
naming_6%32, pending tasks: 0
naming_7%32, pending tasks: 0
naming_8%32, pending tasks: 0
naming_9%32, pending tasks: 0
naming_10%32, pending tasks: 0
naming_11%32, pending tasks: 0
naming_12%32, pending tasks: 0
naming_13%32, pending tasks: 0
naming_14%32, pending tasks: 0
naming_15%32, pending tasks: 0
naming_16%32, pending tasks: 0
naming_17%32, pending tasks: 0
naming_18%32, pending tasks: 0
naming_19%32, pending tasks: 0
naming_20%32, pending tasks: 0
naming_21%32, pending tasks: 0
naming_22%32, pending tasks: 0
naming_23%32, pending tasks: 0
naming_24%32, pending tasks: 0
naming_25%32, pending tasks: 0
naming_26%32, pending tasks: 0
naming_27%32, pending tasks: 0
naming_28%32, pending tasks: 0
naming_29%32, pending tasks: 0
naming_30%32, pending tasks: 0
naming_31%32, pending tasks: 0


2024-07-28 20:53:16,390 INFO DISTRO:|0|0|0|

2024-07-28 20:54:16,390 INFO PERFORMANCE:|1|1|0|-1|-1|0|0

2024-07-28 20:54:16,390 INFO Task worker status: 
naming_0%32, pending tasks: 0
naming_1%32, pending tasks: 0
naming_2%32, pending tasks: 0
naming_3%32, pending tasks: 0
naming_4%32, pending tasks: 0
naming_5%32, pending tasks: 0
naming_6%32, pending tasks: 0
naming_7%32, pending tasks: 0
naming_8%32, pending tasks: 0
naming_9%32, pending tasks: 0
naming_10%32, pending tasks: 0
naming_11%32, pending tasks: 0
naming_12%32, pending tasks: 0
naming_13%32, pending tasks: 0
naming_14%32, pending tasks: 0
naming_15%32, pending tasks: 0
naming_16%32, pending tasks: 0
naming_17%32, pending tasks: 0
naming_18%32, pending tasks: 0
naming_19%32, pending tasks: 0
naming_20%32, pending tasks: 0
naming_21%32, pending tasks: 0
naming_22%32, pending tasks: 0
naming_23%32, pending tasks: 0
naming_24%32, pending tasks: 0
naming_25%32, pending tasks: 0
naming_26%32, pending tasks: 0
naming_27%32, pending tasks: 0
naming_28%32, pending tasks: 0
naming_29%32, pending tasks: 0
naming_30%32, pending tasks: 0
naming_31%32, pending tasks: 0


2024-07-28 20:54:16,391 INFO DISTRO:|0|0|0|

2024-07-28 20:55:16,391 INFO PERFORMANCE:|1|1|0|-1|-1|0|0

2024-07-28 20:55:16,391 INFO Task worker status: 
naming_0%32, pending tasks: 0
naming_1%32, pending tasks: 0
naming_2%32, pending tasks: 0
naming_3%32, pending tasks: 0
naming_4%32, pending tasks: 0
naming_5%32, pending tasks: 0
naming_6%32, pending tasks: 0
naming_7%32, pending tasks: 0
naming_8%32, pending tasks: 0
naming_9%32, pending tasks: 0
naming_10%32, pending tasks: 0
naming_11%32, pending tasks: 0
naming_12%32, pending tasks: 0
naming_13%32, pending tasks: 0
naming_14%32, pending tasks: 0
naming_15%32, pending tasks: 0
naming_16%32, pending tasks: 0
naming_17%32, pending tasks: 0
naming_18%32, pending tasks: 0
naming_19%32, pending tasks: 0
naming_20%32, pending tasks: 0
naming_21%32, pending tasks: 0
naming_22%32, pending tasks: 0
naming_23%32, pending tasks: 0
naming_24%32, pending tasks: 0
naming_25%32, pending tasks: 0
naming_26%32, pending tasks: 0
naming_27%32, pending tasks: 0
naming_28%32, pending tasks: 0
naming_29%32, pending tasks: 0
naming_30%32, pending tasks: 0
naming_31%32, pending tasks: 0


2024-07-28 20:55:16,391 INFO DISTRO:|0|0|0|

2024-07-28 20:56:16,391 INFO PERFORMANCE:|1|1|0|-1|-1|0|0

2024-07-28 20:56:16,391 INFO Task worker status: 
naming_0%32, pending tasks: 0
naming_1%32, pending tasks: 0
naming_2%32, pending tasks: 0
naming_3%32, pending tasks: 0
naming_4%32, pending tasks: 0
naming_5%32, pending tasks: 0
naming_6%32, pending tasks: 0
naming_7%32, pending tasks: 0
naming_8%32, pending tasks: 0
naming_9%32, pending tasks: 0
naming_10%32, pending tasks: 0
naming_11%32, pending tasks: 0
naming_12%32, pending tasks: 0
naming_13%32, pending tasks: 0
naming_14%32, pending tasks: 0
naming_15%32, pending tasks: 0
naming_16%32, pending tasks: 0
naming_17%32, pending tasks: 0
naming_18%32, pending tasks: 0
naming_19%32, pending tasks: 0
naming_20%32, pending tasks: 0
naming_21%32, pending tasks: 0
naming_22%32, pending tasks: 0
naming_23%32, pending tasks: 0
naming_24%32, pending tasks: 0
naming_25%32, pending tasks: 0
naming_26%32, pending tasks: 0
naming_27%32, pending tasks: 0
naming_28%32, pending tasks: 0
naming_29%32, pending tasks: 0
naming_30%32, pending tasks: 0
naming_31%32, pending tasks: 0


2024-07-28 20:56:16,391 INFO DISTRO:|0|0|0|

2024-07-28 20:57:16,391 INFO PERFORMANCE:|2|2|0|-1|-1|0|0

2024-07-28 20:57:16,391 INFO Task worker status: 
naming_0%32, pending tasks: 0
naming_1%32, pending tasks: 0
naming_2%32, pending tasks: 0
naming_3%32, pending tasks: 0
naming_4%32, pending tasks: 0
naming_5%32, pending tasks: 0
naming_6%32, pending tasks: 0
naming_7%32, pending tasks: 0
naming_8%32, pending tasks: 0
naming_9%32, pending tasks: 0
naming_10%32, pending tasks: 0
naming_11%32, pending tasks: 0
naming_12%32, pending tasks: 0
naming_13%32, pending tasks: 0
naming_14%32, pending tasks: 0
naming_15%32, pending tasks: 0
naming_16%32, pending tasks: 0
naming_17%32, pending tasks: 0
naming_18%32, pending tasks: 0
naming_19%32, pending tasks: 0
naming_20%32, pending tasks: 0
naming_21%32, pending tasks: 0
naming_22%32, pending tasks: 0
naming_23%32, pending tasks: 0
naming_24%32, pending tasks: 0
naming_25%32, pending tasks: 0
naming_26%32, pending tasks: 0
naming_27%32, pending tasks: 0
naming_28%32, pending tasks: 0
naming_29%32, pending tasks: 0
naming_30%32, pending tasks: 0
naming_31%32, pending tasks: 0


2024-07-28 20:57:16,391 INFO DISTRO:|0|0|0|

2024-07-28 20:58:16,391 INFO PERFORMANCE:|2|0|0|-1|-1|0|0

2024-07-28 20:58:16,391 INFO Task worker status: 
naming_0%32, pending tasks: 0
naming_1%32, pending tasks: 0
naming_2%32, pending tasks: 0
naming_3%32, pending tasks: 0
naming_4%32, pending tasks: 0
naming_5%32, pending tasks: 0
naming_6%32, pending tasks: 0
naming_7%32, pending tasks: 0
naming_8%32, pending tasks: 0
naming_9%32, pending tasks: 0
naming_10%32, pending tasks: 0
naming_11%32, pending tasks: 0
naming_12%32, pending tasks: 0
naming_13%32, pending tasks: 0
naming_14%32, pending tasks: 0
naming_15%32, pending tasks: 0
naming_16%32, pending tasks: 0
naming_17%32, pending tasks: 0
naming_18%32, pending tasks: 0
naming_19%32, pending tasks: 0
naming_20%32, pending tasks: 0
naming_21%32, pending tasks: 0
naming_22%32, pending tasks: 0
naming_23%32, pending tasks: 0
naming_24%32, pending tasks: 0
naming_25%32, pending tasks: 0
naming_26%32, pending tasks: 0
naming_27%32, pending tasks: 0
naming_28%32, pending tasks: 0
naming_29%32, pending tasks: 0
naming_30%32, pending tasks: 0
naming_31%32, pending tasks: 0


2024-07-28 20:58:16,391 INFO DISTRO:|0|0|0|

2024-07-28 20:59:16,391 INFO PERFORMANCE:|2|0|0|-1|-1|0|0

2024-07-28 20:59:16,391 INFO Task worker status: 
naming_0%32, pending tasks: 0
naming_1%32, pending tasks: 0
naming_2%32, pending tasks: 0
naming_3%32, pending tasks: 0
naming_4%32, pending tasks: 0
naming_5%32, pending tasks: 0
naming_6%32, pending tasks: 0
naming_7%32, pending tasks: 0
naming_8%32, pending tasks: 0
naming_9%32, pending tasks: 0
naming_10%32, pending tasks: 0
naming_11%32, pending tasks: 0
naming_12%32, pending tasks: 0
naming_13%32, pending tasks: 0
naming_14%32, pending tasks: 0
naming_15%32, pending tasks: 0
naming_16%32, pending tasks: 0
naming_17%32, pending tasks: 0
naming_18%32, pending tasks: 0
naming_19%32, pending tasks: 0
naming_20%32, pending tasks: 0
naming_21%32, pending tasks: 0
naming_22%32, pending tasks: 0
naming_23%32, pending tasks: 0
naming_24%32, pending tasks: 0
naming_25%32, pending tasks: 0
naming_26%32, pending tasks: 0
naming_27%32, pending tasks: 0
naming_28%32, pending tasks: 0
naming_29%32, pending tasks: 0
naming_30%32, pending tasks: 0
naming_31%32, pending tasks: 0


2024-07-28 20:59:16,391 INFO DISTRO:|0|0|0|

2024-07-28 21:00:16,392 INFO PERFORMANCE:|0|0|0|-1|-1|0|0

2024-07-28 21:00:16,392 INFO Task worker status: 
naming_0%32, pending tasks: 0
naming_1%32, pending tasks: 0
naming_2%32, pending tasks: 0
naming_3%32, pending tasks: 0
naming_4%32, pending tasks: 0
naming_5%32, pending tasks: 0
naming_6%32, pending tasks: 0
naming_7%32, pending tasks: 0
naming_8%32, pending tasks: 0
naming_9%32, pending tasks: 0
naming_10%32, pending tasks: 0
naming_11%32, pending tasks: 0
naming_12%32, pending tasks: 0
naming_13%32, pending tasks: 0
naming_14%32, pending tasks: 0
naming_15%32, pending tasks: 0
naming_16%32, pending tasks: 0
naming_17%32, pending tasks: 0
naming_18%32, pending tasks: 0
naming_19%32, pending tasks: 0
naming_20%32, pending tasks: 0
naming_21%32, pending tasks: 0
naming_22%32, pending tasks: 0
naming_23%32, pending tasks: 0
naming_24%32, pending tasks: 0
naming_25%32, pending tasks: 0
naming_26%32, pending tasks: 0
naming_27%32, pending tasks: 0
naming_28%32, pending tasks: 0
naming_29%32, pending tasks: 0
naming_30%32, pending tasks: 0
naming_31%32, pending tasks: 0


2024-07-28 21:00:16,392 INFO DISTRO:|0|0|0|

2024-07-28 21:06:34,061 INFO PERFORMANCE:|serviceCount|ipCount|subscribeCount|maxPushCost|avgPushCost|totalPushCount|failPushCount

2024-07-28 21:06:34,061 INFO DISTRO:|V1SyncDone|V1SyncFail|V2SyncDone|V2SyncFail|V2VerifyFail|

2024-07-28 21:06:34,061 INFO PERFORMANCE:|0|0|0|-1|-1|0|0

2024-07-28 21:06:34,063 INFO Task worker status: 
naming_0%32, pending tasks: 0
naming_1%32, pending tasks: 0
naming_2%32, pending tasks: 0
naming_3%32, pending tasks: 0
naming_4%32, pending tasks: 0
naming_5%32, pending tasks: 0
naming_6%32, pending tasks: 0
naming_7%32, pending tasks: 0
naming_8%32, pending tasks: 0
naming_9%32, pending tasks: 0
naming_10%32, pending tasks: 0
naming_11%32, pending tasks: 0
naming_12%32, pending tasks: 0
naming_13%32, pending tasks: 0
naming_14%32, pending tasks: 0
naming_15%32, pending tasks: 0
naming_16%32, pending tasks: 0
naming_17%32, pending tasks: 0
naming_18%32, pending tasks: 0
naming_19%32, pending tasks: 0
naming_20%32, pending tasks: 0
naming_21%32, pending tasks: 0
naming_22%32, pending tasks: 0
naming_23%32, pending tasks: 0
naming_24%32, pending tasks: 0
naming_25%32, pending tasks: 0
naming_26%32, pending tasks: 0
naming_27%32, pending tasks: 0
naming_28%32, pending tasks: 0
naming_29%32, pending tasks: 0
naming_30%32, pending tasks: 0
naming_31%32, pending tasks: 0


2024-07-28 21:06:34,063 INFO DISTRO:|0|0|0|

2024-07-28 21:07:34,063 INFO PERFORMANCE:|1|1|0|-1|-1|0|0

2024-07-28 21:07:34,064 INFO Task worker status: 
naming_0%32, pending tasks: 0
naming_1%32, pending tasks: 0
naming_2%32, pending tasks: 0
naming_3%32, pending tasks: 0
naming_4%32, pending tasks: 0
naming_5%32, pending tasks: 0
naming_6%32, pending tasks: 0
naming_7%32, pending tasks: 0
naming_8%32, pending tasks: 0
naming_9%32, pending tasks: 0
naming_10%32, pending tasks: 0
naming_11%32, pending tasks: 0
naming_12%32, pending tasks: 0
naming_13%32, pending tasks: 0
naming_14%32, pending tasks: 0
naming_15%32, pending tasks: 0
naming_16%32, pending tasks: 0
naming_17%32, pending tasks: 0
naming_18%32, pending tasks: 0
naming_19%32, pending tasks: 0
naming_20%32, pending tasks: 0
naming_21%32, pending tasks: 0
naming_22%32, pending tasks: 0
naming_23%32, pending tasks: 0
naming_24%32, pending tasks: 0
naming_25%32, pending tasks: 0
naming_26%32, pending tasks: 0
naming_27%32, pending tasks: 0
naming_28%32, pending tasks: 0
naming_29%32, pending tasks: 0
naming_30%32, pending tasks: 0
naming_31%32, pending tasks: 0


2024-07-28 21:07:34,064 INFO DISTRO:|0|0|0|

2024-07-28 21:08:34,064 INFO PERFORMANCE:|5|5|0|-1|-1|0|0

2024-07-28 21:08:34,064 INFO Task worker status: 
naming_0%32, pending tasks: 0
naming_1%32, pending tasks: 0
naming_2%32, pending tasks: 0
naming_3%32, pending tasks: 0
naming_4%32, pending tasks: 0
naming_5%32, pending tasks: 0
naming_6%32, pending tasks: 0
naming_7%32, pending tasks: 0
naming_8%32, pending tasks: 0
naming_9%32, pending tasks: 0
naming_10%32, pending tasks: 0
naming_11%32, pending tasks: 0
naming_12%32, pending tasks: 0
naming_13%32, pending tasks: 0
naming_14%32, pending tasks: 0
naming_15%32, pending tasks: 0
naming_16%32, pending tasks: 0
naming_17%32, pending tasks: 0
naming_18%32, pending tasks: 0
naming_19%32, pending tasks: 0
naming_20%32, pending tasks: 0
naming_21%32, pending tasks: 0
naming_22%32, pending tasks: 0
naming_23%32, pending tasks: 0
naming_24%32, pending tasks: 0
naming_25%32, pending tasks: 0
naming_26%32, pending tasks: 0
naming_27%32, pending tasks: 0
naming_28%32, pending tasks: 0
naming_29%32, pending tasks: 0
naming_30%32, pending tasks: 0
naming_31%32, pending tasks: 0


2024-07-28 21:08:34,064 INFO DISTRO:|0|0|0|

2024-07-28 21:09:34,064 INFO PERFORMANCE:|5|5|0|-1|-1|0|0

2024-07-28 21:09:34,064 INFO Task worker status: 
naming_0%32, pending tasks: 0
naming_1%32, pending tasks: 0
naming_2%32, pending tasks: 0
naming_3%32, pending tasks: 0
naming_4%32, pending tasks: 0
naming_5%32, pending tasks: 0
naming_6%32, pending tasks: 0
naming_7%32, pending tasks: 0
naming_8%32, pending tasks: 0
naming_9%32, pending tasks: 0
naming_10%32, pending tasks: 0
naming_11%32, pending tasks: 0
naming_12%32, pending tasks: 0
naming_13%32, pending tasks: 0
naming_14%32, pending tasks: 0
naming_15%32, pending tasks: 0
naming_16%32, pending tasks: 0
naming_17%32, pending tasks: 0
naming_18%32, pending tasks: 0
naming_19%32, pending tasks: 0
naming_20%32, pending tasks: 0
naming_21%32, pending tasks: 0
naming_22%32, pending tasks: 0
naming_23%32, pending tasks: 0
naming_24%32, pending tasks: 0
naming_25%32, pending tasks: 0
naming_26%32, pending tasks: 0
naming_27%32, pending tasks: 0
naming_28%32, pending tasks: 0
naming_29%32, pending tasks: 0
naming_30%32, pending tasks: 0
naming_31%32, pending tasks: 0


2024-07-28 21:09:34,064 INFO DISTRO:|0|0|0|

2024-07-28 21:10:34,064 INFO PERFORMANCE:|5|5|0|-1|-1|0|0

2024-07-28 21:10:34,064 INFO Task worker status: 
naming_0%32, pending tasks: 0
naming_1%32, pending tasks: 0
naming_2%32, pending tasks: 0
naming_3%32, pending tasks: 0
naming_4%32, pending tasks: 0
naming_5%32, pending tasks: 0
naming_6%32, pending tasks: 0
naming_7%32, pending tasks: 0
naming_8%32, pending tasks: 0
naming_9%32, pending tasks: 0
naming_10%32, pending tasks: 0
naming_11%32, pending tasks: 0
naming_12%32, pending tasks: 0
naming_13%32, pending tasks: 0
naming_14%32, pending tasks: 0
naming_15%32, pending tasks: 0
naming_16%32, pending tasks: 0
naming_17%32, pending tasks: 0
naming_18%32, pending tasks: 0
naming_19%32, pending tasks: 0
naming_20%32, pending tasks: 0
naming_21%32, pending tasks: 0
naming_22%32, pending tasks: 0
naming_23%32, pending tasks: 0
naming_24%32, pending tasks: 0
naming_25%32, pending tasks: 0
naming_26%32, pending tasks: 0
naming_27%32, pending tasks: 0
naming_28%32, pending tasks: 0
naming_29%32, pending tasks: 0
naming_30%32, pending tasks: 0
naming_31%32, pending tasks: 0


2024-07-28 21:10:34,064 INFO DISTRO:|0|0|0|

2024-07-28 21:11:34,064 INFO PERFORMANCE:|5|5|0|-1|-1|0|0

2024-07-28 21:11:34,064 INFO Task worker status: 
naming_0%32, pending tasks: 0
naming_1%32, pending tasks: 0
naming_2%32, pending tasks: 0
naming_3%32, pending tasks: 0
naming_4%32, pending tasks: 0
naming_5%32, pending tasks: 0
naming_6%32, pending tasks: 0
naming_7%32, pending tasks: 0
naming_8%32, pending tasks: 0
naming_9%32, pending tasks: 0
naming_10%32, pending tasks: 0
naming_11%32, pending tasks: 0
naming_12%32, pending tasks: 0
naming_13%32, pending tasks: 0
naming_14%32, pending tasks: 0
naming_15%32, pending tasks: 0
naming_16%32, pending tasks: 0
naming_17%32, pending tasks: 0
naming_18%32, pending tasks: 0
naming_19%32, pending tasks: 0
naming_20%32, pending tasks: 0
naming_21%32, pending tasks: 0
naming_22%32, pending tasks: 0
naming_23%32, pending tasks: 0
naming_24%32, pending tasks: 0
naming_25%32, pending tasks: 0
naming_26%32, pending tasks: 0
naming_27%32, pending tasks: 0
naming_28%32, pending tasks: 0
naming_29%32, pending tasks: 0
naming_30%32, pending tasks: 0
naming_31%32, pending tasks: 0


2024-07-28 21:11:34,064 INFO DISTRO:|0|0|0|

2024-07-28 21:12:34,064 INFO PERFORMANCE:|5|5|0|-1|-1|0|0

2024-07-28 21:12:34,064 INFO Task worker status: 
naming_0%32, pending tasks: 0
naming_1%32, pending tasks: 0
naming_2%32, pending tasks: 0
naming_3%32, pending tasks: 0
naming_4%32, pending tasks: 0
naming_5%32, pending tasks: 0
naming_6%32, pending tasks: 0
naming_7%32, pending tasks: 0
naming_8%32, pending tasks: 0
naming_9%32, pending tasks: 0
naming_10%32, pending tasks: 0
naming_11%32, pending tasks: 0
naming_12%32, pending tasks: 0
naming_13%32, pending tasks: 0
naming_14%32, pending tasks: 0
naming_15%32, pending tasks: 0
naming_16%32, pending tasks: 0
naming_17%32, pending tasks: 0
naming_18%32, pending tasks: 0
naming_19%32, pending tasks: 0
naming_20%32, pending tasks: 0
naming_21%32, pending tasks: 0
naming_22%32, pending tasks: 0
naming_23%32, pending tasks: 0
naming_24%32, pending tasks: 0
naming_25%32, pending tasks: 0
naming_26%32, pending tasks: 0
naming_27%32, pending tasks: 0
naming_28%32, pending tasks: 0
naming_29%32, pending tasks: 0
naming_30%32, pending tasks: 0
naming_31%32, pending tasks: 0


2024-07-28 21:12:34,064 INFO DISTRO:|0|0|0|

2024-07-28 21:13:34,065 INFO PERFORMANCE:|5|5|0|-1|-1|0|0

2024-07-28 21:13:34,065 INFO Task worker status: 
naming_0%32, pending tasks: 0
naming_1%32, pending tasks: 0
naming_2%32, pending tasks: 0
naming_3%32, pending tasks: 0
naming_4%32, pending tasks: 0
naming_5%32, pending tasks: 0
naming_6%32, pending tasks: 0
naming_7%32, pending tasks: 0
naming_8%32, pending tasks: 0
naming_9%32, pending tasks: 0
naming_10%32, pending tasks: 0
naming_11%32, pending tasks: 0
naming_12%32, pending tasks: 0
naming_13%32, pending tasks: 0
naming_14%32, pending tasks: 0
naming_15%32, pending tasks: 0
naming_16%32, pending tasks: 0
naming_17%32, pending tasks: 0
naming_18%32, pending tasks: 0
naming_19%32, pending tasks: 0
naming_20%32, pending tasks: 0
naming_21%32, pending tasks: 0
naming_22%32, pending tasks: 0
naming_23%32, pending tasks: 0
naming_24%32, pending tasks: 0
naming_25%32, pending tasks: 0
naming_26%32, pending tasks: 0
naming_27%32, pending tasks: 0
naming_28%32, pending tasks: 0
naming_29%32, pending tasks: 0
naming_30%32, pending tasks: 0
naming_31%32, pending tasks: 0


2024-07-28 21:13:34,065 INFO DISTRO:|0|0|0|

2024-07-28 21:14:34,065 INFO PERFORMANCE:|5|5|0|-1|-1|0|0

2024-07-28 21:14:34,065 INFO Task worker status: 
naming_0%32, pending tasks: 0
naming_1%32, pending tasks: 0
naming_2%32, pending tasks: 0
naming_3%32, pending tasks: 0
naming_4%32, pending tasks: 0
naming_5%32, pending tasks: 0
naming_6%32, pending tasks: 0
naming_7%32, pending tasks: 0
naming_8%32, pending tasks: 0
naming_9%32, pending tasks: 0
naming_10%32, pending tasks: 0
naming_11%32, pending tasks: 0
naming_12%32, pending tasks: 0
naming_13%32, pending tasks: 0
naming_14%32, pending tasks: 0
naming_15%32, pending tasks: 0
naming_16%32, pending tasks: 0
naming_17%32, pending tasks: 0
naming_18%32, pending tasks: 0
naming_19%32, pending tasks: 0
naming_20%32, pending tasks: 0
naming_21%32, pending tasks: 0
naming_22%32, pending tasks: 0
naming_23%32, pending tasks: 0
naming_24%32, pending tasks: 0
naming_25%32, pending tasks: 0
naming_26%32, pending tasks: 0
naming_27%32, pending tasks: 0
naming_28%32, pending tasks: 0
naming_29%32, pending tasks: 0
naming_30%32, pending tasks: 0
naming_31%32, pending tasks: 0


2024-07-28 21:14:34,065 INFO DISTRO:|0|0|0|

2024-07-28 21:15:34,065 INFO PERFORMANCE:|5|5|0|-1|-1|0|0

2024-07-28 21:15:34,065 INFO Task worker status: 
naming_0%32, pending tasks: 0
naming_1%32, pending tasks: 0
naming_2%32, pending tasks: 0
naming_3%32, pending tasks: 0
naming_4%32, pending tasks: 0
naming_5%32, pending tasks: 0
naming_6%32, pending tasks: 0
naming_7%32, pending tasks: 0
naming_8%32, pending tasks: 0
naming_9%32, pending tasks: 0
naming_10%32, pending tasks: 0
naming_11%32, pending tasks: 0
naming_12%32, pending tasks: 0
naming_13%32, pending tasks: 0
naming_14%32, pending tasks: 0
naming_15%32, pending tasks: 0
naming_16%32, pending tasks: 0
naming_17%32, pending tasks: 0
naming_18%32, pending tasks: 0
naming_19%32, pending tasks: 0
naming_20%32, pending tasks: 0
naming_21%32, pending tasks: 0
naming_22%32, pending tasks: 0
naming_23%32, pending tasks: 0
naming_24%32, pending tasks: 0
naming_25%32, pending tasks: 0
naming_26%32, pending tasks: 0
naming_27%32, pending tasks: 0
naming_28%32, pending tasks: 0
naming_29%32, pending tasks: 0
naming_30%32, pending tasks: 0
naming_31%32, pending tasks: 0


2024-07-28 21:15:34,065 INFO DISTRO:|0|0|0|

2024-07-28 21:16:34,065 INFO PERFORMANCE:|serviceCount|ipCount|subscribeCount|maxPushCost|avgPushCost|totalPushCount|failPushCount

2024-07-28 21:16:34,065 INFO DISTRO:|V1SyncDone|V1SyncFail|V2SyncDone|V2SyncFail|V2VerifyFail|

2024-07-28 21:16:34,065 INFO PERFORMANCE:|5|5|0|-1|-1|0|0

2024-07-28 21:16:34,065 INFO Task worker status: 
naming_0%32, pending tasks: 0
naming_1%32, pending tasks: 0
naming_2%32, pending tasks: 0
naming_3%32, pending tasks: 0
naming_4%32, pending tasks: 0
naming_5%32, pending tasks: 0
naming_6%32, pending tasks: 0
naming_7%32, pending tasks: 0
naming_8%32, pending tasks: 0
naming_9%32, pending tasks: 0
naming_10%32, pending tasks: 0
naming_11%32, pending tasks: 0
naming_12%32, pending tasks: 0
naming_13%32, pending tasks: 0
naming_14%32, pending tasks: 0
naming_15%32, pending tasks: 0
naming_16%32, pending tasks: 0
naming_17%32, pending tasks: 0
naming_18%32, pending tasks: 0
naming_19%32, pending tasks: 0
naming_20%32, pending tasks: 0
naming_21%32, pending tasks: 0
naming_22%32, pending tasks: 0
naming_23%32, pending tasks: 0
naming_24%32, pending tasks: 0
naming_25%32, pending tasks: 0
naming_26%32, pending tasks: 0
naming_27%32, pending tasks: 0
naming_28%32, pending tasks: 0
naming_29%32, pending tasks: 0
naming_30%32, pending tasks: 0
naming_31%32, pending tasks: 0


2024-07-28 21:16:34,065 INFO DISTRO:|0|0|0|

2024-07-28 21:17:34,065 INFO PERFORMANCE:|5|5|0|-1|-1|0|0

2024-07-28 21:17:34,066 INFO Task worker status: 
naming_0%32, pending tasks: 0
naming_1%32, pending tasks: 0
naming_2%32, pending tasks: 0
naming_3%32, pending tasks: 0
naming_4%32, pending tasks: 0
naming_5%32, pending tasks: 0
naming_6%32, pending tasks: 0
naming_7%32, pending tasks: 0
naming_8%32, pending tasks: 0
naming_9%32, pending tasks: 0
naming_10%32, pending tasks: 0
naming_11%32, pending tasks: 0
naming_12%32, pending tasks: 0
naming_13%32, pending tasks: 0
naming_14%32, pending tasks: 0
naming_15%32, pending tasks: 0
naming_16%32, pending tasks: 0
naming_17%32, pending tasks: 0
naming_18%32, pending tasks: 0
naming_19%32, pending tasks: 0
naming_20%32, pending tasks: 0
naming_21%32, pending tasks: 0
naming_22%32, pending tasks: 0
naming_23%32, pending tasks: 0
naming_24%32, pending tasks: 0
naming_25%32, pending tasks: 0
naming_26%32, pending tasks: 0
naming_27%32, pending tasks: 0
naming_28%32, pending tasks: 0
naming_29%32, pending tasks: 0
naming_30%32, pending tasks: 0
naming_31%32, pending tasks: 0


2024-07-28 21:17:34,066 INFO DISTRO:|0|0|0|

2024-07-28 21:18:34,066 INFO PERFORMANCE:|5|0|0|-1|-1|0|0

2024-07-28 21:18:34,066 INFO Task worker status: 
naming_0%32, pending tasks: 0
naming_1%32, pending tasks: 0
naming_2%32, pending tasks: 0
naming_3%32, pending tasks: 0
naming_4%32, pending tasks: 0
naming_5%32, pending tasks: 0
naming_6%32, pending tasks: 0
naming_7%32, pending tasks: 0
naming_8%32, pending tasks: 0
naming_9%32, pending tasks: 0
naming_10%32, pending tasks: 0
naming_11%32, pending tasks: 0
naming_12%32, pending tasks: 0
naming_13%32, pending tasks: 0
naming_14%32, pending tasks: 0
naming_15%32, pending tasks: 0
naming_16%32, pending tasks: 0
naming_17%32, pending tasks: 0
naming_18%32, pending tasks: 0
naming_19%32, pending tasks: 0
naming_20%32, pending tasks: 0
naming_21%32, pending tasks: 0
naming_22%32, pending tasks: 0
naming_23%32, pending tasks: 0
naming_24%32, pending tasks: 0
naming_25%32, pending tasks: 0
naming_26%32, pending tasks: 0
naming_27%32, pending tasks: 0
naming_28%32, pending tasks: 0
naming_29%32, pending tasks: 0
naming_30%32, pending tasks: 0
naming_31%32, pending tasks: 0


2024-07-28 21:18:34,066 INFO DISTRO:|0|0|0|

2024-07-28 21:20:49,776 INFO PERFORMANCE:|serviceCount|ipCount|subscribeCount|maxPushCost|avgPushCost|totalPushCount|failPushCount

2024-07-28 21:20:49,776 INFO DISTRO:|V1SyncDone|V1SyncFail|V2SyncDone|V2SyncFail|V2VerifyFail|

2024-07-28 21:20:49,776 INFO PERFORMANCE:|4|4|0|-1|-1|0|0

2024-07-28 21:20:49,776 INFO Task worker status: 
naming_0%32, pending tasks: 0
naming_1%32, pending tasks: 0
naming_2%32, pending tasks: 0
naming_3%32, pending tasks: 0
naming_4%32, pending tasks: 0
naming_5%32, pending tasks: 0
naming_6%32, pending tasks: 0
naming_7%32, pending tasks: 0
naming_8%32, pending tasks: 0
naming_9%32, pending tasks: 0
naming_10%32, pending tasks: 0
naming_11%32, pending tasks: 0
naming_12%32, pending tasks: 0
naming_13%32, pending tasks: 0
naming_14%32, pending tasks: 0
naming_15%32, pending tasks: 0
naming_16%32, pending tasks: 0
naming_17%32, pending tasks: 0
naming_18%32, pending tasks: 0
naming_19%32, pending tasks: 0
naming_20%32, pending tasks: 0
naming_21%32, pending tasks: 0
naming_22%32, pending tasks: 0
naming_23%32, pending tasks: 0
naming_24%32, pending tasks: 0
naming_25%32, pending tasks: 0
naming_26%32, pending tasks: 0
naming_27%32, pending tasks: 0
naming_28%32, pending tasks: 0
naming_29%32, pending tasks: 0
naming_30%32, pending tasks: 0
naming_31%32, pending tasks: 0


2024-07-28 21:20:49,777 INFO DISTRO:|0|0|0|

2024-07-28 21:30:48,972 INFO PERFORMANCE:|serviceCount|ipCount|subscribeCount|maxPushCost|avgPushCost|totalPushCount|failPushCount

2024-07-28 21:30:48,972 INFO DISTRO:|V1SyncDone|V1SyncFail|V2SyncDone|V2SyncFail|V2VerifyFail|

2024-07-28 21:30:48,972 INFO PERFORMANCE:|0|0|0|-1|-1|0|0

2024-07-28 21:30:48,974 INFO Task worker status: 
naming_0%32, pending tasks: 0
naming_1%32, pending tasks: 0
naming_2%32, pending tasks: 0
naming_3%32, pending tasks: 0
naming_4%32, pending tasks: 0
naming_5%32, pending tasks: 0
naming_6%32, pending tasks: 0
naming_7%32, pending tasks: 0
naming_8%32, pending tasks: 0
naming_9%32, pending tasks: 0
naming_10%32, pending tasks: 0
naming_11%32, pending tasks: 0
naming_12%32, pending tasks: 0
naming_13%32, pending tasks: 0
naming_14%32, pending tasks: 0
naming_15%32, pending tasks: 0
naming_16%32, pending tasks: 0
naming_17%32, pending tasks: 0
naming_18%32, pending tasks: 0
naming_19%32, pending tasks: 0
naming_20%32, pending tasks: 0
naming_21%32, pending tasks: 0
naming_22%32, pending tasks: 0
naming_23%32, pending tasks: 0
naming_24%32, pending tasks: 0
naming_25%32, pending tasks: 0
naming_26%32, pending tasks: 0
naming_27%32, pending tasks: 0
naming_28%32, pending tasks: 0
naming_29%32, pending tasks: 0
naming_30%32, pending tasks: 0
naming_31%32, pending tasks: 0


2024-07-28 21:30:48,975 INFO DISTRO:|0|0|0|

2024-07-28 21:31:48,975 INFO PERFORMANCE:|0|0|0|-1|-1|0|0

2024-07-28 21:31:48,975 INFO Task worker status: 
naming_0%32, pending tasks: 0
naming_1%32, pending tasks: 0
naming_2%32, pending tasks: 0
naming_3%32, pending tasks: 0
naming_4%32, pending tasks: 0
naming_5%32, pending tasks: 0
naming_6%32, pending tasks: 0
naming_7%32, pending tasks: 0
naming_8%32, pending tasks: 0
naming_9%32, pending tasks: 0
naming_10%32, pending tasks: 0
naming_11%32, pending tasks: 0
naming_12%32, pending tasks: 0
naming_13%32, pending tasks: 0
naming_14%32, pending tasks: 0
naming_15%32, pending tasks: 0
naming_16%32, pending tasks: 0
naming_17%32, pending tasks: 0
naming_18%32, pending tasks: 0
naming_19%32, pending tasks: 0
naming_20%32, pending tasks: 0
naming_21%32, pending tasks: 0
naming_22%32, pending tasks: 0
naming_23%32, pending tasks: 0
naming_24%32, pending tasks: 0
naming_25%32, pending tasks: 0
naming_26%32, pending tasks: 0
naming_27%32, pending tasks: 0
naming_28%32, pending tasks: 0
naming_29%32, pending tasks: 0
naming_30%32, pending tasks: 0
naming_31%32, pending tasks: 0


2024-07-28 21:31:48,975 INFO DISTRO:|0|0|0|

2024-07-28 21:38:55,377 INFO PERFORMANCE:|serviceCount|ipCount|subscribeCount|maxPushCost|avgPushCost|totalPushCount|failPushCount

2024-07-28 21:38:55,377 INFO DISTRO:|V1SyncDone|V1SyncFail|V2SyncDone|V2SyncFail|V2VerifyFail|

2024-07-28 21:38:55,377 INFO PERFORMANCE:|5|5|0|-1|-1|0|0

2024-07-28 21:38:55,377 INFO Task worker status: 
naming_0%32, pending tasks: 0
naming_1%32, pending tasks: 0
naming_2%32, pending tasks: 0
naming_3%32, pending tasks: 0
naming_4%32, pending tasks: 0
naming_5%32, pending tasks: 0
naming_6%32, pending tasks: 0
naming_7%32, pending tasks: 0
naming_8%32, pending tasks: 0
naming_9%32, pending tasks: 0
naming_10%32, pending tasks: 0
naming_11%32, pending tasks: 0
naming_12%32, pending tasks: 0
naming_13%32, pending tasks: 0
naming_14%32, pending tasks: 0
naming_15%32, pending tasks: 0
naming_16%32, pending tasks: 0
naming_17%32, pending tasks: 0
naming_18%32, pending tasks: 0
naming_19%32, pending tasks: 0
naming_20%32, pending tasks: 0
naming_21%32, pending tasks: 0
naming_22%32, pending tasks: 0
naming_23%32, pending tasks: 0
naming_24%32, pending tasks: 0
naming_25%32, pending tasks: 0
naming_26%32, pending tasks: 0
naming_27%32, pending tasks: 0
naming_28%32, pending tasks: 0
naming_29%32, pending tasks: 0
naming_30%32, pending tasks: 0
naming_31%32, pending tasks: 0


2024-07-28 21:38:55,378 INFO DISTRO:|0|0|0|

2024-07-28 21:39:55,378 INFO PERFORMANCE:|5|5|1|522|522|1|0

2024-07-28 21:39:55,378 INFO Task worker status: 
naming_0%32, pending tasks: 0
naming_1%32, pending tasks: 0
naming_2%32, pending tasks: 0
naming_3%32, pending tasks: 0
naming_4%32, pending tasks: 0
naming_5%32, pending tasks: 0
naming_6%32, pending tasks: 0
naming_7%32, pending tasks: 0
naming_8%32, pending tasks: 0
naming_9%32, pending tasks: 0
naming_10%32, pending tasks: 0
naming_11%32, pending tasks: 0
naming_12%32, pending tasks: 0
naming_13%32, pending tasks: 0
naming_14%32, pending tasks: 0
naming_15%32, pending tasks: 0
naming_16%32, pending tasks: 0
naming_17%32, pending tasks: 0
naming_18%32, pending tasks: 0
naming_19%32, pending tasks: 0
naming_20%32, pending tasks: 0
naming_21%32, pending tasks: 0
naming_22%32, pending tasks: 0
naming_23%32, pending tasks: 0
naming_24%32, pending tasks: 0
naming_25%32, pending tasks: 0
naming_26%32, pending tasks: 0
naming_27%32, pending tasks: 0
naming_28%32, pending tasks: 0
naming_29%32, pending tasks: 0
naming_30%32, pending tasks: 0
naming_31%32, pending tasks: 0


2024-07-28 21:39:55,378 INFO DISTRO:|0|0|0|

2024-07-28 21:40:55,378 INFO PERFORMANCE:|5|5|2|516|516|2|0

2024-07-28 21:40:55,378 INFO Task worker status: 
naming_0%32, pending tasks: 0
naming_1%32, pending tasks: 0
naming_2%32, pending tasks: 0
naming_3%32, pending tasks: 0
naming_4%32, pending tasks: 0
naming_5%32, pending tasks: 0
naming_6%32, pending tasks: 0
naming_7%32, pending tasks: 0
naming_8%32, pending tasks: 0
naming_9%32, pending tasks: 0
naming_10%32, pending tasks: 0
naming_11%32, pending tasks: 0
naming_12%32, pending tasks: 0
naming_13%32, pending tasks: 0
naming_14%32, pending tasks: 0
naming_15%32, pending tasks: 0
naming_16%32, pending tasks: 0
naming_17%32, pending tasks: 0
naming_18%32, pending tasks: 0
naming_19%32, pending tasks: 0
naming_20%32, pending tasks: 0
naming_21%32, pending tasks: 0
naming_22%32, pending tasks: 0
naming_23%32, pending tasks: 0
naming_24%32, pending tasks: 0
naming_25%32, pending tasks: 0
naming_26%32, pending tasks: 0
naming_27%32, pending tasks: 0
naming_28%32, pending tasks: 0
naming_29%32, pending tasks: 0
naming_30%32, pending tasks: 0
naming_31%32, pending tasks: 0


2024-07-28 21:40:55,378 INFO DISTRO:|0|0|0|

2024-07-28 21:41:55,379 INFO PERFORMANCE:|5|5|2|-1|-1|2|0

2024-07-28 21:41:55,379 INFO Task worker status: 
naming_0%32, pending tasks: 0
naming_1%32, pending tasks: 0
naming_2%32, pending tasks: 0
naming_3%32, pending tasks: 0
naming_4%32, pending tasks: 0
naming_5%32, pending tasks: 0
naming_6%32, pending tasks: 0
naming_7%32, pending tasks: 0
naming_8%32, pending tasks: 0
naming_9%32, pending tasks: 0
naming_10%32, pending tasks: 0
naming_11%32, pending tasks: 0
naming_12%32, pending tasks: 0
naming_13%32, pending tasks: 0
naming_14%32, pending tasks: 0
naming_15%32, pending tasks: 0
naming_16%32, pending tasks: 0
naming_17%32, pending tasks: 0
naming_18%32, pending tasks: 0
naming_19%32, pending tasks: 0
naming_20%32, pending tasks: 0
naming_21%32, pending tasks: 0
naming_22%32, pending tasks: 0
naming_23%32, pending tasks: 0
naming_24%32, pending tasks: 0
naming_25%32, pending tasks: 0
naming_26%32, pending tasks: 0
naming_27%32, pending tasks: 0
naming_28%32, pending tasks: 0
naming_29%32, pending tasks: 0
naming_30%32, pending tasks: 0
naming_31%32, pending tasks: 0


2024-07-28 21:41:55,379 INFO DISTRO:|0|0|0|

2024-07-28 21:42:55,379 INFO PERFORMANCE:|5|5|2|-1|-1|2|0

2024-07-28 21:42:55,379 INFO Task worker status: 
naming_0%32, pending tasks: 0
naming_1%32, pending tasks: 0
naming_2%32, pending tasks: 0
naming_3%32, pending tasks: 0
naming_4%32, pending tasks: 0
naming_5%32, pending tasks: 0
naming_6%32, pending tasks: 0
naming_7%32, pending tasks: 0
naming_8%32, pending tasks: 0
naming_9%32, pending tasks: 0
naming_10%32, pending tasks: 0
naming_11%32, pending tasks: 0
naming_12%32, pending tasks: 0
naming_13%32, pending tasks: 0
naming_14%32, pending tasks: 0
naming_15%32, pending tasks: 0
naming_16%32, pending tasks: 0
naming_17%32, pending tasks: 0
naming_18%32, pending tasks: 0
naming_19%32, pending tasks: 0
naming_20%32, pending tasks: 0
naming_21%32, pending tasks: 0
naming_22%32, pending tasks: 0
naming_23%32, pending tasks: 0
naming_24%32, pending tasks: 0
naming_25%32, pending tasks: 0
naming_26%32, pending tasks: 0
naming_27%32, pending tasks: 0
naming_28%32, pending tasks: 0
naming_29%32, pending tasks: 0
naming_30%32, pending tasks: 0
naming_31%32, pending tasks: 0


2024-07-28 21:42:55,379 INFO DISTRO:|0|0|0|

