2024-07-28 20:33:58,282 INFO Connection transportReady,connectionId = 1722170038282_172.19.0.1_45782 

2024-07-28 20:33:58,751 INFO Connection transportTerminated,connectionId = 1722170038282_172.19.0.1_45782 

2024-07-28 20:33:58,752 WARN [1722170038282_172.19.0.1_45782] connection  close exception  : {}

java.lang.IllegalStateException: call already closed
	at com.google.common.base.Preconditions.checkState(Preconditions.java:508)
	at io.grpc.internal.ServerCallImpl.closeInternal(ServerCallImpl.java:219)
	at io.grpc.internal.ServerCallImpl.close(ServerCallImpl.java:212)
	at io.grpc.stub.ServerCalls$ServerCallStreamObserverImpl.onCompleted(ServerCalls.java:395)
	at com.alibaba.nacos.core.remote.grpc.GrpcConnection.closeBiStream(GrpcConnection.java:143)
	at com.alibaba.nacos.core.remote.grpc.GrpcConnection.close(GrpcConnection.java:131)
	at com.alibaba.nacos.core.remote.ConnectionManager.unregister(ConnectionManager.java:159)
	at com.alibaba.nacos.core.remote.grpc.AddressTransportFilter.transportTerminated(AddressTransportFilter.java:77)
	at io.grpc.internal.ServerImpl$ServerTransportListenerImpl.transportTerminated(ServerImpl.java:455)
	at io.grpc.netty.shaded.io.grpc.netty.NettyServerTransport.notifyTerminated(NettyServerTransport.java:207)
	at io.grpc.netty.shaded.io.grpc.netty.NettyServerTransport.access$100(NettyServerTransport.java:51)
	at io.grpc.netty.shaded.io.grpc.netty.NettyServerTransport$1TerminationNotifier.operationComplete(NettyServerTransport.java:141)
	at io.grpc.netty.shaded.io.grpc.netty.NettyServerTransport$1TerminationNotifier.operationComplete(NettyServerTransport.java:134)
	at io.grpc.netty.shaded.io.netty.util.concurrent.DefaultPromise.notifyListener0(DefaultPromise.java:578)
	at io.grpc.netty.shaded.io.netty.util.concurrent.DefaultPromise.notifyListeners0(DefaultPromise.java:571)
	at io.grpc.netty.shaded.io.netty.util.concurrent.DefaultPromise.notifyListenersNow(DefaultPromise.java:550)
	at io.grpc.netty.shaded.io.netty.util.concurrent.DefaultPromise.notifyListeners(DefaultPromise.java:491)
	at io.grpc.netty.shaded.io.netty.util.concurrent.DefaultPromise.setValue0(DefaultPromise.java:616)
	at io.grpc.netty.shaded.io.netty.util.concurrent.DefaultPromise.setSuccess0(DefaultPromise.java:605)
	at io.grpc.netty.shaded.io.netty.util.concurrent.DefaultPromise.trySuccess(DefaultPromise.java:104)
	at io.grpc.netty.shaded.io.netty.channel.DefaultChannelPromise.trySuccess(DefaultChannelPromise.java:84)
	at io.grpc.netty.shaded.io.netty.channel.AbstractChannel$CloseFuture.setClosed(AbstractChannel.java:1164)
	at io.grpc.netty.shaded.io.netty.channel.AbstractChannel$AbstractUnsafe.doClose0(AbstractChannel.java:755)
	at io.grpc.netty.shaded.io.netty.channel.AbstractChannel$AbstractUnsafe.close(AbstractChannel.java:731)
	at io.grpc.netty.shaded.io.netty.channel.AbstractChannel$AbstractUnsafe.close(AbstractChannel.java:620)
	at io.grpc.netty.shaded.io.netty.channel.epoll.AbstractEpollChannel$AbstractEpollUnsafe.shutdownInput(AbstractEpollChannel.java:522)
	at io.grpc.netty.shaded.io.netty.channel.epoll.AbstractEpollStreamChannel$EpollStreamUnsafe.epollInReady(AbstractEpollStreamChannel.java:823)
	at io.grpc.netty.shaded.io.netty.channel.epoll.EpollEventLoop.processReady(EpollEventLoop.java:487)
	at io.grpc.netty.shaded.io.netty.channel.epoll.EpollEventLoop.run(EpollEventLoop.java:385)
	at io.grpc.netty.shaded.io.netty.util.concurrent.SingleThreadEventExecutor$4.run(SingleThreadEventExecutor.java:997)
	at io.grpc.netty.shaded.io.netty.util.internal.ThreadExecutorMap$2.run(ThreadExecutorMap.java:74)
	at io.grpc.netty.shaded.io.netty.util.concurrent.FastThreadLocalRunnable.run(FastThreadLocalRunnable.java:30)
	at java.lang.Thread.run(Thread.java:750)
2024-07-28 20:33:58,752 INFO [1722170038282_172.19.0.1_45782]client disconnected,clear config listen context

2024-07-28 20:34:59,149 INFO Connection transportReady,connectionId = 1722170099149_172.19.0.1_33834 

2024-07-28 20:34:59,614 INFO Connection transportTerminated,connectionId = 1722170099149_172.19.0.1_33834 

2024-07-28 20:34:59,614 WARN [1722170099149_172.19.0.1_33834] connection  close exception  : {}

java.lang.IllegalStateException: call already closed
	at com.google.common.base.Preconditions.checkState(Preconditions.java:508)
	at io.grpc.internal.ServerCallImpl.closeInternal(ServerCallImpl.java:219)
	at io.grpc.internal.ServerCallImpl.close(ServerCallImpl.java:212)
	at io.grpc.stub.ServerCalls$ServerCallStreamObserverImpl.onCompleted(ServerCalls.java:395)
	at com.alibaba.nacos.core.remote.grpc.GrpcConnection.closeBiStream(GrpcConnection.java:143)
	at com.alibaba.nacos.core.remote.grpc.GrpcConnection.close(GrpcConnection.java:131)
	at com.alibaba.nacos.core.remote.ConnectionManager.unregister(ConnectionManager.java:159)
	at com.alibaba.nacos.core.remote.grpc.AddressTransportFilter.transportTerminated(AddressTransportFilter.java:77)
	at io.grpc.internal.ServerImpl$ServerTransportListenerImpl.transportTerminated(ServerImpl.java:455)
	at io.grpc.netty.shaded.io.grpc.netty.NettyServerTransport.notifyTerminated(NettyServerTransport.java:207)
	at io.grpc.netty.shaded.io.grpc.netty.NettyServerTransport.access$100(NettyServerTransport.java:51)
	at io.grpc.netty.shaded.io.grpc.netty.NettyServerTransport$1TerminationNotifier.operationComplete(NettyServerTransport.java:141)
	at io.grpc.netty.shaded.io.grpc.netty.NettyServerTransport$1TerminationNotifier.operationComplete(NettyServerTransport.java:134)
	at io.grpc.netty.shaded.io.netty.util.concurrent.DefaultPromise.notifyListener0(DefaultPromise.java:578)
	at io.grpc.netty.shaded.io.netty.util.concurrent.DefaultPromise.notifyListeners0(DefaultPromise.java:571)
	at io.grpc.netty.shaded.io.netty.util.concurrent.DefaultPromise.notifyListenersNow(DefaultPromise.java:550)
	at io.grpc.netty.shaded.io.netty.util.concurrent.DefaultPromise.notifyListeners(DefaultPromise.java:491)
	at io.grpc.netty.shaded.io.netty.util.concurrent.DefaultPromise.setValue0(DefaultPromise.java:616)
	at io.grpc.netty.shaded.io.netty.util.concurrent.DefaultPromise.setSuccess0(DefaultPromise.java:605)
	at io.grpc.netty.shaded.io.netty.util.concurrent.DefaultPromise.trySuccess(DefaultPromise.java:104)
	at io.grpc.netty.shaded.io.netty.channel.DefaultChannelPromise.trySuccess(DefaultChannelPromise.java:84)
	at io.grpc.netty.shaded.io.netty.channel.AbstractChannel$CloseFuture.setClosed(AbstractChannel.java:1164)
	at io.grpc.netty.shaded.io.netty.channel.AbstractChannel$AbstractUnsafe.doClose0(AbstractChannel.java:755)
	at io.grpc.netty.shaded.io.netty.channel.AbstractChannel$AbstractUnsafe.close(AbstractChannel.java:731)
	at io.grpc.netty.shaded.io.netty.channel.AbstractChannel$AbstractUnsafe.close(AbstractChannel.java:620)
	at io.grpc.netty.shaded.io.netty.channel.epoll.AbstractEpollChannel$AbstractEpollUnsafe.shutdownInput(AbstractEpollChannel.java:522)
	at io.grpc.netty.shaded.io.netty.channel.epoll.AbstractEpollStreamChannel$EpollStreamUnsafe.epollInReady(AbstractEpollStreamChannel.java:823)
	at io.grpc.netty.shaded.io.netty.channel.epoll.EpollEventLoop.processReady(EpollEventLoop.java:487)
	at io.grpc.netty.shaded.io.netty.channel.epoll.EpollEventLoop.run(EpollEventLoop.java:385)
	at io.grpc.netty.shaded.io.netty.util.concurrent.SingleThreadEventExecutor$4.run(SingleThreadEventExecutor.java:997)
	at io.grpc.netty.shaded.io.netty.util.internal.ThreadExecutorMap$2.run(ThreadExecutorMap.java:74)
	at io.grpc.netty.shaded.io.netty.util.concurrent.FastThreadLocalRunnable.run(FastThreadLocalRunnable.java:30)
	at java.lang.Thread.run(Thread.java:750)
2024-07-28 20:34:59,614 INFO [1722170099149_172.19.0.1_33834]client disconnected,clear config listen context

2024-07-28 20:42:11,389 INFO Connection transportReady,connectionId = 1722170531389_172.19.0.1_42112 

2024-07-28 20:42:19,887 INFO Connection transportReady,connectionId = 1722170539887_172.19.0.1_36452 

2024-07-28 20:42:56,912 INFO Connection transportTerminated,connectionId = 1722170531389_172.19.0.1_42112 

2024-07-28 20:42:56,913 WARN [1722170531389_172.19.0.1_42112] connection  close exception  : {}

java.lang.IllegalStateException: call already closed
	at com.google.common.base.Preconditions.checkState(Preconditions.java:508)
	at io.grpc.internal.ServerCallImpl.closeInternal(ServerCallImpl.java:219)
	at io.grpc.internal.ServerCallImpl.close(ServerCallImpl.java:212)
	at io.grpc.stub.ServerCalls$ServerCallStreamObserverImpl.onCompleted(ServerCalls.java:395)
	at com.alibaba.nacos.core.remote.grpc.GrpcConnection.closeBiStream(GrpcConnection.java:143)
	at com.alibaba.nacos.core.remote.grpc.GrpcConnection.close(GrpcConnection.java:131)
	at com.alibaba.nacos.core.remote.ConnectionManager.unregister(ConnectionManager.java:159)
	at com.alibaba.nacos.core.remote.grpc.AddressTransportFilter.transportTerminated(AddressTransportFilter.java:77)
	at io.grpc.internal.ServerImpl$ServerTransportListenerImpl.transportTerminated(ServerImpl.java:455)
	at io.grpc.netty.shaded.io.grpc.netty.NettyServerTransport.notifyTerminated(NettyServerTransport.java:207)
	at io.grpc.netty.shaded.io.grpc.netty.NettyServerTransport.access$100(NettyServerTransport.java:51)
	at io.grpc.netty.shaded.io.grpc.netty.NettyServerTransport$1TerminationNotifier.operationComplete(NettyServerTransport.java:141)
	at io.grpc.netty.shaded.io.grpc.netty.NettyServerTransport$1TerminationNotifier.operationComplete(NettyServerTransport.java:134)
	at io.grpc.netty.shaded.io.netty.util.concurrent.DefaultPromise.notifyListener0(DefaultPromise.java:578)
	at io.grpc.netty.shaded.io.netty.util.concurrent.DefaultPromise.notifyListeners0(DefaultPromise.java:571)
	at io.grpc.netty.shaded.io.netty.util.concurrent.DefaultPromise.notifyListenersNow(DefaultPromise.java:550)
	at io.grpc.netty.shaded.io.netty.util.concurrent.DefaultPromise.notifyListeners(DefaultPromise.java:491)
	at io.grpc.netty.shaded.io.netty.util.concurrent.DefaultPromise.setValue0(DefaultPromise.java:616)
	at io.grpc.netty.shaded.io.netty.util.concurrent.DefaultPromise.setSuccess0(DefaultPromise.java:605)
	at io.grpc.netty.shaded.io.netty.util.concurrent.DefaultPromise.trySuccess(DefaultPromise.java:104)
	at io.grpc.netty.shaded.io.netty.channel.DefaultChannelPromise.trySuccess(DefaultChannelPromise.java:84)
	at io.grpc.netty.shaded.io.netty.channel.AbstractChannel$CloseFuture.setClosed(AbstractChannel.java:1164)
	at io.grpc.netty.shaded.io.netty.channel.AbstractChannel$AbstractUnsafe.doClose0(AbstractChannel.java:755)
	at io.grpc.netty.shaded.io.netty.channel.AbstractChannel$AbstractUnsafe.close(AbstractChannel.java:731)
	at io.grpc.netty.shaded.io.netty.channel.AbstractChannel$AbstractUnsafe.close(AbstractChannel.java:620)
	at io.grpc.netty.shaded.io.netty.channel.epoll.AbstractEpollChannel$AbstractEpollUnsafe.shutdownInput(AbstractEpollChannel.java:522)
	at io.grpc.netty.shaded.io.netty.channel.epoll.AbstractEpollStreamChannel$EpollStreamUnsafe.epollInReady(AbstractEpollStreamChannel.java:823)
	at io.grpc.netty.shaded.io.netty.channel.epoll.EpollEventLoop.processReady(EpollEventLoop.java:487)
	at io.grpc.netty.shaded.io.netty.channel.epoll.EpollEventLoop.run(EpollEventLoop.java:385)
	at io.grpc.netty.shaded.io.netty.util.concurrent.SingleThreadEventExecutor$4.run(SingleThreadEventExecutor.java:997)
	at io.grpc.netty.shaded.io.netty.util.internal.ThreadExecutorMap$2.run(ThreadExecutorMap.java:74)
	at io.grpc.netty.shaded.io.netty.util.concurrent.FastThreadLocalRunnable.run(FastThreadLocalRunnable.java:30)
	at java.lang.Thread.run(Thread.java:750)
2024-07-28 20:42:56,913 INFO [1722170531389_172.19.0.1_42112]client disconnected,clear config listen context

2024-07-28 20:42:59,496 INFO Connection transportTerminated,connectionId = 1722170539887_172.19.0.1_36452 

2024-07-28 20:42:59,496 WARN [1722170539887_172.19.0.1_36452] connection  close exception  : {}

java.lang.IllegalStateException: call already closed
	at com.google.common.base.Preconditions.checkState(Preconditions.java:508)
	at io.grpc.internal.ServerCallImpl.closeInternal(ServerCallImpl.java:219)
	at io.grpc.internal.ServerCallImpl.close(ServerCallImpl.java:212)
	at io.grpc.stub.ServerCalls$ServerCallStreamObserverImpl.onCompleted(ServerCalls.java:395)
	at com.alibaba.nacos.core.remote.grpc.GrpcConnection.closeBiStream(GrpcConnection.java:143)
	at com.alibaba.nacos.core.remote.grpc.GrpcConnection.close(GrpcConnection.java:131)
	at com.alibaba.nacos.core.remote.ConnectionManager.unregister(ConnectionManager.java:159)
	at com.alibaba.nacos.core.remote.grpc.AddressTransportFilter.transportTerminated(AddressTransportFilter.java:77)
	at io.grpc.internal.ServerImpl$ServerTransportListenerImpl.transportTerminated(ServerImpl.java:455)
	at io.grpc.netty.shaded.io.grpc.netty.NettyServerTransport.notifyTerminated(NettyServerTransport.java:207)
	at io.grpc.netty.shaded.io.grpc.netty.NettyServerTransport.access$100(NettyServerTransport.java:51)
	at io.grpc.netty.shaded.io.grpc.netty.NettyServerTransport$1TerminationNotifier.operationComplete(NettyServerTransport.java:141)
	at io.grpc.netty.shaded.io.grpc.netty.NettyServerTransport$1TerminationNotifier.operationComplete(NettyServerTransport.java:134)
	at io.grpc.netty.shaded.io.netty.util.concurrent.DefaultPromise.notifyListener0(DefaultPromise.java:578)
	at io.grpc.netty.shaded.io.netty.util.concurrent.DefaultPromise.notifyListeners0(DefaultPromise.java:571)
	at io.grpc.netty.shaded.io.netty.util.concurrent.DefaultPromise.notifyListenersNow(DefaultPromise.java:550)
	at io.grpc.netty.shaded.io.netty.util.concurrent.DefaultPromise.notifyListeners(DefaultPromise.java:491)
	at io.grpc.netty.shaded.io.netty.util.concurrent.DefaultPromise.setValue0(DefaultPromise.java:616)
	at io.grpc.netty.shaded.io.netty.util.concurrent.DefaultPromise.setSuccess0(DefaultPromise.java:605)
	at io.grpc.netty.shaded.io.netty.util.concurrent.DefaultPromise.trySuccess(DefaultPromise.java:104)
	at io.grpc.netty.shaded.io.netty.channel.DefaultChannelPromise.trySuccess(DefaultChannelPromise.java:84)
	at io.grpc.netty.shaded.io.netty.channel.AbstractChannel$CloseFuture.setClosed(AbstractChannel.java:1164)
	at io.grpc.netty.shaded.io.netty.channel.AbstractChannel$AbstractUnsafe.doClose0(AbstractChannel.java:755)
	at io.grpc.netty.shaded.io.netty.channel.AbstractChannel$AbstractUnsafe.close(AbstractChannel.java:731)
	at io.grpc.netty.shaded.io.netty.channel.AbstractChannel$AbstractUnsafe.close(AbstractChannel.java:620)
	at io.grpc.netty.shaded.io.netty.channel.epoll.AbstractEpollChannel$AbstractEpollUnsafe.shutdownInput(AbstractEpollChannel.java:522)
	at io.grpc.netty.shaded.io.netty.channel.epoll.AbstractEpollStreamChannel$EpollStreamUnsafe.epollInReady(AbstractEpollStreamChannel.java:823)
	at io.grpc.netty.shaded.io.netty.channel.epoll.EpollEventLoop.processReady(EpollEventLoop.java:487)
	at io.grpc.netty.shaded.io.netty.channel.epoll.EpollEventLoop.run(EpollEventLoop.java:385)
	at io.grpc.netty.shaded.io.netty.util.concurrent.SingleThreadEventExecutor$4.run(SingleThreadEventExecutor.java:997)
	at io.grpc.netty.shaded.io.netty.util.internal.ThreadExecutorMap$2.run(ThreadExecutorMap.java:74)
	at io.grpc.netty.shaded.io.netty.util.concurrent.FastThreadLocalRunnable.run(FastThreadLocalRunnable.java:30)
	at java.lang.Thread.run(Thread.java:750)
2024-07-28 20:42:59,496 INFO [1722170539887_172.19.0.1_36452]client disconnected,clear config listen context

2024-07-28 20:43:48,731 INFO Connection transportReady,connectionId = 1722170628731_172.19.0.1_47020 

2024-07-28 20:55:55,708 INFO Connection transportTerminated,connectionId = 1722170628731_172.19.0.1_47020 

2024-07-28 20:55:55,708 WARN [1722170628731_172.19.0.1_47020] connection  close exception  : {}

java.lang.IllegalStateException: call already closed
	at com.google.common.base.Preconditions.checkState(Preconditions.java:508)
	at io.grpc.internal.ServerCallImpl.closeInternal(ServerCallImpl.java:219)
	at io.grpc.internal.ServerCallImpl.close(ServerCallImpl.java:212)
	at io.grpc.stub.ServerCalls$ServerCallStreamObserverImpl.onCompleted(ServerCalls.java:395)
	at com.alibaba.nacos.core.remote.grpc.GrpcConnection.closeBiStream(GrpcConnection.java:143)
	at com.alibaba.nacos.core.remote.grpc.GrpcConnection.close(GrpcConnection.java:131)
	at com.alibaba.nacos.core.remote.ConnectionManager.unregister(ConnectionManager.java:159)
	at com.alibaba.nacos.core.remote.grpc.AddressTransportFilter.transportTerminated(AddressTransportFilter.java:77)
	at io.grpc.internal.ServerImpl$ServerTransportListenerImpl.transportTerminated(ServerImpl.java:455)
	at io.grpc.netty.shaded.io.grpc.netty.NettyServerTransport.notifyTerminated(NettyServerTransport.java:207)
	at io.grpc.netty.shaded.io.grpc.netty.NettyServerTransport.access$100(NettyServerTransport.java:51)
	at io.grpc.netty.shaded.io.grpc.netty.NettyServerTransport$1TerminationNotifier.operationComplete(NettyServerTransport.java:141)
	at io.grpc.netty.shaded.io.grpc.netty.NettyServerTransport$1TerminationNotifier.operationComplete(NettyServerTransport.java:134)
	at io.grpc.netty.shaded.io.netty.util.concurrent.DefaultPromise.notifyListener0(DefaultPromise.java:578)
	at io.grpc.netty.shaded.io.netty.util.concurrent.DefaultPromise.notifyListeners0(DefaultPromise.java:571)
	at io.grpc.netty.shaded.io.netty.util.concurrent.DefaultPromise.notifyListenersNow(DefaultPromise.java:550)
	at io.grpc.netty.shaded.io.netty.util.concurrent.DefaultPromise.notifyListeners(DefaultPromise.java:491)
	at io.grpc.netty.shaded.io.netty.util.concurrent.DefaultPromise.setValue0(DefaultPromise.java:616)
	at io.grpc.netty.shaded.io.netty.util.concurrent.DefaultPromise.setSuccess0(DefaultPromise.java:605)
	at io.grpc.netty.shaded.io.netty.util.concurrent.DefaultPromise.trySuccess(DefaultPromise.java:104)
	at io.grpc.netty.shaded.io.netty.channel.DefaultChannelPromise.trySuccess(DefaultChannelPromise.java:84)
	at io.grpc.netty.shaded.io.netty.channel.AbstractChannel$CloseFuture.setClosed(AbstractChannel.java:1164)
	at io.grpc.netty.shaded.io.netty.channel.AbstractChannel$AbstractUnsafe.doClose0(AbstractChannel.java:755)
	at io.grpc.netty.shaded.io.netty.channel.AbstractChannel$AbstractUnsafe.close(AbstractChannel.java:731)
	at io.grpc.netty.shaded.io.netty.channel.AbstractChannel$AbstractUnsafe.close(AbstractChannel.java:620)
	at io.grpc.netty.shaded.io.netty.channel.epoll.AbstractEpollChannel$AbstractEpollUnsafe.shutdownInput(AbstractEpollChannel.java:522)
	at io.grpc.netty.shaded.io.netty.channel.epoll.AbstractEpollStreamChannel$EpollStreamUnsafe.epollInReady(AbstractEpollStreamChannel.java:823)
	at io.grpc.netty.shaded.io.netty.channel.epoll.EpollEventLoop.processReady(EpollEventLoop.java:487)
	at io.grpc.netty.shaded.io.netty.channel.epoll.EpollEventLoop.run(EpollEventLoop.java:385)
	at io.grpc.netty.shaded.io.netty.util.concurrent.SingleThreadEventExecutor$4.run(SingleThreadEventExecutor.java:997)
	at io.grpc.netty.shaded.io.netty.util.internal.ThreadExecutorMap$2.run(ThreadExecutorMap.java:74)
	at io.grpc.netty.shaded.io.netty.util.concurrent.FastThreadLocalRunnable.run(FastThreadLocalRunnable.java:30)
	at java.lang.Thread.run(Thread.java:750)
2024-07-28 20:55:55,708 INFO [1722170628731_172.19.0.1_47020]client disconnected,clear config listen context

2024-07-28 20:56:07,776 INFO Connection transportReady,connectionId = 1722171367775_172.19.0.1_53386 

2024-07-28 20:56:55,021 INFO Connection transportReady,connectionId = 1722171415021_172.19.0.1_60930 

2024-07-28 20:57:44,619 INFO Connection transportTerminated,connectionId = 1722171415021_172.19.0.1_60930 

2024-07-28 20:57:44,619 WARN [1722171415021_172.19.0.1_60930] connection  close exception  : {}

java.lang.IllegalStateException: call already closed
	at com.google.common.base.Preconditions.checkState(Preconditions.java:508)
	at io.grpc.internal.ServerCallImpl.closeInternal(ServerCallImpl.java:219)
	at io.grpc.internal.ServerCallImpl.close(ServerCallImpl.java:212)
	at io.grpc.stub.ServerCalls$ServerCallStreamObserverImpl.onCompleted(ServerCalls.java:395)
	at com.alibaba.nacos.core.remote.grpc.GrpcConnection.closeBiStream(GrpcConnection.java:143)
	at com.alibaba.nacos.core.remote.grpc.GrpcConnection.close(GrpcConnection.java:131)
	at com.alibaba.nacos.core.remote.ConnectionManager.unregister(ConnectionManager.java:159)
	at com.alibaba.nacos.core.remote.grpc.AddressTransportFilter.transportTerminated(AddressTransportFilter.java:77)
	at io.grpc.internal.ServerImpl$ServerTransportListenerImpl.transportTerminated(ServerImpl.java:455)
	at io.grpc.netty.shaded.io.grpc.netty.NettyServerTransport.notifyTerminated(NettyServerTransport.java:207)
	at io.grpc.netty.shaded.io.grpc.netty.NettyServerTransport.access$100(NettyServerTransport.java:51)
	at io.grpc.netty.shaded.io.grpc.netty.NettyServerTransport$1TerminationNotifier.operationComplete(NettyServerTransport.java:141)
	at io.grpc.netty.shaded.io.grpc.netty.NettyServerTransport$1TerminationNotifier.operationComplete(NettyServerTransport.java:134)
	at io.grpc.netty.shaded.io.netty.util.concurrent.DefaultPromise.notifyListener0(DefaultPromise.java:578)
	at io.grpc.netty.shaded.io.netty.util.concurrent.DefaultPromise.notifyListeners0(DefaultPromise.java:571)
	at io.grpc.netty.shaded.io.netty.util.concurrent.DefaultPromise.notifyListenersNow(DefaultPromise.java:550)
	at io.grpc.netty.shaded.io.netty.util.concurrent.DefaultPromise.notifyListeners(DefaultPromise.java:491)
	at io.grpc.netty.shaded.io.netty.util.concurrent.DefaultPromise.setValue0(DefaultPromise.java:616)
	at io.grpc.netty.shaded.io.netty.util.concurrent.DefaultPromise.setSuccess0(DefaultPromise.java:605)
	at io.grpc.netty.shaded.io.netty.util.concurrent.DefaultPromise.trySuccess(DefaultPromise.java:104)
	at io.grpc.netty.shaded.io.netty.channel.DefaultChannelPromise.trySuccess(DefaultChannelPromise.java:84)
	at io.grpc.netty.shaded.io.netty.channel.AbstractChannel$CloseFuture.setClosed(AbstractChannel.java:1164)
	at io.grpc.netty.shaded.io.netty.channel.AbstractChannel$AbstractUnsafe.doClose0(AbstractChannel.java:755)
	at io.grpc.netty.shaded.io.netty.channel.AbstractChannel$AbstractUnsafe.close(AbstractChannel.java:731)
	at io.grpc.netty.shaded.io.netty.channel.AbstractChannel$AbstractUnsafe.close(AbstractChannel.java:620)
	at io.grpc.netty.shaded.io.netty.channel.epoll.AbstractEpollChannel$AbstractEpollUnsafe.shutdownInput(AbstractEpollChannel.java:522)
	at io.grpc.netty.shaded.io.netty.channel.epoll.AbstractEpollStreamChannel$EpollStreamUnsafe.epollInReady(AbstractEpollStreamChannel.java:823)
	at io.grpc.netty.shaded.io.netty.channel.epoll.EpollEventLoop.processReady(EpollEventLoop.java:487)
	at io.grpc.netty.shaded.io.netty.channel.epoll.EpollEventLoop.run(EpollEventLoop.java:385)
	at io.grpc.netty.shaded.io.netty.util.concurrent.SingleThreadEventExecutor$4.run(SingleThreadEventExecutor.java:997)
	at io.grpc.netty.shaded.io.netty.util.internal.ThreadExecutorMap$2.run(ThreadExecutorMap.java:74)
	at io.grpc.netty.shaded.io.netty.util.concurrent.FastThreadLocalRunnable.run(FastThreadLocalRunnable.java:30)
	at java.lang.Thread.run(Thread.java:750)
2024-07-28 20:57:44,619 INFO [1722171415021_172.19.0.1_60930]client disconnected,clear config listen context

2024-07-28 20:57:47,052 INFO Connection transportTerminated,connectionId = 1722171367775_172.19.0.1_53386 

2024-07-28 20:57:47,052 WARN [1722171367775_172.19.0.1_53386] connection  close exception  : {}

java.lang.IllegalStateException: call already closed
	at com.google.common.base.Preconditions.checkState(Preconditions.java:508)
	at io.grpc.internal.ServerCallImpl.closeInternal(ServerCallImpl.java:219)
	at io.grpc.internal.ServerCallImpl.close(ServerCallImpl.java:212)
	at io.grpc.stub.ServerCalls$ServerCallStreamObserverImpl.onCompleted(ServerCalls.java:395)
	at com.alibaba.nacos.core.remote.grpc.GrpcConnection.closeBiStream(GrpcConnection.java:143)
	at com.alibaba.nacos.core.remote.grpc.GrpcConnection.close(GrpcConnection.java:131)
	at com.alibaba.nacos.core.remote.ConnectionManager.unregister(ConnectionManager.java:159)
	at com.alibaba.nacos.core.remote.grpc.AddressTransportFilter.transportTerminated(AddressTransportFilter.java:77)
	at io.grpc.internal.ServerImpl$ServerTransportListenerImpl.transportTerminated(ServerImpl.java:455)
	at io.grpc.netty.shaded.io.grpc.netty.NettyServerTransport.notifyTerminated(NettyServerTransport.java:207)
	at io.grpc.netty.shaded.io.grpc.netty.NettyServerTransport.access$100(NettyServerTransport.java:51)
	at io.grpc.netty.shaded.io.grpc.netty.NettyServerTransport$1TerminationNotifier.operationComplete(NettyServerTransport.java:141)
	at io.grpc.netty.shaded.io.grpc.netty.NettyServerTransport$1TerminationNotifier.operationComplete(NettyServerTransport.java:134)
	at io.grpc.netty.shaded.io.netty.util.concurrent.DefaultPromise.notifyListener0(DefaultPromise.java:578)
	at io.grpc.netty.shaded.io.netty.util.concurrent.DefaultPromise.notifyListeners0(DefaultPromise.java:571)
	at io.grpc.netty.shaded.io.netty.util.concurrent.DefaultPromise.notifyListenersNow(DefaultPromise.java:550)
	at io.grpc.netty.shaded.io.netty.util.concurrent.DefaultPromise.notifyListeners(DefaultPromise.java:491)
	at io.grpc.netty.shaded.io.netty.util.concurrent.DefaultPromise.setValue0(DefaultPromise.java:616)
	at io.grpc.netty.shaded.io.netty.util.concurrent.DefaultPromise.setSuccess0(DefaultPromise.java:605)
	at io.grpc.netty.shaded.io.netty.util.concurrent.DefaultPromise.trySuccess(DefaultPromise.java:104)
	at io.grpc.netty.shaded.io.netty.channel.DefaultChannelPromise.trySuccess(DefaultChannelPromise.java:84)
	at io.grpc.netty.shaded.io.netty.channel.AbstractChannel$CloseFuture.setClosed(AbstractChannel.java:1164)
	at io.grpc.netty.shaded.io.netty.channel.AbstractChannel$AbstractUnsafe.doClose0(AbstractChannel.java:755)
	at io.grpc.netty.shaded.io.netty.channel.AbstractChannel$AbstractUnsafe.close(AbstractChannel.java:731)
	at io.grpc.netty.shaded.io.netty.channel.AbstractChannel$AbstractUnsafe.close(AbstractChannel.java:620)
	at io.grpc.netty.shaded.io.netty.channel.epoll.AbstractEpollChannel$AbstractEpollUnsafe.shutdownInput(AbstractEpollChannel.java:522)
	at io.grpc.netty.shaded.io.netty.channel.epoll.AbstractEpollStreamChannel$EpollStreamUnsafe.epollInReady(AbstractEpollStreamChannel.java:823)
	at io.grpc.netty.shaded.io.netty.channel.epoll.EpollEventLoop.processReady(EpollEventLoop.java:487)
	at io.grpc.netty.shaded.io.netty.channel.epoll.EpollEventLoop.run(EpollEventLoop.java:385)
	at io.grpc.netty.shaded.io.netty.util.concurrent.SingleThreadEventExecutor$4.run(SingleThreadEventExecutor.java:997)
	at io.grpc.netty.shaded.io.netty.util.internal.ThreadExecutorMap$2.run(ThreadExecutorMap.java:74)
	at io.grpc.netty.shaded.io.netty.util.concurrent.FastThreadLocalRunnable.run(FastThreadLocalRunnable.java:30)
	at java.lang.Thread.run(Thread.java:750)
2024-07-28 20:57:47,052 INFO [1722171367775_172.19.0.1_53386]client disconnected,clear config listen context

2024-07-28 21:07:28,856 INFO Connection transportReady,connectionId = 1722172048856_172.19.0.1_34596 

2024-07-28 21:07:36,363 INFO Connection transportReady,connectionId = 1722172056363_172.19.0.1_33068 

2024-07-28 21:08:07,895 INFO Connection transportReady,connectionId = 1722172087895_172.19.0.1_39912 

2024-07-28 21:08:08,508 INFO Connection transportReady,connectionId = 1722172088508_172.19.0.1_39918 

2024-07-28 21:08:18,180 INFO Connection transportReady,connectionId = 1722172098180_172.19.0.1_60192 

2024-07-28 21:08:30,840 INFO Connection transportReady,connectionId = 1722172110840_172.19.0.1_36826 

2024-07-28 21:18:12,521 INFO Connection transportTerminated,connectionId = 1722172048856_172.19.0.1_34596 

2024-07-28 21:18:12,523 WARN [1722172048856_172.19.0.1_34596] connection  close exception  : {}

java.lang.IllegalStateException: call already closed
	at com.google.common.base.Preconditions.checkState(Preconditions.java:508)
	at io.grpc.internal.ServerCallImpl.closeInternal(ServerCallImpl.java:219)
	at io.grpc.internal.ServerCallImpl.close(ServerCallImpl.java:212)
	at io.grpc.stub.ServerCalls$ServerCallStreamObserverImpl.onCompleted(ServerCalls.java:395)
	at com.alibaba.nacos.core.remote.grpc.GrpcConnection.closeBiStream(GrpcConnection.java:143)
	at com.alibaba.nacos.core.remote.grpc.GrpcConnection.close(GrpcConnection.java:131)
	at com.alibaba.nacos.core.remote.ConnectionManager.unregister(ConnectionManager.java:159)
	at com.alibaba.nacos.core.remote.grpc.AddressTransportFilter.transportTerminated(AddressTransportFilter.java:77)
	at io.grpc.internal.ServerImpl$ServerTransportListenerImpl.transportTerminated(ServerImpl.java:455)
	at io.grpc.netty.shaded.io.grpc.netty.NettyServerTransport.notifyTerminated(NettyServerTransport.java:207)
	at io.grpc.netty.shaded.io.grpc.netty.NettyServerTransport.access$100(NettyServerTransport.java:51)
	at io.grpc.netty.shaded.io.grpc.netty.NettyServerTransport$1TerminationNotifier.operationComplete(NettyServerTransport.java:141)
	at io.grpc.netty.shaded.io.grpc.netty.NettyServerTransport$1TerminationNotifier.operationComplete(NettyServerTransport.java:134)
	at io.grpc.netty.shaded.io.netty.util.concurrent.DefaultPromise.notifyListener0(DefaultPromise.java:578)
	at io.grpc.netty.shaded.io.netty.util.concurrent.DefaultPromise.notifyListeners0(DefaultPromise.java:571)
	at io.grpc.netty.shaded.io.netty.util.concurrent.DefaultPromise.notifyListenersNow(DefaultPromise.java:550)
	at io.grpc.netty.shaded.io.netty.util.concurrent.DefaultPromise.notifyListeners(DefaultPromise.java:491)
	at io.grpc.netty.shaded.io.netty.util.concurrent.DefaultPromise.setValue0(DefaultPromise.java:616)
	at io.grpc.netty.shaded.io.netty.util.concurrent.DefaultPromise.setSuccess0(DefaultPromise.java:605)
	at io.grpc.netty.shaded.io.netty.util.concurrent.DefaultPromise.trySuccess(DefaultPromise.java:104)
	at io.grpc.netty.shaded.io.netty.channel.DefaultChannelPromise.trySuccess(DefaultChannelPromise.java:84)
	at io.grpc.netty.shaded.io.netty.channel.AbstractChannel$CloseFuture.setClosed(AbstractChannel.java:1164)
	at io.grpc.netty.shaded.io.netty.channel.AbstractChannel$AbstractUnsafe.doClose0(AbstractChannel.java:755)
	at io.grpc.netty.shaded.io.netty.channel.AbstractChannel$AbstractUnsafe.close(AbstractChannel.java:731)
	at io.grpc.netty.shaded.io.netty.channel.AbstractChannel$AbstractUnsafe.close(AbstractChannel.java:620)
	at io.grpc.netty.shaded.io.netty.channel.epoll.AbstractEpollChannel$AbstractEpollUnsafe.shutdownInput(AbstractEpollChannel.java:522)
	at io.grpc.netty.shaded.io.netty.channel.epoll.AbstractEpollStreamChannel$EpollStreamUnsafe.epollInReady(AbstractEpollStreamChannel.java:823)
	at io.grpc.netty.shaded.io.netty.channel.epoll.EpollEventLoop.processReady(EpollEventLoop.java:487)
	at io.grpc.netty.shaded.io.netty.channel.epoll.EpollEventLoop.run(EpollEventLoop.java:385)
	at io.grpc.netty.shaded.io.netty.util.concurrent.SingleThreadEventExecutor$4.run(SingleThreadEventExecutor.java:997)
	at io.grpc.netty.shaded.io.netty.util.internal.ThreadExecutorMap$2.run(ThreadExecutorMap.java:74)
	at io.grpc.netty.shaded.io.netty.util.concurrent.FastThreadLocalRunnable.run(FastThreadLocalRunnable.java:30)
	at java.lang.Thread.run(Thread.java:750)
2024-07-28 21:18:12,523 INFO [1722172048856_172.19.0.1_34596]client disconnected,clear config listen context

2024-07-28 21:18:12,530 INFO Connection transportTerminated,connectionId = 1722172056363_172.19.0.1_33068 

2024-07-28 21:18:12,530 WARN [1722172056363_172.19.0.1_33068] connection  close exception  : {}

java.lang.IllegalStateException: call already closed
	at com.google.common.base.Preconditions.checkState(Preconditions.java:508)
	at io.grpc.internal.ServerCallImpl.closeInternal(ServerCallImpl.java:219)
	at io.grpc.internal.ServerCallImpl.close(ServerCallImpl.java:212)
	at io.grpc.stub.ServerCalls$ServerCallStreamObserverImpl.onCompleted(ServerCalls.java:395)
	at com.alibaba.nacos.core.remote.grpc.GrpcConnection.closeBiStream(GrpcConnection.java:143)
	at com.alibaba.nacos.core.remote.grpc.GrpcConnection.close(GrpcConnection.java:131)
	at com.alibaba.nacos.core.remote.ConnectionManager.unregister(ConnectionManager.java:159)
	at com.alibaba.nacos.core.remote.grpc.AddressTransportFilter.transportTerminated(AddressTransportFilter.java:77)
	at io.grpc.internal.ServerImpl$ServerTransportListenerImpl.transportTerminated(ServerImpl.java:455)
	at io.grpc.netty.shaded.io.grpc.netty.NettyServerTransport.notifyTerminated(NettyServerTransport.java:207)
	at io.grpc.netty.shaded.io.grpc.netty.NettyServerTransport.access$100(NettyServerTransport.java:51)
	at io.grpc.netty.shaded.io.grpc.netty.NettyServerTransport$1TerminationNotifier.operationComplete(NettyServerTransport.java:141)
	at io.grpc.netty.shaded.io.grpc.netty.NettyServerTransport$1TerminationNotifier.operationComplete(NettyServerTransport.java:134)
	at io.grpc.netty.shaded.io.netty.util.concurrent.DefaultPromise.notifyListener0(DefaultPromise.java:578)
	at io.grpc.netty.shaded.io.netty.util.concurrent.DefaultPromise.notifyListeners0(DefaultPromise.java:571)
	at io.grpc.netty.shaded.io.netty.util.concurrent.DefaultPromise.notifyListenersNow(DefaultPromise.java:550)
	at io.grpc.netty.shaded.io.netty.util.concurrent.DefaultPromise.notifyListeners(DefaultPromise.java:491)
	at io.grpc.netty.shaded.io.netty.util.concurrent.DefaultPromise.setValue0(DefaultPromise.java:616)
	at io.grpc.netty.shaded.io.netty.util.concurrent.DefaultPromise.setSuccess0(DefaultPromise.java:605)
	at io.grpc.netty.shaded.io.netty.util.concurrent.DefaultPromise.trySuccess(DefaultPromise.java:104)
	at io.grpc.netty.shaded.io.netty.channel.DefaultChannelPromise.trySuccess(DefaultChannelPromise.java:84)
	at io.grpc.netty.shaded.io.netty.channel.AbstractChannel$CloseFuture.setClosed(AbstractChannel.java:1164)
	at io.grpc.netty.shaded.io.netty.channel.AbstractChannel$AbstractUnsafe.doClose0(AbstractChannel.java:755)
	at io.grpc.netty.shaded.io.netty.channel.AbstractChannel$AbstractUnsafe.close(AbstractChannel.java:731)
	at io.grpc.netty.shaded.io.netty.channel.AbstractChannel$AbstractUnsafe.close(AbstractChannel.java:620)
	at io.grpc.netty.shaded.io.netty.channel.epoll.AbstractEpollChannel$AbstractEpollUnsafe.shutdownInput(AbstractEpollChannel.java:522)
	at io.grpc.netty.shaded.io.netty.channel.epoll.AbstractEpollStreamChannel$EpollStreamUnsafe.epollInReady(AbstractEpollStreamChannel.java:823)
	at io.grpc.netty.shaded.io.netty.channel.epoll.EpollEventLoop.processReady(EpollEventLoop.java:487)
	at io.grpc.netty.shaded.io.netty.channel.epoll.EpollEventLoop.run(EpollEventLoop.java:385)
	at io.grpc.netty.shaded.io.netty.util.concurrent.SingleThreadEventExecutor$4.run(SingleThreadEventExecutor.java:997)
	at io.grpc.netty.shaded.io.netty.util.internal.ThreadExecutorMap$2.run(ThreadExecutorMap.java:74)
	at io.grpc.netty.shaded.io.netty.util.concurrent.FastThreadLocalRunnable.run(FastThreadLocalRunnable.java:30)
	at java.lang.Thread.run(Thread.java:750)
2024-07-28 21:18:12,531 INFO [1722172056363_172.19.0.1_33068]client disconnected,clear config listen context

2024-07-28 21:18:12,531 INFO Connection transportTerminated,connectionId = 1722172098180_172.19.0.1_60192 

2024-07-28 21:18:12,531 WARN [1722172098180_172.19.0.1_60192] connection  close exception  : {}

java.lang.IllegalStateException: call already closed
	at com.google.common.base.Preconditions.checkState(Preconditions.java:508)
	at io.grpc.internal.ServerCallImpl.closeInternal(ServerCallImpl.java:219)
	at io.grpc.internal.ServerCallImpl.close(ServerCallImpl.java:212)
	at io.grpc.stub.ServerCalls$ServerCallStreamObserverImpl.onCompleted(ServerCalls.java:395)
	at com.alibaba.nacos.core.remote.grpc.GrpcConnection.closeBiStream(GrpcConnection.java:143)
	at com.alibaba.nacos.core.remote.grpc.GrpcConnection.close(GrpcConnection.java:131)
	at com.alibaba.nacos.core.remote.ConnectionManager.unregister(ConnectionManager.java:159)
	at com.alibaba.nacos.core.remote.grpc.AddressTransportFilter.transportTerminated(AddressTransportFilter.java:77)
	at io.grpc.internal.ServerImpl$ServerTransportListenerImpl.transportTerminated(ServerImpl.java:455)
	at io.grpc.netty.shaded.io.grpc.netty.NettyServerTransport.notifyTerminated(NettyServerTransport.java:207)
	at io.grpc.netty.shaded.io.grpc.netty.NettyServerTransport.access$100(NettyServerTransport.java:51)
	at io.grpc.netty.shaded.io.grpc.netty.NettyServerTransport$1TerminationNotifier.operationComplete(NettyServerTransport.java:141)
	at io.grpc.netty.shaded.io.grpc.netty.NettyServerTransport$1TerminationNotifier.operationComplete(NettyServerTransport.java:134)
	at io.grpc.netty.shaded.io.netty.util.concurrent.DefaultPromise.notifyListener0(DefaultPromise.java:578)
	at io.grpc.netty.shaded.io.netty.util.concurrent.DefaultPromise.notifyListeners0(DefaultPromise.java:571)
	at io.grpc.netty.shaded.io.netty.util.concurrent.DefaultPromise.notifyListenersNow(DefaultPromise.java:550)
	at io.grpc.netty.shaded.io.netty.util.concurrent.DefaultPromise.notifyListeners(DefaultPromise.java:491)
	at io.grpc.netty.shaded.io.netty.util.concurrent.DefaultPromise.setValue0(DefaultPromise.java:616)
	at io.grpc.netty.shaded.io.netty.util.concurrent.DefaultPromise.setSuccess0(DefaultPromise.java:605)
	at io.grpc.netty.shaded.io.netty.util.concurrent.DefaultPromise.trySuccess(DefaultPromise.java:104)
	at io.grpc.netty.shaded.io.netty.channel.DefaultChannelPromise.trySuccess(DefaultChannelPromise.java:84)
	at io.grpc.netty.shaded.io.netty.channel.AbstractChannel$CloseFuture.setClosed(AbstractChannel.java:1164)
	at io.grpc.netty.shaded.io.netty.channel.AbstractChannel$AbstractUnsafe.doClose0(AbstractChannel.java:755)
	at io.grpc.netty.shaded.io.netty.channel.AbstractChannel$AbstractUnsafe.close(AbstractChannel.java:731)
	at io.grpc.netty.shaded.io.netty.channel.AbstractChannel$AbstractUnsafe.close(AbstractChannel.java:620)
	at io.grpc.netty.shaded.io.netty.channel.epoll.AbstractEpollChannel$AbstractEpollUnsafe.shutdownInput(AbstractEpollChannel.java:522)
	at io.grpc.netty.shaded.io.netty.channel.epoll.AbstractEpollStreamChannel$EpollStreamUnsafe.epollInReady(AbstractEpollStreamChannel.java:823)
	at io.grpc.netty.shaded.io.netty.channel.epoll.EpollEventLoop.processReady(EpollEventLoop.java:487)
	at io.grpc.netty.shaded.io.netty.channel.epoll.EpollEventLoop.run(EpollEventLoop.java:385)
	at io.grpc.netty.shaded.io.netty.util.concurrent.SingleThreadEventExecutor$4.run(SingleThreadEventExecutor.java:997)
	at io.grpc.netty.shaded.io.netty.util.internal.ThreadExecutorMap$2.run(ThreadExecutorMap.java:74)
	at io.grpc.netty.shaded.io.netty.util.concurrent.FastThreadLocalRunnable.run(FastThreadLocalRunnable.java:30)
	at java.lang.Thread.run(Thread.java:750)
2024-07-28 21:18:12,531 INFO [1722172098180_172.19.0.1_60192]client disconnected,clear config listen context

2024-07-28 21:18:12,539 INFO Connection transportTerminated,connectionId = 1722172110840_172.19.0.1_36826 

2024-07-28 21:18:12,539 WARN [1722172110840_172.19.0.1_36826] connection  close exception  : {}

java.lang.IllegalStateException: call already closed
	at com.google.common.base.Preconditions.checkState(Preconditions.java:508)
	at io.grpc.internal.ServerCallImpl.closeInternal(ServerCallImpl.java:219)
	at io.grpc.internal.ServerCallImpl.close(ServerCallImpl.java:212)
	at io.grpc.stub.ServerCalls$ServerCallStreamObserverImpl.onCompleted(ServerCalls.java:395)
	at com.alibaba.nacos.core.remote.grpc.GrpcConnection.closeBiStream(GrpcConnection.java:143)
	at com.alibaba.nacos.core.remote.grpc.GrpcConnection.close(GrpcConnection.java:131)
	at com.alibaba.nacos.core.remote.ConnectionManager.unregister(ConnectionManager.java:159)
	at com.alibaba.nacos.core.remote.grpc.AddressTransportFilter.transportTerminated(AddressTransportFilter.java:77)
	at io.grpc.internal.ServerImpl$ServerTransportListenerImpl.transportTerminated(ServerImpl.java:455)
	at io.grpc.netty.shaded.io.grpc.netty.NettyServerTransport.notifyTerminated(NettyServerTransport.java:207)
	at io.grpc.netty.shaded.io.grpc.netty.NettyServerTransport.access$100(NettyServerTransport.java:51)
	at io.grpc.netty.shaded.io.grpc.netty.NettyServerTransport$1TerminationNotifier.operationComplete(NettyServerTransport.java:141)
	at io.grpc.netty.shaded.io.grpc.netty.NettyServerTransport$1TerminationNotifier.operationComplete(NettyServerTransport.java:134)
	at io.grpc.netty.shaded.io.netty.util.concurrent.DefaultPromise.notifyListener0(DefaultPromise.java:578)
	at io.grpc.netty.shaded.io.netty.util.concurrent.DefaultPromise.notifyListeners0(DefaultPromise.java:571)
	at io.grpc.netty.shaded.io.netty.util.concurrent.DefaultPromise.notifyListenersNow(DefaultPromise.java:550)
	at io.grpc.netty.shaded.io.netty.util.concurrent.DefaultPromise.notifyListeners(DefaultPromise.java:491)
	at io.grpc.netty.shaded.io.netty.util.concurrent.DefaultPromise.setValue0(DefaultPromise.java:616)
	at io.grpc.netty.shaded.io.netty.util.concurrent.DefaultPromise.setSuccess0(DefaultPromise.java:605)
	at io.grpc.netty.shaded.io.netty.util.concurrent.DefaultPromise.trySuccess(DefaultPromise.java:104)
	at io.grpc.netty.shaded.io.netty.channel.DefaultChannelPromise.trySuccess(DefaultChannelPromise.java:84)
	at io.grpc.netty.shaded.io.netty.channel.AbstractChannel$CloseFuture.setClosed(AbstractChannel.java:1164)
	at io.grpc.netty.shaded.io.netty.channel.AbstractChannel$AbstractUnsafe.doClose0(AbstractChannel.java:755)
	at io.grpc.netty.shaded.io.netty.channel.AbstractChannel$AbstractUnsafe.close(AbstractChannel.java:731)
	at io.grpc.netty.shaded.io.netty.channel.AbstractChannel$AbstractUnsafe.close(AbstractChannel.java:620)
	at io.grpc.netty.shaded.io.netty.channel.epoll.AbstractEpollChannel$AbstractEpollUnsafe.shutdownInput(AbstractEpollChannel.java:522)
	at io.grpc.netty.shaded.io.netty.channel.epoll.AbstractEpollStreamChannel$EpollStreamUnsafe.epollInReady(AbstractEpollStreamChannel.java:823)
	at io.grpc.netty.shaded.io.netty.channel.epoll.EpollEventLoop.processReady(EpollEventLoop.java:487)
	at io.grpc.netty.shaded.io.netty.channel.epoll.EpollEventLoop.run(EpollEventLoop.java:385)
	at io.grpc.netty.shaded.io.netty.util.concurrent.SingleThreadEventExecutor$4.run(SingleThreadEventExecutor.java:997)
	at io.grpc.netty.shaded.io.netty.util.internal.ThreadExecutorMap$2.run(ThreadExecutorMap.java:74)
	at io.grpc.netty.shaded.io.netty.util.concurrent.FastThreadLocalRunnable.run(FastThreadLocalRunnable.java:30)
	at java.lang.Thread.run(Thread.java:750)
2024-07-28 21:18:12,539 INFO [1722172110840_172.19.0.1_36826]client disconnected,clear config listen context

2024-07-28 21:18:12,539 INFO Connection transportTerminated,connectionId = 1722172087895_172.19.0.1_39912 

2024-07-28 21:18:12,539 WARN [1722172087895_172.19.0.1_39912] connection  close exception  : {}

java.lang.IllegalStateException: call already closed
	at com.google.common.base.Preconditions.checkState(Preconditions.java:508)
	at io.grpc.internal.ServerCallImpl.closeInternal(ServerCallImpl.java:219)
	at io.grpc.internal.ServerCallImpl.close(ServerCallImpl.java:212)
	at io.grpc.stub.ServerCalls$ServerCallStreamObserverImpl.onCompleted(ServerCalls.java:395)
	at com.alibaba.nacos.core.remote.grpc.GrpcConnection.closeBiStream(GrpcConnection.java:143)
	at com.alibaba.nacos.core.remote.grpc.GrpcConnection.close(GrpcConnection.java:131)
	at com.alibaba.nacos.core.remote.ConnectionManager.unregister(ConnectionManager.java:159)
	at com.alibaba.nacos.core.remote.grpc.AddressTransportFilter.transportTerminated(AddressTransportFilter.java:77)
	at io.grpc.internal.ServerImpl$ServerTransportListenerImpl.transportTerminated(ServerImpl.java:455)
	at io.grpc.netty.shaded.io.grpc.netty.NettyServerTransport.notifyTerminated(NettyServerTransport.java:207)
	at io.grpc.netty.shaded.io.grpc.netty.NettyServerTransport.access$100(NettyServerTransport.java:51)
	at io.grpc.netty.shaded.io.grpc.netty.NettyServerTransport$1TerminationNotifier.operationComplete(NettyServerTransport.java:141)
	at io.grpc.netty.shaded.io.grpc.netty.NettyServerTransport$1TerminationNotifier.operationComplete(NettyServerTransport.java:134)
	at io.grpc.netty.shaded.io.netty.util.concurrent.DefaultPromise.notifyListener0(DefaultPromise.java:578)
	at io.grpc.netty.shaded.io.netty.util.concurrent.DefaultPromise.notifyListeners0(DefaultPromise.java:571)
	at io.grpc.netty.shaded.io.netty.util.concurrent.DefaultPromise.notifyListenersNow(DefaultPromise.java:550)
	at io.grpc.netty.shaded.io.netty.util.concurrent.DefaultPromise.notifyListeners(DefaultPromise.java:491)
	at io.grpc.netty.shaded.io.netty.util.concurrent.DefaultPromise.setValue0(DefaultPromise.java:616)
	at io.grpc.netty.shaded.io.netty.util.concurrent.DefaultPromise.setSuccess0(DefaultPromise.java:605)
	at io.grpc.netty.shaded.io.netty.util.concurrent.DefaultPromise.trySuccess(DefaultPromise.java:104)
	at io.grpc.netty.shaded.io.netty.channel.DefaultChannelPromise.trySuccess(DefaultChannelPromise.java:84)
	at io.grpc.netty.shaded.io.netty.channel.AbstractChannel$CloseFuture.setClosed(AbstractChannel.java:1164)
	at io.grpc.netty.shaded.io.netty.channel.AbstractChannel$AbstractUnsafe.doClose0(AbstractChannel.java:755)
	at io.grpc.netty.shaded.io.netty.channel.AbstractChannel$AbstractUnsafe.close(AbstractChannel.java:731)
	at io.grpc.netty.shaded.io.netty.channel.AbstractChannel$AbstractUnsafe.close(AbstractChannel.java:620)
	at io.grpc.netty.shaded.io.netty.channel.epoll.AbstractEpollChannel$AbstractEpollUnsafe.shutdownInput(AbstractEpollChannel.java:522)
	at io.grpc.netty.shaded.io.netty.channel.epoll.AbstractEpollStreamChannel$EpollStreamUnsafe.epollInReady(AbstractEpollStreamChannel.java:823)
	at io.grpc.netty.shaded.io.netty.channel.epoll.EpollEventLoop.processReady(EpollEventLoop.java:487)
	at io.grpc.netty.shaded.io.netty.channel.epoll.EpollEventLoop.run(EpollEventLoop.java:385)
	at io.grpc.netty.shaded.io.netty.util.concurrent.SingleThreadEventExecutor$4.run(SingleThreadEventExecutor.java:997)
	at io.grpc.netty.shaded.io.netty.util.internal.ThreadExecutorMap$2.run(ThreadExecutorMap.java:74)
	at io.grpc.netty.shaded.io.netty.util.concurrent.FastThreadLocalRunnable.run(FastThreadLocalRunnable.java:30)
	at java.lang.Thread.run(Thread.java:750)
2024-07-28 21:18:12,540 INFO [1722172087895_172.19.0.1_39912]client disconnected,clear config listen context

2024-07-28 21:18:12,881 INFO Connection transportTerminated,connectionId = 1722172088508_172.19.0.1_39918 

2024-07-28 21:18:12,882 INFO [1722172088508_172.19.0.1_39918]client disconnected,clear config listen context

2024-07-28 21:20:24,409 INFO Connection transportReady,connectionId = 1722172824409_172.19.0.12_52722 

2024-07-28 21:20:24,487 INFO Connection transportReady,connectionId = 1722172824487_172.19.0.9_53066 

2024-07-28 21:20:25,059 INFO Connection transportReady,connectionId = 1722172825059_172.19.0.11_54332 

2024-07-28 21:20:25,329 INFO Connection transportReady,connectionId = 1722172825329_172.19.0.13_33190 

2024-07-28 21:21:44,471 INFO Connection transportTerminated,connectionId = 1722172825329_172.19.0.13_33190 

2024-07-28 21:21:44,475 INFO [1722172825329_172.19.0.13_33190]client disconnected,clear config listen context

2024-07-28 21:21:44,485 INFO Connection transportTerminated,connectionId = 1722172824487_172.19.0.9_53066 

2024-07-28 21:21:44,486 WARN [1722172824487_172.19.0.9_53066] connection  close exception  : {}

java.lang.IllegalStateException: call already closed
	at com.google.common.base.Preconditions.checkState(Preconditions.java:508)
	at io.grpc.internal.ServerCallImpl.closeInternal(ServerCallImpl.java:219)
	at io.grpc.internal.ServerCallImpl.close(ServerCallImpl.java:212)
	at io.grpc.stub.ServerCalls$ServerCallStreamObserverImpl.onCompleted(ServerCalls.java:395)
	at com.alibaba.nacos.core.remote.grpc.GrpcConnection.closeBiStream(GrpcConnection.java:143)
	at com.alibaba.nacos.core.remote.grpc.GrpcConnection.close(GrpcConnection.java:131)
	at com.alibaba.nacos.core.remote.ConnectionManager.unregister(ConnectionManager.java:159)
	at com.alibaba.nacos.core.remote.grpc.AddressTransportFilter.transportTerminated(AddressTransportFilter.java:77)
	at io.grpc.internal.ServerImpl$ServerTransportListenerImpl.transportTerminated(ServerImpl.java:455)
	at io.grpc.netty.shaded.io.grpc.netty.NettyServerTransport.notifyTerminated(NettyServerTransport.java:207)
	at io.grpc.netty.shaded.io.grpc.netty.NettyServerTransport.access$100(NettyServerTransport.java:51)
	at io.grpc.netty.shaded.io.grpc.netty.NettyServerTransport$1TerminationNotifier.operationComplete(NettyServerTransport.java:141)
	at io.grpc.netty.shaded.io.grpc.netty.NettyServerTransport$1TerminationNotifier.operationComplete(NettyServerTransport.java:134)
	at io.grpc.netty.shaded.io.netty.util.concurrent.DefaultPromise.notifyListener0(DefaultPromise.java:578)
	at io.grpc.netty.shaded.io.netty.util.concurrent.DefaultPromise.notifyListeners0(DefaultPromise.java:571)
	at io.grpc.netty.shaded.io.netty.util.concurrent.DefaultPromise.notifyListenersNow(DefaultPromise.java:550)
	at io.grpc.netty.shaded.io.netty.util.concurrent.DefaultPromise.notifyListeners(DefaultPromise.java:491)
	at io.grpc.netty.shaded.io.netty.util.concurrent.DefaultPromise.setValue0(DefaultPromise.java:616)
	at io.grpc.netty.shaded.io.netty.util.concurrent.DefaultPromise.setSuccess0(DefaultPromise.java:605)
	at io.grpc.netty.shaded.io.netty.util.concurrent.DefaultPromise.trySuccess(DefaultPromise.java:104)
	at io.grpc.netty.shaded.io.netty.channel.DefaultChannelPromise.trySuccess(DefaultChannelPromise.java:84)
	at io.grpc.netty.shaded.io.netty.channel.AbstractChannel$CloseFuture.setClosed(AbstractChannel.java:1164)
	at io.grpc.netty.shaded.io.netty.channel.AbstractChannel$AbstractUnsafe.doClose0(AbstractChannel.java:755)
	at io.grpc.netty.shaded.io.netty.channel.AbstractChannel$AbstractUnsafe.close(AbstractChannel.java:731)
	at io.grpc.netty.shaded.io.netty.channel.AbstractChannel$AbstractUnsafe.close(AbstractChannel.java:620)
	at io.grpc.netty.shaded.io.netty.channel.epoll.AbstractEpollChannel$AbstractEpollUnsafe.shutdownInput(AbstractEpollChannel.java:522)
	at io.grpc.netty.shaded.io.netty.channel.epoll.AbstractEpollStreamChannel$EpollStreamUnsafe.epollInReady(AbstractEpollStreamChannel.java:823)
	at io.grpc.netty.shaded.io.netty.channel.epoll.EpollEventLoop.processReady(EpollEventLoop.java:487)
	at io.grpc.netty.shaded.io.netty.channel.epoll.EpollEventLoop.run(EpollEventLoop.java:385)
	at io.grpc.netty.shaded.io.netty.util.concurrent.SingleThreadEventExecutor$4.run(SingleThreadEventExecutor.java:997)
	at io.grpc.netty.shaded.io.netty.util.internal.ThreadExecutorMap$2.run(ThreadExecutorMap.java:74)
	at io.grpc.netty.shaded.io.netty.util.concurrent.FastThreadLocalRunnable.run(FastThreadLocalRunnable.java:30)
	at java.lang.Thread.run(Thread.java:750)
2024-07-28 21:21:44,486 INFO [1722172824487_172.19.0.9_53066]client disconnected,clear config listen context

2024-07-28 21:21:44,500 INFO Connection transportTerminated,connectionId = 1722172824409_172.19.0.12_52722 

2024-07-28 21:21:44,500 WARN [1722172824409_172.19.0.12_52722] connection  close exception  : {}

java.lang.IllegalStateException: call already closed
	at com.google.common.base.Preconditions.checkState(Preconditions.java:508)
	at io.grpc.internal.ServerCallImpl.closeInternal(ServerCallImpl.java:219)
	at io.grpc.internal.ServerCallImpl.close(ServerCallImpl.java:212)
	at io.grpc.stub.ServerCalls$ServerCallStreamObserverImpl.onCompleted(ServerCalls.java:395)
	at com.alibaba.nacos.core.remote.grpc.GrpcConnection.closeBiStream(GrpcConnection.java:143)
	at com.alibaba.nacos.core.remote.grpc.GrpcConnection.close(GrpcConnection.java:131)
	at com.alibaba.nacos.core.remote.ConnectionManager.unregister(ConnectionManager.java:159)
	at com.alibaba.nacos.core.remote.grpc.AddressTransportFilter.transportTerminated(AddressTransportFilter.java:77)
	at io.grpc.internal.ServerImpl$ServerTransportListenerImpl.transportTerminated(ServerImpl.java:455)
	at io.grpc.netty.shaded.io.grpc.netty.NettyServerTransport.notifyTerminated(NettyServerTransport.java:207)
	at io.grpc.netty.shaded.io.grpc.netty.NettyServerTransport.access$100(NettyServerTransport.java:51)
	at io.grpc.netty.shaded.io.grpc.netty.NettyServerTransport$1TerminationNotifier.operationComplete(NettyServerTransport.java:141)
	at io.grpc.netty.shaded.io.grpc.netty.NettyServerTransport$1TerminationNotifier.operationComplete(NettyServerTransport.java:134)
	at io.grpc.netty.shaded.io.netty.util.concurrent.DefaultPromise.notifyListener0(DefaultPromise.java:578)
	at io.grpc.netty.shaded.io.netty.util.concurrent.DefaultPromise.notifyListeners0(DefaultPromise.java:571)
	at io.grpc.netty.shaded.io.netty.util.concurrent.DefaultPromise.notifyListenersNow(DefaultPromise.java:550)
	at io.grpc.netty.shaded.io.netty.util.concurrent.DefaultPromise.notifyListeners(DefaultPromise.java:491)
	at io.grpc.netty.shaded.io.netty.util.concurrent.DefaultPromise.setValue0(DefaultPromise.java:616)
	at io.grpc.netty.shaded.io.netty.util.concurrent.DefaultPromise.setSuccess0(DefaultPromise.java:605)
	at io.grpc.netty.shaded.io.netty.util.concurrent.DefaultPromise.trySuccess(DefaultPromise.java:104)
	at io.grpc.netty.shaded.io.netty.channel.DefaultChannelPromise.trySuccess(DefaultChannelPromise.java:84)
	at io.grpc.netty.shaded.io.netty.channel.AbstractChannel$CloseFuture.setClosed(AbstractChannel.java:1164)
	at io.grpc.netty.shaded.io.netty.channel.AbstractChannel$AbstractUnsafe.doClose0(AbstractChannel.java:755)
	at io.grpc.netty.shaded.io.netty.channel.AbstractChannel$AbstractUnsafe.close(AbstractChannel.java:731)
	at io.grpc.netty.shaded.io.netty.channel.AbstractChannel$AbstractUnsafe.close(AbstractChannel.java:620)
	at io.grpc.netty.shaded.io.netty.channel.epoll.AbstractEpollChannel$AbstractEpollUnsafe.shutdownInput(AbstractEpollChannel.java:522)
	at io.grpc.netty.shaded.io.netty.channel.epoll.AbstractEpollStreamChannel$EpollStreamUnsafe.epollInReady(AbstractEpollStreamChannel.java:823)
	at io.grpc.netty.shaded.io.netty.channel.epoll.EpollEventLoop.processReady(EpollEventLoop.java:487)
	at io.grpc.netty.shaded.io.netty.channel.epoll.EpollEventLoop.run(EpollEventLoop.java:385)
	at io.grpc.netty.shaded.io.netty.util.concurrent.SingleThreadEventExecutor$4.run(SingleThreadEventExecutor.java:997)
	at io.grpc.netty.shaded.io.netty.util.internal.ThreadExecutorMap$2.run(ThreadExecutorMap.java:74)
	at io.grpc.netty.shaded.io.netty.util.concurrent.FastThreadLocalRunnable.run(FastThreadLocalRunnable.java:30)
	at java.lang.Thread.run(Thread.java:750)
2024-07-28 21:21:44,501 INFO [1722172824409_172.19.0.12_52722]client disconnected,clear config listen context

2024-07-28 21:21:44,521 INFO Connection transportTerminated,connectionId = 1722172825059_172.19.0.11_54332 

2024-07-28 21:21:44,521 WARN [1722172825059_172.19.0.11_54332] connection  close exception  : {}

java.lang.IllegalStateException: call already closed
	at com.google.common.base.Preconditions.checkState(Preconditions.java:508)
	at io.grpc.internal.ServerCallImpl.closeInternal(ServerCallImpl.java:219)
	at io.grpc.internal.ServerCallImpl.close(ServerCallImpl.java:212)
	at io.grpc.stub.ServerCalls$ServerCallStreamObserverImpl.onCompleted(ServerCalls.java:395)
	at com.alibaba.nacos.core.remote.grpc.GrpcConnection.closeBiStream(GrpcConnection.java:143)
	at com.alibaba.nacos.core.remote.grpc.GrpcConnection.close(GrpcConnection.java:131)
	at com.alibaba.nacos.core.remote.ConnectionManager.unregister(ConnectionManager.java:159)
	at com.alibaba.nacos.core.remote.grpc.AddressTransportFilter.transportTerminated(AddressTransportFilter.java:77)
	at io.grpc.internal.ServerImpl$ServerTransportListenerImpl.transportTerminated(ServerImpl.java:455)
	at io.grpc.netty.shaded.io.grpc.netty.NettyServerTransport.notifyTerminated(NettyServerTransport.java:207)
	at io.grpc.netty.shaded.io.grpc.netty.NettyServerTransport.access$100(NettyServerTransport.java:51)
	at io.grpc.netty.shaded.io.grpc.netty.NettyServerTransport$1TerminationNotifier.operationComplete(NettyServerTransport.java:141)
	at io.grpc.netty.shaded.io.grpc.netty.NettyServerTransport$1TerminationNotifier.operationComplete(NettyServerTransport.java:134)
	at io.grpc.netty.shaded.io.netty.util.concurrent.DefaultPromise.notifyListener0(DefaultPromise.java:578)
	at io.grpc.netty.shaded.io.netty.util.concurrent.DefaultPromise.notifyListeners0(DefaultPromise.java:571)
	at io.grpc.netty.shaded.io.netty.util.concurrent.DefaultPromise.notifyListenersNow(DefaultPromise.java:550)
	at io.grpc.netty.shaded.io.netty.util.concurrent.DefaultPromise.notifyListeners(DefaultPromise.java:491)
	at io.grpc.netty.shaded.io.netty.util.concurrent.DefaultPromise.setValue0(DefaultPromise.java:616)
	at io.grpc.netty.shaded.io.netty.util.concurrent.DefaultPromise.setSuccess0(DefaultPromise.java:605)
	at io.grpc.netty.shaded.io.netty.util.concurrent.DefaultPromise.trySuccess(DefaultPromise.java:104)
	at io.grpc.netty.shaded.io.netty.channel.DefaultChannelPromise.trySuccess(DefaultChannelPromise.java:84)
	at io.grpc.netty.shaded.io.netty.channel.AbstractChannel$CloseFuture.setClosed(AbstractChannel.java:1164)
	at io.grpc.netty.shaded.io.netty.channel.AbstractChannel$AbstractUnsafe.doClose0(AbstractChannel.java:755)
	at io.grpc.netty.shaded.io.netty.channel.AbstractChannel$AbstractUnsafe.close(AbstractChannel.java:731)
	at io.grpc.netty.shaded.io.netty.channel.AbstractChannel$AbstractUnsafe.close(AbstractChannel.java:620)
	at io.grpc.netty.shaded.io.netty.channel.epoll.AbstractEpollChannel$AbstractEpollUnsafe.shutdownInput(AbstractEpollChannel.java:522)
	at io.grpc.netty.shaded.io.netty.channel.epoll.AbstractEpollStreamChannel$EpollStreamUnsafe.epollInReady(AbstractEpollStreamChannel.java:823)
	at io.grpc.netty.shaded.io.netty.channel.epoll.EpollEventLoop.processReady(EpollEventLoop.java:487)
	at io.grpc.netty.shaded.io.netty.channel.epoll.EpollEventLoop.run(EpollEventLoop.java:385)
	at io.grpc.netty.shaded.io.netty.util.concurrent.SingleThreadEventExecutor$4.run(SingleThreadEventExecutor.java:997)
	at io.grpc.netty.shaded.io.netty.util.internal.ThreadExecutorMap$2.run(ThreadExecutorMap.java:74)
	at io.grpc.netty.shaded.io.netty.util.concurrent.FastThreadLocalRunnable.run(FastThreadLocalRunnable.java:30)
	at java.lang.Thread.run(Thread.java:750)
2024-07-28 21:21:44,521 INFO [1722172825059_172.19.0.11_54332]client disconnected,clear config listen context

2024-07-28 21:38:38,098 INFO Connection transportReady,connectionId = 1722173918098_172.19.0.8_59794 

2024-07-28 21:38:45,074 INFO Connection transportReady,connectionId = 1722173925074_172.19.0.11_51196 

2024-07-28 21:38:45,145 INFO Connection transportReady,connectionId = 1722173925145_172.19.0.9_33532 

2024-07-28 21:38:45,228 INFO Connection transportReady,connectionId = 1722173925228_172.19.0.10_53036 

2024-07-28 21:38:45,720 INFO Connection transportReady,connectionId = 1722173925719_172.19.0.12_48442 

2024-07-28 21:43:09,592 INFO Connection transportTerminated,connectionId = 1722173925145_172.19.0.9_33532 

2024-07-28 21:43:09,596 WARN [1722173925145_172.19.0.9_33532] connection  close exception  : {}

java.lang.IllegalStateException: call already closed
	at com.google.common.base.Preconditions.checkState(Preconditions.java:508)
	at io.grpc.internal.ServerCallImpl.closeInternal(ServerCallImpl.java:219)
	at io.grpc.internal.ServerCallImpl.close(ServerCallImpl.java:212)
	at io.grpc.stub.ServerCalls$ServerCallStreamObserverImpl.onCompleted(ServerCalls.java:395)
	at com.alibaba.nacos.core.remote.grpc.GrpcConnection.closeBiStream(GrpcConnection.java:143)
	at com.alibaba.nacos.core.remote.grpc.GrpcConnection.close(GrpcConnection.java:131)
	at com.alibaba.nacos.core.remote.ConnectionManager.unregister(ConnectionManager.java:159)
	at com.alibaba.nacos.core.remote.grpc.AddressTransportFilter.transportTerminated(AddressTransportFilter.java:77)
	at io.grpc.internal.ServerImpl$ServerTransportListenerImpl.transportTerminated(ServerImpl.java:455)
	at io.grpc.netty.shaded.io.grpc.netty.NettyServerTransport.notifyTerminated(NettyServerTransport.java:207)
	at io.grpc.netty.shaded.io.grpc.netty.NettyServerTransport.access$100(NettyServerTransport.java:51)
	at io.grpc.netty.shaded.io.grpc.netty.NettyServerTransport$1TerminationNotifier.operationComplete(NettyServerTransport.java:141)
	at io.grpc.netty.shaded.io.grpc.netty.NettyServerTransport$1TerminationNotifier.operationComplete(NettyServerTransport.java:134)
	at io.grpc.netty.shaded.io.netty.util.concurrent.DefaultPromise.notifyListener0(DefaultPromise.java:578)
	at io.grpc.netty.shaded.io.netty.util.concurrent.DefaultPromise.notifyListeners0(DefaultPromise.java:571)
	at io.grpc.netty.shaded.io.netty.util.concurrent.DefaultPromise.notifyListenersNow(DefaultPromise.java:550)
	at io.grpc.netty.shaded.io.netty.util.concurrent.DefaultPromise.notifyListeners(DefaultPromise.java:491)
	at io.grpc.netty.shaded.io.netty.util.concurrent.DefaultPromise.setValue0(DefaultPromise.java:616)
	at io.grpc.netty.shaded.io.netty.util.concurrent.DefaultPromise.setSuccess0(DefaultPromise.java:605)
	at io.grpc.netty.shaded.io.netty.util.concurrent.DefaultPromise.trySuccess(DefaultPromise.java:104)
	at io.grpc.netty.shaded.io.netty.channel.DefaultChannelPromise.trySuccess(DefaultChannelPromise.java:84)
	at io.grpc.netty.shaded.io.netty.channel.AbstractChannel$CloseFuture.setClosed(AbstractChannel.java:1164)
	at io.grpc.netty.shaded.io.netty.channel.AbstractChannel$AbstractUnsafe.doClose0(AbstractChannel.java:755)
	at io.grpc.netty.shaded.io.netty.channel.AbstractChannel$AbstractUnsafe.close(AbstractChannel.java:731)
	at io.grpc.netty.shaded.io.netty.channel.AbstractChannel$AbstractUnsafe.close(AbstractChannel.java:620)
	at io.grpc.netty.shaded.io.netty.channel.epoll.AbstractEpollChannel$AbstractEpollUnsafe.shutdownInput(AbstractEpollChannel.java:522)
	at io.grpc.netty.shaded.io.netty.channel.epoll.AbstractEpollStreamChannel$EpollStreamUnsafe.epollInReady(AbstractEpollStreamChannel.java:823)
	at io.grpc.netty.shaded.io.netty.channel.epoll.EpollEventLoop.processReady(EpollEventLoop.java:487)
	at io.grpc.netty.shaded.io.netty.channel.epoll.EpollEventLoop.run(EpollEventLoop.java:385)
	at io.grpc.netty.shaded.io.netty.util.concurrent.SingleThreadEventExecutor$4.run(SingleThreadEventExecutor.java:997)
	at io.grpc.netty.shaded.io.netty.util.internal.ThreadExecutorMap$2.run(ThreadExecutorMap.java:74)
	at io.grpc.netty.shaded.io.netty.util.concurrent.FastThreadLocalRunnable.run(FastThreadLocalRunnable.java:30)
	at java.lang.Thread.run(Thread.java:750)
2024-07-28 21:43:09,597 INFO [1722173925145_172.19.0.9_33532]client disconnected,clear config listen context

2024-07-28 21:43:09,608 INFO Connection transportTerminated,connectionId = 1722173925719_172.19.0.12_48442 

2024-07-28 21:43:09,608 WARN [1722173925719_172.19.0.12_48442] connection  close exception  : {}

java.lang.IllegalStateException: call already closed
	at com.google.common.base.Preconditions.checkState(Preconditions.java:508)
	at io.grpc.internal.ServerCallImpl.closeInternal(ServerCallImpl.java:219)
	at io.grpc.internal.ServerCallImpl.close(ServerCallImpl.java:212)
	at io.grpc.stub.ServerCalls$ServerCallStreamObserverImpl.onCompleted(ServerCalls.java:395)
	at com.alibaba.nacos.core.remote.grpc.GrpcConnection.closeBiStream(GrpcConnection.java:143)
	at com.alibaba.nacos.core.remote.grpc.GrpcConnection.close(GrpcConnection.java:131)
	at com.alibaba.nacos.core.remote.ConnectionManager.unregister(ConnectionManager.java:159)
	at com.alibaba.nacos.core.remote.grpc.AddressTransportFilter.transportTerminated(AddressTransportFilter.java:77)
	at io.grpc.internal.ServerImpl$ServerTransportListenerImpl.transportTerminated(ServerImpl.java:455)
	at io.grpc.netty.shaded.io.grpc.netty.NettyServerTransport.notifyTerminated(NettyServerTransport.java:207)
	at io.grpc.netty.shaded.io.grpc.netty.NettyServerTransport.access$100(NettyServerTransport.java:51)
	at io.grpc.netty.shaded.io.grpc.netty.NettyServerTransport$1TerminationNotifier.operationComplete(NettyServerTransport.java:141)
	at io.grpc.netty.shaded.io.grpc.netty.NettyServerTransport$1TerminationNotifier.operationComplete(NettyServerTransport.java:134)
	at io.grpc.netty.shaded.io.netty.util.concurrent.DefaultPromise.notifyListener0(DefaultPromise.java:578)
	at io.grpc.netty.shaded.io.netty.util.concurrent.DefaultPromise.notifyListeners0(DefaultPromise.java:571)
	at io.grpc.netty.shaded.io.netty.util.concurrent.DefaultPromise.notifyListenersNow(DefaultPromise.java:550)
	at io.grpc.netty.shaded.io.netty.util.concurrent.DefaultPromise.notifyListeners(DefaultPromise.java:491)
	at io.grpc.netty.shaded.io.netty.util.concurrent.DefaultPromise.setValue0(DefaultPromise.java:616)
	at io.grpc.netty.shaded.io.netty.util.concurrent.DefaultPromise.setSuccess0(DefaultPromise.java:605)
	at io.grpc.netty.shaded.io.netty.util.concurrent.DefaultPromise.trySuccess(DefaultPromise.java:104)
	at io.grpc.netty.shaded.io.netty.channel.DefaultChannelPromise.trySuccess(DefaultChannelPromise.java:84)
	at io.grpc.netty.shaded.io.netty.channel.AbstractChannel$CloseFuture.setClosed(AbstractChannel.java:1164)
	at io.grpc.netty.shaded.io.netty.channel.AbstractChannel$AbstractUnsafe.doClose0(AbstractChannel.java:755)
	at io.grpc.netty.shaded.io.netty.channel.AbstractChannel$AbstractUnsafe.close(AbstractChannel.java:731)
	at io.grpc.netty.shaded.io.netty.channel.AbstractChannel$AbstractUnsafe.close(AbstractChannel.java:620)
	at io.grpc.netty.shaded.io.netty.channel.epoll.AbstractEpollChannel$AbstractEpollUnsafe.shutdownInput(AbstractEpollChannel.java:522)
	at io.grpc.netty.shaded.io.netty.channel.epoll.AbstractEpollStreamChannel$EpollStreamUnsafe.epollInReady(AbstractEpollStreamChannel.java:823)
	at io.grpc.netty.shaded.io.netty.channel.epoll.EpollEventLoop.processReady(EpollEventLoop.java:487)
	at io.grpc.netty.shaded.io.netty.channel.epoll.EpollEventLoop.run(EpollEventLoop.java:385)
	at io.grpc.netty.shaded.io.netty.util.concurrent.SingleThreadEventExecutor$4.run(SingleThreadEventExecutor.java:997)
	at io.grpc.netty.shaded.io.netty.util.internal.ThreadExecutorMap$2.run(ThreadExecutorMap.java:74)
	at io.grpc.netty.shaded.io.netty.util.concurrent.FastThreadLocalRunnable.run(FastThreadLocalRunnable.java:30)
	at java.lang.Thread.run(Thread.java:750)
2024-07-28 21:43:09,608 INFO [1722173925719_172.19.0.12_48442]client disconnected,clear config listen context

2024-07-28 21:43:09,647 INFO Connection transportTerminated,connectionId = 1722173925228_172.19.0.10_53036 

2024-07-28 21:43:09,647 WARN [1722173925228_172.19.0.10_53036] connection  close exception  : {}

java.lang.IllegalStateException: call already closed
	at com.google.common.base.Preconditions.checkState(Preconditions.java:508)
	at io.grpc.internal.ServerCallImpl.closeInternal(ServerCallImpl.java:219)
	at io.grpc.internal.ServerCallImpl.close(ServerCallImpl.java:212)
	at io.grpc.stub.ServerCalls$ServerCallStreamObserverImpl.onCompleted(ServerCalls.java:395)
	at com.alibaba.nacos.core.remote.grpc.GrpcConnection.closeBiStream(GrpcConnection.java:143)
	at com.alibaba.nacos.core.remote.grpc.GrpcConnection.close(GrpcConnection.java:131)
	at com.alibaba.nacos.core.remote.ConnectionManager.unregister(ConnectionManager.java:159)
	at com.alibaba.nacos.core.remote.grpc.AddressTransportFilter.transportTerminated(AddressTransportFilter.java:77)
	at io.grpc.internal.ServerImpl$ServerTransportListenerImpl.transportTerminated(ServerImpl.java:455)
	at io.grpc.netty.shaded.io.grpc.netty.NettyServerTransport.notifyTerminated(NettyServerTransport.java:207)
	at io.grpc.netty.shaded.io.grpc.netty.NettyServerTransport.access$100(NettyServerTransport.java:51)
	at io.grpc.netty.shaded.io.grpc.netty.NettyServerTransport$1TerminationNotifier.operationComplete(NettyServerTransport.java:141)
	at io.grpc.netty.shaded.io.grpc.netty.NettyServerTransport$1TerminationNotifier.operationComplete(NettyServerTransport.java:134)
	at io.grpc.netty.shaded.io.netty.util.concurrent.DefaultPromise.notifyListener0(DefaultPromise.java:578)
	at io.grpc.netty.shaded.io.netty.util.concurrent.DefaultPromise.notifyListeners0(DefaultPromise.java:571)
	at io.grpc.netty.shaded.io.netty.util.concurrent.DefaultPromise.notifyListenersNow(DefaultPromise.java:550)
	at io.grpc.netty.shaded.io.netty.util.concurrent.DefaultPromise.notifyListeners(DefaultPromise.java:491)
	at io.grpc.netty.shaded.io.netty.util.concurrent.DefaultPromise.setValue0(DefaultPromise.java:616)
	at io.grpc.netty.shaded.io.netty.util.concurrent.DefaultPromise.setSuccess0(DefaultPromise.java:605)
	at io.grpc.netty.shaded.io.netty.util.concurrent.DefaultPromise.trySuccess(DefaultPromise.java:104)
	at io.grpc.netty.shaded.io.netty.channel.DefaultChannelPromise.trySuccess(DefaultChannelPromise.java:84)
	at io.grpc.netty.shaded.io.netty.channel.AbstractChannel$CloseFuture.setClosed(AbstractChannel.java:1164)
	at io.grpc.netty.shaded.io.netty.channel.AbstractChannel$AbstractUnsafe.doClose0(AbstractChannel.java:755)
	at io.grpc.netty.shaded.io.netty.channel.AbstractChannel$AbstractUnsafe.close(AbstractChannel.java:731)
	at io.grpc.netty.shaded.io.netty.channel.AbstractChannel$AbstractUnsafe.close(AbstractChannel.java:620)
	at io.grpc.netty.shaded.io.netty.channel.epoll.AbstractEpollChannel$AbstractEpollUnsafe.shutdownInput(AbstractEpollChannel.java:522)
	at io.grpc.netty.shaded.io.netty.channel.epoll.AbstractEpollStreamChannel$EpollStreamUnsafe.epollInReady(AbstractEpollStreamChannel.java:823)
	at io.grpc.netty.shaded.io.netty.channel.epoll.EpollEventLoop.processReady(EpollEventLoop.java:487)
	at io.grpc.netty.shaded.io.netty.channel.epoll.EpollEventLoop.run(EpollEventLoop.java:385)
	at io.grpc.netty.shaded.io.netty.util.concurrent.SingleThreadEventExecutor$4.run(SingleThreadEventExecutor.java:997)
	at io.grpc.netty.shaded.io.netty.util.internal.ThreadExecutorMap$2.run(ThreadExecutorMap.java:74)
	at io.grpc.netty.shaded.io.netty.util.concurrent.FastThreadLocalRunnable.run(FastThreadLocalRunnable.java:30)
	at java.lang.Thread.run(Thread.java:750)
2024-07-28 21:43:09,647 INFO [1722173925228_172.19.0.10_53036]client disconnected,clear config listen context

2024-07-28 21:43:09,648 INFO Connection transportTerminated,connectionId = 1722173925074_172.19.0.11_51196 

2024-07-28 21:43:09,648 WARN [1722173925074_172.19.0.11_51196] connection  close exception  : {}

java.lang.IllegalStateException: call already closed
	at com.google.common.base.Preconditions.checkState(Preconditions.java:508)
	at io.grpc.internal.ServerCallImpl.closeInternal(ServerCallImpl.java:219)
	at io.grpc.internal.ServerCallImpl.close(ServerCallImpl.java:212)
	at io.grpc.stub.ServerCalls$ServerCallStreamObserverImpl.onCompleted(ServerCalls.java:395)
	at com.alibaba.nacos.core.remote.grpc.GrpcConnection.closeBiStream(GrpcConnection.java:143)
	at com.alibaba.nacos.core.remote.grpc.GrpcConnection.close(GrpcConnection.java:131)
	at com.alibaba.nacos.core.remote.ConnectionManager.unregister(ConnectionManager.java:159)
	at com.alibaba.nacos.core.remote.grpc.AddressTransportFilter.transportTerminated(AddressTransportFilter.java:77)
	at io.grpc.internal.ServerImpl$ServerTransportListenerImpl.transportTerminated(ServerImpl.java:455)
	at io.grpc.netty.shaded.io.grpc.netty.NettyServerTransport.notifyTerminated(NettyServerTransport.java:207)
	at io.grpc.netty.shaded.io.grpc.netty.NettyServerTransport.access$100(NettyServerTransport.java:51)
	at io.grpc.netty.shaded.io.grpc.netty.NettyServerTransport$1TerminationNotifier.operationComplete(NettyServerTransport.java:141)
	at io.grpc.netty.shaded.io.grpc.netty.NettyServerTransport$1TerminationNotifier.operationComplete(NettyServerTransport.java:134)
	at io.grpc.netty.shaded.io.netty.util.concurrent.DefaultPromise.notifyListener0(DefaultPromise.java:578)
	at io.grpc.netty.shaded.io.netty.util.concurrent.DefaultPromise.notifyListeners0(DefaultPromise.java:571)
	at io.grpc.netty.shaded.io.netty.util.concurrent.DefaultPromise.notifyListenersNow(DefaultPromise.java:550)
	at io.grpc.netty.shaded.io.netty.util.concurrent.DefaultPromise.notifyListeners(DefaultPromise.java:491)
	at io.grpc.netty.shaded.io.netty.util.concurrent.DefaultPromise.setValue0(DefaultPromise.java:616)
	at io.grpc.netty.shaded.io.netty.util.concurrent.DefaultPromise.setSuccess0(DefaultPromise.java:605)
	at io.grpc.netty.shaded.io.netty.util.concurrent.DefaultPromise.trySuccess(DefaultPromise.java:104)
	at io.grpc.netty.shaded.io.netty.channel.DefaultChannelPromise.trySuccess(DefaultChannelPromise.java:84)
	at io.grpc.netty.shaded.io.netty.channel.AbstractChannel$CloseFuture.setClosed(AbstractChannel.java:1164)
	at io.grpc.netty.shaded.io.netty.channel.AbstractChannel$AbstractUnsafe.doClose0(AbstractChannel.java:755)
	at io.grpc.netty.shaded.io.netty.channel.AbstractChannel$AbstractUnsafe.close(AbstractChannel.java:731)
	at io.grpc.netty.shaded.io.netty.channel.AbstractChannel$AbstractUnsafe.close(AbstractChannel.java:620)
	at io.grpc.netty.shaded.io.netty.channel.epoll.AbstractEpollChannel$AbstractEpollUnsafe.shutdownInput(AbstractEpollChannel.java:522)
	at io.grpc.netty.shaded.io.netty.channel.epoll.AbstractEpollStreamChannel$EpollStreamUnsafe.epollInReady(AbstractEpollStreamChannel.java:823)
	at io.grpc.netty.shaded.io.netty.channel.epoll.EpollEventLoop.processReady(EpollEventLoop.java:487)
	at io.grpc.netty.shaded.io.netty.channel.epoll.EpollEventLoop.run(EpollEventLoop.java:385)
	at io.grpc.netty.shaded.io.netty.util.concurrent.SingleThreadEventExecutor$4.run(SingleThreadEventExecutor.java:997)
	at io.grpc.netty.shaded.io.netty.util.internal.ThreadExecutorMap$2.run(ThreadExecutorMap.java:74)
	at io.grpc.netty.shaded.io.netty.util.concurrent.FastThreadLocalRunnable.run(FastThreadLocalRunnable.java:30)
	at java.lang.Thread.run(Thread.java:750)
2024-07-28 21:43:09,648 INFO [1722173925074_172.19.0.11_51196]client disconnected,clear config listen context

2024-07-28 21:43:09,977 INFO Connection transportTerminated,connectionId = 1722173918098_172.19.0.8_59794 

2024-07-28 21:43:09,978 WARN [1722173918098_172.19.0.8_59794] connection  close exception  : {}

java.lang.IllegalStateException: call already closed
	at com.google.common.base.Preconditions.checkState(Preconditions.java:508)
	at io.grpc.internal.ServerCallImpl.closeInternal(ServerCallImpl.java:219)
	at io.grpc.internal.ServerCallImpl.close(ServerCallImpl.java:212)
	at io.grpc.stub.ServerCalls$ServerCallStreamObserverImpl.onCompleted(ServerCalls.java:395)
	at com.alibaba.nacos.core.remote.grpc.GrpcConnection.closeBiStream(GrpcConnection.java:143)
	at com.alibaba.nacos.core.remote.grpc.GrpcConnection.close(GrpcConnection.java:131)
	at com.alibaba.nacos.core.remote.ConnectionManager.unregister(ConnectionManager.java:159)
	at com.alibaba.nacos.core.remote.grpc.AddressTransportFilter.transportTerminated(AddressTransportFilter.java:77)
	at io.grpc.internal.ServerImpl$ServerTransportListenerImpl.transportTerminated(ServerImpl.java:455)
	at io.grpc.netty.shaded.io.grpc.netty.NettyServerTransport.notifyTerminated(NettyServerTransport.java:207)
	at io.grpc.netty.shaded.io.grpc.netty.NettyServerTransport.access$100(NettyServerTransport.java:51)
	at io.grpc.netty.shaded.io.grpc.netty.NettyServerTransport$1TerminationNotifier.operationComplete(NettyServerTransport.java:141)
	at io.grpc.netty.shaded.io.grpc.netty.NettyServerTransport$1TerminationNotifier.operationComplete(NettyServerTransport.java:134)
	at io.grpc.netty.shaded.io.netty.util.concurrent.DefaultPromise.notifyListener0(DefaultPromise.java:578)
	at io.grpc.netty.shaded.io.netty.util.concurrent.DefaultPromise.notifyListeners0(DefaultPromise.java:571)
	at io.grpc.netty.shaded.io.netty.util.concurrent.DefaultPromise.notifyListenersNow(DefaultPromise.java:550)
	at io.grpc.netty.shaded.io.netty.util.concurrent.DefaultPromise.notifyListeners(DefaultPromise.java:491)
	at io.grpc.netty.shaded.io.netty.util.concurrent.DefaultPromise.setValue0(DefaultPromise.java:616)
	at io.grpc.netty.shaded.io.netty.util.concurrent.DefaultPromise.setSuccess0(DefaultPromise.java:605)
	at io.grpc.netty.shaded.io.netty.util.concurrent.DefaultPromise.trySuccess(DefaultPromise.java:104)
	at io.grpc.netty.shaded.io.netty.channel.DefaultChannelPromise.trySuccess(DefaultChannelPromise.java:84)
	at io.grpc.netty.shaded.io.netty.channel.AbstractChannel$CloseFuture.setClosed(AbstractChannel.java:1164)
	at io.grpc.netty.shaded.io.netty.channel.AbstractChannel$AbstractUnsafe.doClose0(AbstractChannel.java:755)
	at io.grpc.netty.shaded.io.netty.channel.AbstractChannel$AbstractUnsafe.close(AbstractChannel.java:731)
	at io.grpc.netty.shaded.io.netty.channel.AbstractChannel$AbstractUnsafe.close(AbstractChannel.java:620)
	at io.grpc.netty.shaded.io.netty.channel.epoll.AbstractEpollChannel$AbstractEpollUnsafe.shutdownInput(AbstractEpollChannel.java:522)
	at io.grpc.netty.shaded.io.netty.channel.epoll.AbstractEpollStreamChannel$EpollStreamUnsafe.epollInReady(AbstractEpollStreamChannel.java:823)
	at io.grpc.netty.shaded.io.netty.channel.epoll.EpollEventLoop.processReady(EpollEventLoop.java:487)
	at io.grpc.netty.shaded.io.netty.channel.epoll.EpollEventLoop.run(EpollEventLoop.java:385)
	at io.grpc.netty.shaded.io.netty.util.concurrent.SingleThreadEventExecutor$4.run(SingleThreadEventExecutor.java:997)
	at io.grpc.netty.shaded.io.netty.util.internal.ThreadExecutorMap$2.run(ThreadExecutorMap.java:74)
	at io.grpc.netty.shaded.io.netty.util.concurrent.FastThreadLocalRunnable.run(FastThreadLocalRunnable.java:30)
	at java.lang.Thread.run(Thread.java:750)
2024-07-28 21:43:09,978 INFO [1722173918098_172.19.0.8_59794]client disconnected,clear config listen context

