2024-07-28 20:30:35,458 INFO [ClientConnectionEventListenerRegistry] registry listener - ConnectionBasedClientManager

2024-07-28 20:30:35,928 INFO [ClientConnectionEventListenerRegistry] registry listener - ConfigConnectionEventListener

2024-07-28 20:30:35,948 INFO [ClientConnectionEventListenerRegistry] registry listener - RpcAckCallbackInitorOrCleaner

2024-07-28 20:30:35,978 INFO Nacos GrpcSdkServer Rpc server starting at port 9848 and tls config:{"sslProvider":"OPENSSL","enableTls":false,"mutualAuthEnable":false,"trustAll":false,"compatibility":true}

2024-07-28 20:30:36,122 WARN Recommended use 'nacos.remote.server.grpc.sdk.max-inbound-message-size' property instead 'nacos.remote.server.grpc.maxinbound.message.size', now property value is 10485760

2024-07-28 20:30:36,195 INFO Nacos GrpcSdkServer Rpc server started at port 9848 and tls config:{"sslProvider":"OPENSSL","enableTls":false,"mutualAuthEnable":false,"trustAll":false,"compatibility":true}

2024-07-28 20:30:36,196 INFO Nacos GrpcClusterServer Rpc server starting at port 9849 and tls config:{"sslProvider":"OPENSSL","enableTls":false,"mutualAuthEnable":false,"trustAll":false,"compatibility":true}

2024-07-28 20:30:36,196 WARN Recommended use 'nacos.remote.server.grpc.cluster.max-inbound-message-size' property instead 'nacos.remote.server.grpc.maxinbound.message.size', now property value is 10485760

2024-07-28 20:30:36,197 INFO Nacos GrpcClusterServer Rpc server started at port 9849 and tls config:{"sslProvider":"OPENSSL","enableTls":false,"mutualAuthEnable":false,"trustAll":false,"compatibility":true}

2024-07-28 20:36:54,736 INFO Nacos GrpcSdkServer Rpc server stopping

2024-07-28 20:36:54,736 INFO Nacos GrpcClusterServer Rpc server stopping

2024-07-28 20:36:54,739 INFO Nacos GrpcClusterServer Rpc server stopped successfully...

2024-07-28 20:36:54,739 INFO Nacos GrpcSdkServer Rpc server stopped successfully...

2024-07-28 20:40:18,914 INFO [ClientConnectionEventListenerRegistry] registry listener - ConnectionBasedClientManager

2024-07-28 20:41:45,732 INFO [ClientConnectionEventListenerRegistry] registry listener - ConnectionBasedClientManager

2024-07-28 20:41:46,148 INFO [ClientConnectionEventListenerRegistry] registry listener - ConfigConnectionEventListener

2024-07-28 20:41:46,173 INFO [ClientConnectionEventListenerRegistry] registry listener - RpcAckCallbackInitorOrCleaner

2024-07-28 20:41:46,210 INFO Nacos GrpcSdkServer Rpc server starting at port 9848 and tls config:{"sslProvider":"OPENSSL","enableTls":false,"mutualAuthEnable":false,"trustAll":false,"compatibility":true}

2024-07-28 20:41:46,303 WARN Recommended use 'nacos.remote.server.grpc.sdk.max-inbound-message-size' property instead 'nacos.remote.server.grpc.maxinbound.message.size', now property value is 10485760

2024-07-28 20:41:46,371 INFO Nacos GrpcSdkServer Rpc server started at port 9848 and tls config:{"sslProvider":"OPENSSL","enableTls":false,"mutualAuthEnable":false,"trustAll":false,"compatibility":true}

2024-07-28 20:41:46,372 INFO Nacos GrpcClusterServer Rpc server starting at port 9849 and tls config:{"sslProvider":"OPENSSL","enableTls":false,"mutualAuthEnable":false,"trustAll":false,"compatibility":true}

2024-07-28 20:41:46,372 WARN Recommended use 'nacos.remote.server.grpc.cluster.max-inbound-message-size' property instead 'nacos.remote.server.grpc.maxinbound.message.size', now property value is 10485760

2024-07-28 20:41:46,373 INFO Nacos GrpcClusterServer Rpc server started at port 9849 and tls config:{"sslProvider":"OPENSSL","enableTls":false,"mutualAuthEnable":false,"trustAll":false,"compatibility":true}

2024-07-28 21:00:33,395 INFO Nacos GrpcSdkServer Rpc server stopping

2024-07-28 21:00:33,395 INFO Nacos GrpcClusterServer Rpc server stopping

2024-07-28 21:00:33,416 INFO Nacos GrpcClusterServer Rpc server stopped successfully...

2024-07-28 21:00:33,416 INFO Nacos GrpcSdkServer Rpc server stopped successfully...

2024-07-28 21:01:34,484 INFO [ClientConnectionEventListenerRegistry] registry listener - ConnectionBasedClientManager

2024-07-28 21:06:03,299 INFO [ClientConnectionEventListenerRegistry] registry listener - ConnectionBasedClientManager

2024-07-28 21:06:03,763 INFO [ClientConnectionEventListenerRegistry] registry listener - ConfigConnectionEventListener

2024-07-28 21:06:03,780 INFO [ClientConnectionEventListenerRegistry] registry listener - RpcAckCallbackInitorOrCleaner

2024-07-28 21:06:03,817 INFO Nacos GrpcSdkServer Rpc server starting at port 9848 and tls config:{"sslProvider":"OPENSSL","enableTls":false,"mutualAuthEnable":false,"trustAll":false,"compatibility":true}

2024-07-28 21:06:03,966 WARN Recommended use 'nacos.remote.server.grpc.sdk.max-inbound-message-size' property instead 'nacos.remote.server.grpc.maxinbound.message.size', now property value is 10485760

2024-07-28 21:06:04,044 INFO Nacos GrpcSdkServer Rpc server started at port 9848 and tls config:{"sslProvider":"OPENSSL","enableTls":false,"mutualAuthEnable":false,"trustAll":false,"compatibility":true}

2024-07-28 21:06:04,045 INFO Nacos GrpcClusterServer Rpc server starting at port 9849 and tls config:{"sslProvider":"OPENSSL","enableTls":false,"mutualAuthEnable":false,"trustAll":false,"compatibility":true}

2024-07-28 21:06:04,046 WARN Recommended use 'nacos.remote.server.grpc.cluster.max-inbound-message-size' property instead 'nacos.remote.server.grpc.maxinbound.message.size', now property value is 10485760

2024-07-28 21:06:04,046 INFO Nacos GrpcClusterServer Rpc server started at port 9849 and tls config:{"sslProvider":"OPENSSL","enableTls":false,"mutualAuthEnable":false,"trustAll":false,"compatibility":true}

2024-07-28 21:18:39,920 INFO Nacos GrpcClusterServer Rpc server stopping

2024-07-28 21:18:39,920 INFO Nacos GrpcSdkServer Rpc server stopping

2024-07-28 21:18:39,930 INFO Nacos GrpcSdkServer Rpc server stopped successfully...

2024-07-28 21:18:39,930 INFO Nacos GrpcClusterServer Rpc server stopped successfully...

2024-07-28 21:20:16,415 INFO [ClientConnectionEventListenerRegistry] registry listener - ConnectionBasedClientManager

2024-07-28 21:20:18,295 INFO [ClientConnectionEventListenerRegistry] registry listener - ConfigConnectionEventListener

2024-07-28 21:20:18,471 INFO [ClientConnectionEventListenerRegistry] registry listener - RpcAckCallbackInitorOrCleaner

2024-07-28 21:20:18,805 INFO Nacos GrpcSdkServer Rpc server starting at port 9848 and tls config:{"sslProvider":"OPENSSL","enableTls":false,"mutualAuthEnable":false,"trustAll":false,"compatibility":true}

2024-07-28 21:20:19,453 WARN Recommended use 'nacos.remote.server.grpc.sdk.max-inbound-message-size' property instead 'nacos.remote.server.grpc.maxinbound.message.size', now property value is 10485760

2024-07-28 21:20:19,696 INFO Nacos GrpcSdkServer Rpc server started at port 9848 and tls config:{"sslProvider":"OPENSSL","enableTls":false,"mutualAuthEnable":false,"trustAll":false,"compatibility":true}

2024-07-28 21:20:19,702 INFO Nacos GrpcClusterServer Rpc server starting at port 9849 and tls config:{"sslProvider":"OPENSSL","enableTls":false,"mutualAuthEnable":false,"trustAll":false,"compatibility":true}

2024-07-28 21:20:19,703 WARN Recommended use 'nacos.remote.server.grpc.cluster.max-inbound-message-size' property instead 'nacos.remote.server.grpc.maxinbound.message.size', now property value is 10485760

2024-07-28 21:20:19,706 INFO Nacos GrpcClusterServer Rpc server started at port 9849 and tls config:{"sslProvider":"OPENSSL","enableTls":false,"mutualAuthEnable":false,"trustAll":false,"compatibility":true}

2024-07-28 21:21:45,214 INFO Nacos GrpcClusterServer Rpc server stopping

2024-07-28 21:21:45,214 INFO Nacos GrpcSdkServer Rpc server stopping

2024-07-28 21:21:45,222 INFO Nacos GrpcSdkServer Rpc server stopped successfully...

2024-07-28 21:21:45,222 INFO Nacos GrpcClusterServer Rpc server stopped successfully...

2024-07-28 21:29:28,308 INFO [ClientConnectionEventListenerRegistry] registry listener - ConnectionBasedClientManager

2024-07-28 21:30:18,292 INFO [ClientConnectionEventListenerRegistry] registry listener - ConnectionBasedClientManager

2024-07-28 21:30:18,742 INFO [ClientConnectionEventListenerRegistry] registry listener - ConfigConnectionEventListener

2024-07-28 21:30:18,761 INFO [ClientConnectionEventListenerRegistry] registry listener - RpcAckCallbackInitorOrCleaner

2024-07-28 21:30:18,789 INFO Nacos GrpcSdkServer Rpc server starting at port 9848 and tls config:{"sslProvider":"OPENSSL","enableTls":false,"mutualAuthEnable":false,"trustAll":false,"compatibility":true}

2024-07-28 21:30:18,877 WARN Recommended use 'nacos.remote.server.grpc.sdk.max-inbound-message-size' property instead 'nacos.remote.server.grpc.maxinbound.message.size', now property value is 10485760

2024-07-28 21:30:18,951 INFO Nacos GrpcSdkServer Rpc server started at port 9848 and tls config:{"sslProvider":"OPENSSL","enableTls":false,"mutualAuthEnable":false,"trustAll":false,"compatibility":true}

2024-07-28 21:30:18,952 INFO Nacos GrpcClusterServer Rpc server starting at port 9849 and tls config:{"sslProvider":"OPENSSL","enableTls":false,"mutualAuthEnable":false,"trustAll":false,"compatibility":true}

2024-07-28 21:30:18,952 WARN Recommended use 'nacos.remote.server.grpc.cluster.max-inbound-message-size' property instead 'nacos.remote.server.grpc.maxinbound.message.size', now property value is 10485760

2024-07-28 21:30:18,953 INFO Nacos GrpcClusterServer Rpc server started at port 9849 and tls config:{"sslProvider":"OPENSSL","enableTls":false,"mutualAuthEnable":false,"trustAll":false,"compatibility":true}

2024-07-28 21:31:50,876 INFO Nacos GrpcClusterServer Rpc server stopping

2024-07-28 21:31:50,876 INFO Nacos GrpcSdkServer Rpc server stopping

2024-07-28 21:31:50,881 INFO Nacos GrpcClusterServer Rpc server stopped successfully...

2024-07-28 21:31:50,881 INFO Nacos GrpcSdkServer Rpc server stopped successfully...

2024-07-28 21:38:24,737 INFO [ClientConnectionEventListenerRegistry] registry listener - ConnectionBasedClientManager

2024-07-28 21:38:25,145 INFO [ClientConnectionEventListenerRegistry] registry listener - ConfigConnectionEventListener

2024-07-28 21:38:25,163 INFO [ClientConnectionEventListenerRegistry] registry listener - RpcAckCallbackInitorOrCleaner

2024-07-28 21:38:25,191 INFO Nacos GrpcSdkServer Rpc server starting at port 9848 and tls config:{"sslProvider":"OPENSSL","enableTls":false,"mutualAuthEnable":false,"trustAll":false,"compatibility":true}

2024-07-28 21:38:25,279 WARN Recommended use 'nacos.remote.server.grpc.sdk.max-inbound-message-size' property instead 'nacos.remote.server.grpc.maxinbound.message.size', now property value is 10485760

2024-07-28 21:38:25,359 INFO Nacos GrpcSdkServer Rpc server started at port 9848 and tls config:{"sslProvider":"OPENSSL","enableTls":false,"mutualAuthEnable":false,"trustAll":false,"compatibility":true}

2024-07-28 21:38:25,360 INFO Nacos GrpcClusterServer Rpc server starting at port 9849 and tls config:{"sslProvider":"OPENSSL","enableTls":false,"mutualAuthEnable":false,"trustAll":false,"compatibility":true}

2024-07-28 21:38:25,360 WARN Recommended use 'nacos.remote.server.grpc.cluster.max-inbound-message-size' property instead 'nacos.remote.server.grpc.maxinbound.message.size', now property value is 10485760

2024-07-28 21:38:25,361 INFO Nacos GrpcClusterServer Rpc server started at port 9849 and tls config:{"sslProvider":"OPENSSL","enableTls":false,"mutualAuthEnable":false,"trustAll":false,"compatibility":true}

2024-07-28 21:43:12,176 INFO Nacos GrpcSdkServer Rpc server stopping

2024-07-28 21:43:12,177 INFO Nacos GrpcClusterServer Rpc server stopping

2024-07-28 21:43:12,188 INFO Nacos GrpcSdkServer Rpc server stopped successfully...

2024-07-28 21:43:12,188 INFO Nacos GrpcClusterServer Rpc server stopped successfully...

